2024-07-05T10:12:00.912+08:00  INFO 35896 --- [gateway] [main] c.alibaba.nacos.client.utils.ParamUtil   : [settings] [req-serv] nacos-server port:8848
2024-07-05T10:12:00.922+08:00  INFO 35896 --- [gateway] [main] c.alibaba.nacos.client.utils.ParamUtil   : [settings] [http-client] connect timeout:1000
2024-07-05T10:12:00.925+08:00  INFO 35896 --- [gateway] [main] c.alibaba.nacos.client.utils.ParamUtil   : PER_TASK_CONFIG_SIZE: 3000.0
2024-07-05T10:12:00.965+08:00  INFO 35896 --- [gateway] [main] com.alibaba.nacos.common.labels          : DefaultLabelsCollectorManager get labels.....
2024-07-05T10:12:00.965+08:00  INFO 35896 --- [gateway] [main] com.alibaba.nacos.common.labels          : Process LabelsCollector with [name:defaultNacosLabelsCollector]
2024-07-05T10:12:00.966+08:00  INFO 35896 --- [gateway] [main] com.alibaba.nacos.common.labels          : default nacos collect properties raw labels: null
2024-07-05T10:12:00.968+08:00  INFO 35896 --- [gateway] [main] com.alibaba.nacos.common.labels          : default nacos collect properties labels: {}
2024-07-05T10:12:00.968+08:00  INFO 35896 --- [gateway] [main] com.alibaba.nacos.common.labels          : default nacos collect jvm raw labels: null
2024-07-05T10:12:00.968+08:00  INFO 35896 --- [gateway] [main] com.alibaba.nacos.common.labels          : default nacos collect jvm labels: {}
2024-07-05T10:12:00.968+08:00  INFO 35896 --- [gateway] [main] com.alibaba.nacos.common.labels          : default nacos collect env raw labels: null
2024-07-05T10:12:00.968+08:00  INFO 35896 --- [gateway] [main] com.alibaba.nacos.common.labels          : default nacos collect env labels: {}
2024-07-05T10:12:00.969+08:00  INFO 35896 --- [gateway] [main] com.alibaba.nacos.common.labels          : DefaultLabelsCollectorManager get labels finished,labels :{}
2024-07-05T10:12:00.978+08:00  INFO 35896 --- [gateway] [main] c.a.n.p.a.s.c.ClientAuthPluginManager    : [ClientAuthPluginManager] Load ClientAuthService com.alibaba.nacos.client.auth.impl.NacosClientAuthServiceImpl success.
2024-07-05T10:12:00.979+08:00  INFO 35896 --- [gateway] [main] c.a.n.p.a.s.c.ClientAuthPluginManager    : [ClientAuthPluginManager] Load ClientAuthService com.alibaba.nacos.client.auth.ram.RamClientAuthServiceImpl success.
2024-07-05T10:12:00.987+08:00  INFO 35896 --- [gateway] [main] c.a.n.c.a.r.identify.CredentialWatcher   : null No credential found
2024-07-05T10:12:01.185+08:00  INFO 35896 --- [gateway] [main] c.a.n.c.c.impl.LocalConfigInfoProcessor  : LOCAL_SNAPSHOT_PATH:C:\Users\liang\nacos\config
2024-07-05T10:12:01.190+08:00  INFO 35896 --- [gateway] [main] com.alibaba.nacos.common.remote.client   : [RpcClientFactory] create a new rpc client of a9c90b37-d663-44ea-8e9b-20b58431f2a7_config-0
2024-07-05T10:12:01.211+08:00  INFO 35896 --- [gateway] [main] com.alibaba.nacos.common.remote.client   : [a9c90b37-d663-44ea-8e9b-20b58431f2a7_config-0] Register server push request handler:com.alibaba.nacos.client.config.impl.ClientWorker$ConfigRpcTransportClient$$Lambda/0x0000020a01355e08
2024-07-05T10:12:01.212+08:00  INFO 35896 --- [gateway] [main] com.alibaba.nacos.common.remote.client   : [a9c90b37-d663-44ea-8e9b-20b58431f2a7_config-0] Register server push request handler:com.alibaba.nacos.client.config.impl.ClientWorker$ConfigRpcTransportClient$$Lambda/0x0000020a01356228
2024-07-05T10:12:01.212+08:00  INFO 35896 --- [gateway] [main] com.alibaba.nacos.common.remote.client   : [a9c90b37-d663-44ea-8e9b-20b58431f2a7_config-0] Registry connection listener to current client:com.alibaba.nacos.client.config.impl.ClientWorker$ConfigRpcTransportClient$1
2024-07-05T10:12:01.213+08:00  INFO 35896 --- [gateway] [main] com.alibaba.nacos.common.remote.client   : [a9c90b37-d663-44ea-8e9b-20b58431f2a7_config-0] RpcClient init, ServerListFactory = com.alibaba.nacos.client.config.impl.ClientWorker$ConfigRpcTransportClient$2
2024-07-05T10:12:01.220+08:00  INFO 35896 --- [gateway] [main] com.alibaba.nacos.common.remote.client   : [a9c90b37-d663-44ea-8e9b-20b58431f2a7_config-0] Try to connect to server on start up, server: {serverIp = '127.0.0.1', server main port = 8848}
2024-07-05T10:12:01.260+08:00  INFO 35896 --- [gateway] [main] c.a.n.c.remote.client.grpc.GrpcClient    : grpc client connection server:127.0.0.1 ip,serverPort:9848,grpcTslConfig:{"sslProvider":"","enableTls":false,"mutualAuthEnable":false,"trustAll":false}
2024-07-05T10:12:01.892+08:00  INFO 35896 --- [gateway] [main] c.a.n.c.a.AbstractAbilityControlManager  : Ready to get current node abilities...
2024-07-05T10:12:01.893+08:00  INFO 35896 --- [gateway] [main] c.a.n.c.a.AbstractAbilityControlManager  : Ready to initialize current node abilities, support modes: [SDK_CLIENT]
2024-07-05T10:12:01.894+08:00  INFO 35896 --- [gateway] [main] c.a.n.c.a.AbstractAbilityControlManager  : Initialize current abilities finish...
2024-07-05T10:12:01.895+08:00  INFO 35896 --- [gateway] [main] c.a.n.c.a.d.NacosAbilityManagerHolder    : [AbilityControlManager] Successfully initialize AbilityControlManager
2024-07-05T10:12:01.966+08:00  INFO 35896 --- [gateway] [main] com.alibaba.nacos.common.remote.client   : [a9c90b37-d663-44ea-8e9b-20b58431f2a7_config-0] Success to connect to server [127.0.0.1:8848] on start up, connectionId = 1720145521797_127.0.0.1_55958
2024-07-05T10:12:01.968+08:00  INFO 35896 --- [gateway] [com.alibaba.nacos.client.remote.worker.0] com.alibaba.nacos.common.remote.client   : [a9c90b37-d663-44ea-8e9b-20b58431f2a7_config-0] Notify connected event to listeners.
2024-07-05T10:12:01.968+08:00  INFO 35896 --- [gateway] [com.alibaba.nacos.client.remote.worker.0] c.a.n.client.config.impl.ClientWorker    : [a9c90b37-d663-44ea-8e9b-20b58431f2a7_config-0] Connected,notify listen context...
2024-07-05T10:12:01.968+08:00  INFO 35896 --- [gateway] [main] com.alibaba.nacos.common.remote.client   : [a9c90b37-d663-44ea-8e9b-20b58431f2a7_config-0] Register server push request handler:com.alibaba.nacos.common.remote.client.RpcClient$ConnectResetRequestHandler
2024-07-05T10:12:01.969+08:00  INFO 35896 --- [gateway] [main] com.alibaba.nacos.common.remote.client   : [a9c90b37-d663-44ea-8e9b-20b58431f2a7_config-0] Register server push request handler:com.alibaba.nacos.common.remote.client.RpcClient$$Lambda/0x0000020a014bb5d8
2024-07-05T10:12:02.036+08:00  INFO 35896 --- [gateway] [main] c.a.nacos.client.config.impl.Limiter     : limitTime:5.0
2024-07-05T10:12:02.114+08:00  WARN 35896 --- [gateway] [main] c.a.c.n.c.NacosPropertySourceBuilder     : Ignore the empty nacos configuration and get it based on dataId[gateway] & group[DEFAULT_GROUP]
2024-07-05T10:12:02.126+08:00  WARN 35896 --- [gateway] [main] c.a.c.n.c.NacosPropertySourceBuilder     : Ignore the empty nacos configuration and get it based on dataId[gateway.properties] & group[DEFAULT_GROUP]
2024-07-05T10:12:02.128+08:00  INFO 35896 --- [gateway] [main] b.c.PropertySourceBootstrapConfiguration : Located property source: [BootstrapPropertySource {name='bootstrapProperties-gateway.properties,DEFAULT_GROUP'}, BootstrapPropertySource {name='bootstrapProperties-gateway,DEFAULT_GROUP'}]
2024-07-05T10:12:02.158+08:00  INFO 35896 --- [gateway] [main] org.example.gateway.GatewayApplication   : No active profile set, falling back to 1 default profile: "default"
2024-07-05T10:12:03.195+08:00  INFO 35896 --- [gateway] [main] o.s.cloud.context.scope.GenericScope     : BeanFactory id=70f405b1-0044-3d16-b34d-5c313d800022
2024-07-05T10:12:03.253+08:00  WARN 35896 --- [gateway] [main] trationDelegate$BeanPostProcessorChecker : Bean 'org.springframework.cloud.client.loadbalancer.LoadBalancerAutoConfiguration$DeferringLoadBalancerInterceptorConfig' of type [org.springframework.cloud.client.loadbalancer.LoadBalancerAutoConfiguration$DeferringLoadBalancerInterceptorConfig] is not eligible for getting processed by all BeanPostProcessors (for example: not eligible for auto-proxying). The currently created BeanPostProcessor [lbRestClientPostProcessor] is declared through a non-static factory method on that class; consider declaring it as static instead.
2024-07-05T10:12:03.255+08:00  WARN 35896 --- [gateway] [main] trationDelegate$BeanPostProcessorChecker : Bean 'deferringLoadBalancerInterceptor' of type [org.springframework.cloud.client.loadbalancer.DeferringLoadBalancerInterceptor] is not eligible for getting processed by all BeanPostProcessors (for example: not eligible for auto-proxying). Is this bean getting eagerly injected into a currently created BeanPostProcessor [lbRestClientPostProcessor]? Check the corresponding BeanPostProcessor declaration and its dependencies.
2024-07-05T10:12:03.257+08:00  WARN 35896 --- [gateway] [main] trationDelegate$BeanPostProcessorChecker : Bean 'org.springframework.cloud.client.loadbalancer.reactive.LoadBalancerBeanPostProcessorAutoConfiguration' of type [org.springframework.cloud.client.loadbalancer.reactive.LoadBalancerBeanPostProcessorAutoConfiguration] is not eligible for getting processed by all BeanPostProcessors (for example: not eligible for auto-proxying). The currently created BeanPostProcessor [loadBalancerWebClientBuilderBeanPostProcessor] is declared through a non-static factory method on that class; consider declaring it as static instead.
2024-07-05T10:12:03.258+08:00  WARN 35896 --- [gateway] [main] trationDelegate$BeanPostProcessorChecker : Bean 'org.springframework.cloud.client.loadbalancer.reactive.LoadBalancerBeanPostProcessorAutoConfiguration$ReactorDeferringLoadBalancerFilterConfig' of type [org.springframework.cloud.client.loadbalancer.reactive.LoadBalancerBeanPostProcessorAutoConfiguration$ReactorDeferringLoadBalancerFilterConfig] is not eligible for getting processed by all BeanPostProcessors (for example: not eligible for auto-proxying). Is this bean getting eagerly injected into a currently created BeanPostProcessor [loadBalancerWebClientBuilderBeanPostProcessor]? Check the corresponding BeanPostProcessor declaration and its dependencies.
2024-07-05T10:12:03.259+08:00  WARN 35896 --- [gateway] [main] trationDelegate$BeanPostProcessorChecker : Bean 'reactorDeferringLoadBalancerExchangeFilterFunction' of type [org.springframework.cloud.client.loadbalancer.reactive.DeferringLoadBalancerExchangeFilterFunction] is not eligible for getting processed by all BeanPostProcessors (for example: not eligible for auto-proxying). Is this bean getting eagerly injected into a currently created BeanPostProcessor [loadBalancerWebClientBuilderBeanPostProcessor]? Check the corresponding BeanPostProcessor declaration and its dependencies.
2024-07-05T10:12:03.598+08:00  INFO 35896 --- [gateway] [main] ctiveUserDetailsServiceAutoConfiguration : 

Using generated security password: faed8e81-0077-4d62-9167-cbbe9372a1b6

2024-07-05T10:12:04.113+08:00 DEBUG 35896 --- [gateway] [main] o.s.c.gateway.config.GatewayProperties   : Routes supplied from Gateway Properties: [RouteDefinition{id='user-service', predicates=[PredicateDefinition{name='Path', args={_genkey_0=/user/**}}], filters=[FilterDefinition{name='StripPrefix', args={_genkey_0=1}}], uri=lb://user-service, order=0, metadata={}}, RouteDefinition{id='message-service', predicates=[PredicateDefinition{name='Path', args={_genkey_0=/message/**}}], filters=[FilterDefinition{name='StripPrefix', args={_genkey_0=1}}], uri=lb://message-service, order=0, metadata={}}, RouteDefinition{id='recordvideo-service', predicates=[PredicateDefinition{name='Path', args={_genkey_0=/recordvideo/**}}], filters=[FilterDefinition{name='StripPrefix', args={_genkey_0=1}}], uri=lb://recordvideo-service, order=0, metadata={}}, RouteDefinition{id='livevideo-service', predicates=[PredicateDefinition{name='Path', args={_genkey_0=/livevideo/**}}], filters=[FilterDefinition{name='StripPrefix', args={_genkey_0=1}}], uri=lb://livevideo-service, order=0, metadata={}}, RouteDefinition{id='recommend-service', predicates=[PredicateDefinition{name='Path', args={_genkey_0=/recommend/**}}], filters=[FilterDefinition{name='StripPrefix', args={_genkey_0=1}}], uri=lb://recommend-service, order=0, metadata={}}, RouteDefinition{id='user-service', predicates=[PredicateDefinition{name='Path', args={_genkey_0=/internal/user/**}}], filters=[FilterDefinition{name='StripPrefix', args={_genkey_0=2}}], uri=lb://user-service, order=0, metadata={}}, RouteDefinition{id='message-service', predicates=[PredicateDefinition{name='Path', args={_genkey_0=/internal/message/**}}], filters=[FilterDefinition{name='StripPrefix', args={_genkey_0=2}}], uri=lb://message-service, order=0, metadata={}}, RouteDefinition{id='recordvideo-service', predicates=[PredicateDefinition{name='Path', args={_genkey_0=/internal/recordvideo/**}}], filters=[FilterDefinition{name='StripPrefix', args={_genkey_0=2}}], uri=lb://recordvideo-service, order=0, metadata={}}, RouteDefinition{id='livevideo-service', predicates=[PredicateDefinition{name='Path', args={_genkey_0=/internal/livevideo/**}}], filters=[FilterDefinition{name='StripPrefix', args={_genkey_0=2}}], uri=lb://livevideo-service, order=0, metadata={}}, RouteDefinition{id='recommend-service', predicates=[PredicateDefinition{name='Path', args={_genkey_0=/internal/recommend/**}}], filters=[FilterDefinition{name='StripPrefix', args={_genkey_0=2}}], uri=lb://recommend-service, order=0, metadata={}}]
2024-07-05T10:12:04.187+08:00  INFO 35896 --- [gateway] [main] o.s.c.g.r.RouteDefinitionRouteLocator    : Loaded RoutePredicateFactory [After]
2024-07-05T10:12:04.187+08:00  INFO 35896 --- [gateway] [main] o.s.c.g.r.RouteDefinitionRouteLocator    : Loaded RoutePredicateFactory [Before]
2024-07-05T10:12:04.187+08:00  INFO 35896 --- [gateway] [main] o.s.c.g.r.RouteDefinitionRouteLocator    : Loaded RoutePredicateFactory [Between]
2024-07-05T10:12:04.187+08:00  INFO 35896 --- [gateway] [main] o.s.c.g.r.RouteDefinitionRouteLocator    : Loaded RoutePredicateFactory [Cookie]
2024-07-05T10:12:04.187+08:00  INFO 35896 --- [gateway] [main] o.s.c.g.r.RouteDefinitionRouteLocator    : Loaded RoutePredicateFactory [Header]
2024-07-05T10:12:04.187+08:00  INFO 35896 --- [gateway] [main] o.s.c.g.r.RouteDefinitionRouteLocator    : Loaded RoutePredicateFactory [Host]
2024-07-05T10:12:04.187+08:00  INFO 35896 --- [gateway] [main] o.s.c.g.r.RouteDefinitionRouteLocator    : Loaded RoutePredicateFactory [Method]
2024-07-05T10:12:04.187+08:00  INFO 35896 --- [gateway] [main] o.s.c.g.r.RouteDefinitionRouteLocator    : Loaded RoutePredicateFactory [Path]
2024-07-05T10:12:04.187+08:00  INFO 35896 --- [gateway] [main] o.s.c.g.r.RouteDefinitionRouteLocator    : Loaded RoutePredicateFactory [Query]
2024-07-05T10:12:04.187+08:00  INFO 35896 --- [gateway] [main] o.s.c.g.r.RouteDefinitionRouteLocator    : Loaded RoutePredicateFactory [ReadBody]
2024-07-05T10:12:04.187+08:00  INFO 35896 --- [gateway] [main] o.s.c.g.r.RouteDefinitionRouteLocator    : Loaded RoutePredicateFactory [RemoteAddr]
2024-07-05T10:12:04.187+08:00  INFO 35896 --- [gateway] [main] o.s.c.g.r.RouteDefinitionRouteLocator    : Loaded RoutePredicateFactory [XForwardedRemoteAddr]
2024-07-05T10:12:04.188+08:00  INFO 35896 --- [gateway] [main] o.s.c.g.r.RouteDefinitionRouteLocator    : Loaded RoutePredicateFactory [Weight]
2024-07-05T10:12:04.188+08:00  INFO 35896 --- [gateway] [main] o.s.c.g.r.RouteDefinitionRouteLocator    : Loaded RoutePredicateFactory [CloudFoundryRouteService]
2024-07-05T10:12:04.420+08:00  WARN 35896 --- [gateway] [main] iguration$LoadBalancerCaffeineWarnLogger : Spring Cloud LoadBalancer is currently working with the default cache. While this cache implementation is useful for development and tests, it's recommended to use Caffeine cache in production.You can switch to using Caffeine cache, by adding it and org.springframework.cache.caffeine.CaffeineCacheManager to the classpath.
2024-07-05T10:12:04.598+08:00  INFO 35896 --- [gateway] [main] o.s.b.web.embedded.netty.NettyWebServer  : Netty started on port 9999 (http)
2024-07-05T10:12:04.609+08:00  INFO 35896 --- [gateway] [main] com.alibaba.nacos.client.naming          : initializer namespace from ans.namespace attribute : null
2024-07-05T10:12:04.609+08:00  INFO 35896 --- [gateway] [main] com.alibaba.nacos.client.naming          : initializer namespace from ALIBABA_ALIWARE_NAMESPACE attribute :null
2024-07-05T10:12:04.609+08:00  INFO 35896 --- [gateway] [main] com.alibaba.nacos.client.naming          : initializer namespace from namespace attribute :null
2024-07-05T10:12:04.618+08:00  INFO 35896 --- [gateway] [main] com.alibaba.nacos.client.naming          : FailoverDataSource type is class com.alibaba.nacos.client.naming.backups.datasource.DiskFailoverDataSource
2024-07-05T10:12:04.621+08:00  INFO 35896 --- [gateway] [main] c.a.n.p.a.s.c.ClientAuthPluginManager    : [ClientAuthPluginManager] Load ClientAuthService com.alibaba.nacos.client.auth.impl.NacosClientAuthServiceImpl success.
2024-07-05T10:12:04.622+08:00  INFO 35896 --- [gateway] [main] c.a.n.p.a.s.c.ClientAuthPluginManager    : [ClientAuthPluginManager] Load ClientAuthService com.alibaba.nacos.client.auth.ram.RamClientAuthServiceImpl success.
2024-07-05T10:12:04.626+08:00  INFO 35896 --- [gateway] [main] com.alibaba.nacos.common.remote.client   : [RpcClientFactory] create a new rpc client of aa60ee5c-ad78-4b4b-8004-4fa077ac3822
2024-07-05T10:12:04.629+08:00  INFO 35896 --- [gateway] [main] com.alibaba.nacos.client.naming          : Create naming rpc client for uuid->aa60ee5c-ad78-4b4b-8004-4fa077ac3822
2024-07-05T10:12:04.630+08:00  INFO 35896 --- [gateway] [main] com.alibaba.nacos.common.remote.client   : [aa60ee5c-ad78-4b4b-8004-4fa077ac3822] RpcClient init, ServerListFactory = com.alibaba.nacos.client.naming.core.ServerListManager
2024-07-05T10:12:04.630+08:00  INFO 35896 --- [gateway] [main] com.alibaba.nacos.common.remote.client   : [aa60ee5c-ad78-4b4b-8004-4fa077ac3822] Registry connection listener to current client:com.alibaba.nacos.client.naming.remote.gprc.redo.NamingGrpcRedoService
2024-07-05T10:12:04.630+08:00  INFO 35896 --- [gateway] [main] com.alibaba.nacos.common.remote.client   : [aa60ee5c-ad78-4b4b-8004-4fa077ac3822] Register server push request handler:com.alibaba.nacos.client.naming.remote.gprc.NamingPushRequestHandler
2024-07-05T10:12:04.631+08:00  INFO 35896 --- [gateway] [main] com.alibaba.nacos.common.remote.client   : [aa60ee5c-ad78-4b4b-8004-4fa077ac3822] Try to connect to server on start up, server: {serverIp = 'localhost', server main port = 8848}
2024-07-05T10:12:04.631+08:00  INFO 35896 --- [gateway] [main] c.a.n.c.remote.client.grpc.GrpcClient    : grpc client connection server:localhost ip,serverPort:9848,grpcTslConfig:{"sslProvider":"","enableTls":false,"mutualAuthEnable":false,"trustAll":false}
2024-07-05T10:12:04.661+08:00  INFO 35896 --- [gateway] [main] com.alibaba.nacos.common.remote.client   : [aa60ee5c-ad78-4b4b-8004-4fa077ac3822] Success to connect to server [localhost:8848] on start up, connectionId = 1720145524640_127.0.0.1_55966
2024-07-05T10:12:04.661+08:00  INFO 35896 --- [gateway] [main] com.alibaba.nacos.common.remote.client   : [aa60ee5c-ad78-4b4b-8004-4fa077ac3822] Register server push request handler:com.alibaba.nacos.common.remote.client.RpcClient$ConnectResetRequestHandler
2024-07-05T10:12:04.661+08:00  INFO 35896 --- [gateway] [main] com.alibaba.nacos.common.remote.client   : [aa60ee5c-ad78-4b4b-8004-4fa077ac3822] Register server push request handler:com.alibaba.nacos.common.remote.client.RpcClient$$Lambda/0x0000020a014bb5d8
2024-07-05T10:12:04.661+08:00  INFO 35896 --- [gateway] [com.alibaba.nacos.client.remote.worker.0] com.alibaba.nacos.common.remote.client   : [aa60ee5c-ad78-4b4b-8004-4fa077ac3822] Notify connected event to listeners.
2024-07-05T10:12:04.661+08:00  INFO 35896 --- [gateway] [com.alibaba.nacos.client.remote.worker.0] com.alibaba.nacos.client.naming          : Grpc connection connect
2024-07-05T10:12:04.662+08:00  INFO 35896 --- [gateway] [main] com.alibaba.nacos.client.naming          : [REGISTER-SERVICE] public registering service gateway with instance Instance{instanceId='null', ip='2.0.0.1', port=9999, weight=1.0, healthy=true, enabled=true, ephemeral=true, clusterName='DEFAULT', serviceName='null', metadata={IPv6=[2403:d400:1000:12:c8d7:7648:f170:ea1a], preserved.register.source=SPRING_CLOUD}}
2024-07-05T10:12:04.721+08:00  INFO 35896 --- [gateway] [main] c.a.c.n.registry.NacosServiceRegistry    : nacos registry, DEFAULT_GROUP gateway 2.0.0.1:9999 register finished
2024-07-05T10:12:04.737+08:00 DEBUG 35896 --- [gateway] [main] o.s.c.g.r.RouteDefinitionRouteLocator    : RouteDefinition user-service applying {_genkey_0=/user/**} to Path
2024-07-05T10:12:04.760+08:00 DEBUG 35896 --- [gateway] [main] o.s.c.g.r.RouteDefinitionRouteLocator    : RouteDefinition user-service applying filter {_genkey_0=1} to StripPrefix
2024-07-05T10:12:04.765+08:00 DEBUG 35896 --- [gateway] [main] o.s.c.g.r.RouteDefinitionRouteLocator    : RouteDefinition matched: user-service
2024-07-05T10:12:04.765+08:00 DEBUG 35896 --- [gateway] [main] o.s.c.g.r.RouteDefinitionRouteLocator    : RouteDefinition message-service applying {_genkey_0=/message/**} to Path
2024-07-05T10:12:04.766+08:00 DEBUG 35896 --- [gateway] [main] o.s.c.g.r.RouteDefinitionRouteLocator    : RouteDefinition message-service applying filter {_genkey_0=1} to StripPrefix
2024-07-05T10:12:04.767+08:00 DEBUG 35896 --- [gateway] [main] o.s.c.g.r.RouteDefinitionRouteLocator    : RouteDefinition matched: message-service
2024-07-05T10:12:04.767+08:00 DEBUG 35896 --- [gateway] [main] o.s.c.g.r.RouteDefinitionRouteLocator    : RouteDefinition recordvideo-service applying {_genkey_0=/recordvideo/**} to Path
2024-07-05T10:12:04.768+08:00 DEBUG 35896 --- [gateway] [main] o.s.c.g.r.RouteDefinitionRouteLocator    : RouteDefinition recordvideo-service applying filter {_genkey_0=1} to StripPrefix
2024-07-05T10:12:04.769+08:00 DEBUG 35896 --- [gateway] [main] o.s.c.g.r.RouteDefinitionRouteLocator    : RouteDefinition matched: recordvideo-service
2024-07-05T10:12:04.769+08:00 DEBUG 35896 --- [gateway] [main] o.s.c.g.r.RouteDefinitionRouteLocator    : RouteDefinition livevideo-service applying {_genkey_0=/livevideo/**} to Path
2024-07-05T10:12:04.770+08:00 DEBUG 35896 --- [gateway] [main] o.s.c.g.r.RouteDefinitionRouteLocator    : RouteDefinition livevideo-service applying filter {_genkey_0=1} to StripPrefix
2024-07-05T10:12:04.771+08:00 DEBUG 35896 --- [gateway] [main] o.s.c.g.r.RouteDefinitionRouteLocator    : RouteDefinition matched: livevideo-service
2024-07-05T10:12:04.771+08:00 DEBUG 35896 --- [gateway] [main] o.s.c.g.r.RouteDefinitionRouteLocator    : RouteDefinition recommend-service applying {_genkey_0=/recommend/**} to Path
2024-07-05T10:12:04.772+08:00 DEBUG 35896 --- [gateway] [main] o.s.c.g.r.RouteDefinitionRouteLocator    : RouteDefinition recommend-service applying filter {_genkey_0=1} to StripPrefix
2024-07-05T10:12:04.773+08:00 DEBUG 35896 --- [gateway] [main] o.s.c.g.r.RouteDefinitionRouteLocator    : RouteDefinition matched: recommend-service
2024-07-05T10:12:04.773+08:00 DEBUG 35896 --- [gateway] [main] o.s.c.g.r.RouteDefinitionRouteLocator    : RouteDefinition user-service applying {_genkey_0=/internal/user/**} to Path
2024-07-05T10:12:04.774+08:00 DEBUG 35896 --- [gateway] [main] o.s.c.g.r.RouteDefinitionRouteLocator    : RouteDefinition user-service applying filter {_genkey_0=2} to StripPrefix
2024-07-05T10:12:04.775+08:00 DEBUG 35896 --- [gateway] [main] o.s.c.g.r.RouteDefinitionRouteLocator    : RouteDefinition matched: user-service
2024-07-05T10:12:04.775+08:00 DEBUG 35896 --- [gateway] [main] o.s.c.g.r.RouteDefinitionRouteLocator    : RouteDefinition message-service applying {_genkey_0=/internal/message/**} to Path
2024-07-05T10:12:04.775+08:00 DEBUG 35896 --- [gateway] [main] o.s.c.g.r.RouteDefinitionRouteLocator    : RouteDefinition message-service applying filter {_genkey_0=2} to StripPrefix
2024-07-05T10:12:04.776+08:00 DEBUG 35896 --- [gateway] [main] o.s.c.g.r.RouteDefinitionRouteLocator    : RouteDefinition matched: message-service
2024-07-05T10:12:04.776+08:00 DEBUG 35896 --- [gateway] [main] o.s.c.g.r.RouteDefinitionRouteLocator    : RouteDefinition recordvideo-service applying {_genkey_0=/internal/recordvideo/**} to Path
2024-07-05T10:12:04.776+08:00 DEBUG 35896 --- [gateway] [main] o.s.c.g.r.RouteDefinitionRouteLocator    : RouteDefinition recordvideo-service applying filter {_genkey_0=2} to StripPrefix
2024-07-05T10:12:04.777+08:00 DEBUG 35896 --- [gateway] [main] o.s.c.g.r.RouteDefinitionRouteLocator    : RouteDefinition matched: recordvideo-service
2024-07-05T10:12:04.777+08:00 DEBUG 35896 --- [gateway] [main] o.s.c.g.r.RouteDefinitionRouteLocator    : RouteDefinition livevideo-service applying {_genkey_0=/internal/livevideo/**} to Path
2024-07-05T10:12:04.778+08:00 DEBUG 35896 --- [gateway] [main] o.s.c.g.r.RouteDefinitionRouteLocator    : RouteDefinition livevideo-service applying filter {_genkey_0=2} to StripPrefix
2024-07-05T10:12:04.778+08:00 DEBUG 35896 --- [gateway] [main] o.s.c.g.r.RouteDefinitionRouteLocator    : RouteDefinition matched: livevideo-service
2024-07-05T10:12:04.778+08:00 DEBUG 35896 --- [gateway] [main] o.s.c.g.r.RouteDefinitionRouteLocator    : RouteDefinition recommend-service applying {_genkey_0=/internal/recommend/**} to Path
2024-07-05T10:12:04.779+08:00 DEBUG 35896 --- [gateway] [main] o.s.c.g.r.RouteDefinitionRouteLocator    : RouteDefinition recommend-service applying filter {_genkey_0=2} to StripPrefix
2024-07-05T10:12:04.779+08:00 DEBUG 35896 --- [gateway] [main] o.s.c.g.r.RouteDefinitionRouteLocator    : RouteDefinition matched: recommend-service
2024-07-05T10:12:04.791+08:00 DEBUG 35896 --- [gateway] [main] o.s.c.g.r.RouteDefinitionRouteLocator    : RouteDefinition user-service applying {_genkey_0=/user/**} to Path
2024-07-05T10:12:04.791+08:00 DEBUG 35896 --- [gateway] [main] o.s.c.g.r.RouteDefinitionRouteLocator    : RouteDefinition user-service applying filter {_genkey_0=1} to StripPrefix
2024-07-05T10:12:04.792+08:00 DEBUG 35896 --- [gateway] [main] o.s.c.g.r.RouteDefinitionRouteLocator    : RouteDefinition matched: user-service
2024-07-05T10:12:04.792+08:00 DEBUG 35896 --- [gateway] [main] o.s.c.g.r.RouteDefinitionRouteLocator    : RouteDefinition message-service applying {_genkey_0=/message/**} to Path
2024-07-05T10:12:04.793+08:00 DEBUG 35896 --- [gateway] [main] o.s.c.g.r.RouteDefinitionRouteLocator    : RouteDefinition message-service applying filter {_genkey_0=1} to StripPrefix
2024-07-05T10:12:04.794+08:00 DEBUG 35896 --- [gateway] [main] o.s.c.g.r.RouteDefinitionRouteLocator    : RouteDefinition matched: message-service
2024-07-05T10:12:04.794+08:00 DEBUG 35896 --- [gateway] [main] o.s.c.g.r.RouteDefinitionRouteLocator    : RouteDefinition recordvideo-service applying {_genkey_0=/recordvideo/**} to Path
2024-07-05T10:12:04.794+08:00 DEBUG 35896 --- [gateway] [main] o.s.c.g.r.RouteDefinitionRouteLocator    : RouteDefinition recordvideo-service applying filter {_genkey_0=1} to StripPrefix
2024-07-05T10:12:04.795+08:00 DEBUG 35896 --- [gateway] [main] o.s.c.g.r.RouteDefinitionRouteLocator    : RouteDefinition matched: recordvideo-service
2024-07-05T10:12:04.795+08:00 DEBUG 35896 --- [gateway] [main] o.s.c.g.r.RouteDefinitionRouteLocator    : RouteDefinition livevideo-service applying {_genkey_0=/livevideo/**} to Path
2024-07-05T10:12:04.796+08:00 DEBUG 35896 --- [gateway] [main] o.s.c.g.r.RouteDefinitionRouteLocator    : RouteDefinition livevideo-service applying filter {_genkey_0=1} to StripPrefix
2024-07-05T10:12:04.797+08:00 DEBUG 35896 --- [gateway] [main] o.s.c.g.r.RouteDefinitionRouteLocator    : RouteDefinition matched: livevideo-service
2024-07-05T10:12:04.797+08:00 DEBUG 35896 --- [gateway] [main] o.s.c.g.r.RouteDefinitionRouteLocator    : RouteDefinition recommend-service applying {_genkey_0=/recommend/**} to Path
2024-07-05T10:12:04.798+08:00 DEBUG 35896 --- [gateway] [main] o.s.c.g.r.RouteDefinitionRouteLocator    : RouteDefinition recommend-service applying filter {_genkey_0=1} to StripPrefix
2024-07-05T10:12:04.798+08:00 DEBUG 35896 --- [gateway] [main] o.s.c.g.r.RouteDefinitionRouteLocator    : RouteDefinition matched: recommend-service
2024-07-05T10:12:04.798+08:00 DEBUG 35896 --- [gateway] [main] o.s.c.g.r.RouteDefinitionRouteLocator    : RouteDefinition user-service applying {_genkey_0=/internal/user/**} to Path
2024-07-05T10:12:04.799+08:00 DEBUG 35896 --- [gateway] [main] o.s.c.g.r.RouteDefinitionRouteLocator    : RouteDefinition user-service applying filter {_genkey_0=2} to StripPrefix
2024-07-05T10:12:04.801+08:00 DEBUG 35896 --- [gateway] [main] o.s.c.g.r.RouteDefinitionRouteLocator    : RouteDefinition matched: user-service
2024-07-05T10:12:04.801+08:00 DEBUG 35896 --- [gateway] [main] o.s.c.g.r.RouteDefinitionRouteLocator    : RouteDefinition message-service applying {_genkey_0=/internal/message/**} to Path
2024-07-05T10:12:04.802+08:00 DEBUG 35896 --- [gateway] [main] o.s.c.g.r.RouteDefinitionRouteLocator    : RouteDefinition message-service applying filter {_genkey_0=2} to StripPrefix
2024-07-05T10:12:04.802+08:00 DEBUG 35896 --- [gateway] [main] o.s.c.g.r.RouteDefinitionRouteLocator    : RouteDefinition matched: message-service
2024-07-05T10:12:04.802+08:00 DEBUG 35896 --- [gateway] [main] o.s.c.g.r.RouteDefinitionRouteLocator    : RouteDefinition recordvideo-service applying {_genkey_0=/internal/recordvideo/**} to Path
2024-07-05T10:12:04.803+08:00 DEBUG 35896 --- [gateway] [main] o.s.c.g.r.RouteDefinitionRouteLocator    : RouteDefinition recordvideo-service applying filter {_genkey_0=2} to StripPrefix
2024-07-05T10:12:04.803+08:00 DEBUG 35896 --- [gateway] [main] o.s.c.g.r.RouteDefinitionRouteLocator    : RouteDefinition matched: recordvideo-service
2024-07-05T10:12:04.803+08:00 DEBUG 35896 --- [gateway] [main] o.s.c.g.r.RouteDefinitionRouteLocator    : RouteDefinition livevideo-service applying {_genkey_0=/internal/livevideo/**} to Path
2024-07-05T10:12:04.804+08:00 DEBUG 35896 --- [gateway] [main] o.s.c.g.r.RouteDefinitionRouteLocator    : RouteDefinition livevideo-service applying filter {_genkey_0=2} to StripPrefix
2024-07-05T10:12:04.805+08:00 DEBUG 35896 --- [gateway] [main] o.s.c.g.r.RouteDefinitionRouteLocator    : RouteDefinition matched: livevideo-service
2024-07-05T10:12:04.805+08:00 DEBUG 35896 --- [gateway] [main] o.s.c.g.r.RouteDefinitionRouteLocator    : RouteDefinition recommend-service applying {_genkey_0=/internal/recommend/**} to Path
2024-07-05T10:12:04.806+08:00 DEBUG 35896 --- [gateway] [main] o.s.c.g.r.RouteDefinitionRouteLocator    : RouteDefinition recommend-service applying filter {_genkey_0=2} to StripPrefix
2024-07-05T10:12:04.807+08:00 DEBUG 35896 --- [gateway] [main] o.s.c.g.r.RouteDefinitionRouteLocator    : RouteDefinition matched: recommend-service
2024-07-05T10:12:04.810+08:00  INFO 35896 --- [gateway] [main] org.example.gateway.GatewayApplication   : Started GatewayApplication in 4.712 seconds (process running for 5.389)
2024-07-05T10:12:04.814+08:00  INFO 35896 --- [gateway] [main] c.a.nacos.client.config.impl.CacheData   : config listener notify warn timeout millis use default 60000 millis 
2024-07-05T10:12:04.815+08:00  INFO 35896 --- [gateway] [main] c.a.nacos.client.config.impl.CacheData   : nacos.cache.data.init.snapshot = true 
2024-07-05T10:12:04.816+08:00  INFO 35896 --- [gateway] [main] c.a.n.client.config.impl.ClientWorker    : [fixed-127.0.0.1_8848] [subscribe] gateway.properties+DEFAULT_GROUP
2024-07-05T10:12:04.825+08:00  INFO 35896 --- [gateway] [main] c.a.nacos.client.config.impl.CacheData   : [fixed-127.0.0.1_8848] [add-listener] ok, tenant=, dataId=gateway.properties, group=DEFAULT_GROUP, cnt=1
2024-07-05T10:12:04.825+08:00  INFO 35896 --- [gateway] [main] c.a.c.n.refresh.NacosContextRefresher    : [Nacos Config] Listening config: dataId=gateway.properties, group=DEFAULT_GROUP
2024-07-05T10:12:04.826+08:00  INFO 35896 --- [gateway] [main] c.a.n.client.config.impl.ClientWorker    : [fixed-127.0.0.1_8848] [subscribe] gateway+DEFAULT_GROUP
2024-07-05T10:12:04.826+08:00  INFO 35896 --- [gateway] [main] c.a.nacos.client.config.impl.CacheData   : [fixed-127.0.0.1_8848] [add-listener] ok, tenant=, dataId=gateway, group=DEFAULT_GROUP, cnt=1
2024-07-05T10:12:04.826+08:00  INFO 35896 --- [gateway] [main] c.a.c.n.refresh.NacosContextRefresher    : [Nacos Config] Listening config: dataId=gateway, group=DEFAULT_GROUP
