2024-07-04T13:46:49.653+08:00  INFO 29940 --- [livevideo-service] [main] c.alibaba.nacos.client.utils.ParamUtil   : [settings] [req-serv] nacos-server port:8848
2024-07-04T13:46:49.657+08:00  INFO 29940 --- [livevideo-service] [Thread-1] c.a.n.c.a.r.identify.CredentialWatcher   : null No credential found
2024-07-04T13:46:49.661+08:00  INFO 29940 --- [livevideo-service] [main] c.alibaba.nacos.client.utils.ParamUtil   : [settings] [http-client] connect timeout:1000
2024-07-04T13:46:49.662+08:00  INFO 29940 --- [livevideo-service] [main] c.alibaba.nacos.client.utils.ParamUtil   : PER_TASK_CONFIG_SIZE: 3000.0
2024-07-04T13:46:49.685+08:00  INFO 29940 --- [livevideo-service] [main] com.alibaba.nacos.common.labels          : DefaultLabelsCollectorManager get labels.....
2024-07-04T13:46:49.685+08:00  INFO 29940 --- [livevideo-service] [main] com.alibaba.nacos.common.labels          : Process LabelsCollector with [name:defaultNacosLabelsCollector]
2024-07-04T13:46:49.685+08:00  INFO 29940 --- [livevideo-service] [main] com.alibaba.nacos.common.labels          : default nacos collect properties raw labels: null
2024-07-04T13:46:49.686+08:00  INFO 29940 --- [livevideo-service] [main] com.alibaba.nacos.common.labels          : default nacos collect properties labels: {}
2024-07-04T13:46:49.686+08:00  INFO 29940 --- [livevideo-service] [main] com.alibaba.nacos.common.labels          : default nacos collect jvm raw labels: null
2024-07-04T13:46:49.686+08:00  INFO 29940 --- [livevideo-service] [main] com.alibaba.nacos.common.labels          : default nacos collect jvm labels: {}
2024-07-04T13:46:49.686+08:00  INFO 29940 --- [livevideo-service] [main] com.alibaba.nacos.common.labels          : default nacos collect env raw labels: null
2024-07-04T13:46:49.686+08:00  INFO 29940 --- [livevideo-service] [main] com.alibaba.nacos.common.labels          : default nacos collect env labels: {}
2024-07-04T13:46:49.686+08:00  INFO 29940 --- [livevideo-service] [main] com.alibaba.nacos.common.labels          : DefaultLabelsCollectorManager get labels finished,labels :{}
2024-07-04T13:46:49.691+08:00  INFO 29940 --- [livevideo-service] [main] c.a.n.p.a.s.c.ClientAuthPluginManager    : [ClientAuthPluginManager] Load ClientAuthService com.alibaba.nacos.client.auth.impl.NacosClientAuthServiceImpl success.
2024-07-04T13:46:49.692+08:00  INFO 29940 --- [livevideo-service] [main] c.a.n.p.a.s.c.ClientAuthPluginManager    : [ClientAuthPluginManager] Load ClientAuthService com.alibaba.nacos.client.auth.ram.RamClientAuthServiceImpl success.
2024-07-04T13:46:49.775+08:00  INFO 29940 --- [livevideo-service] [main] c.a.n.c.c.impl.LocalConfigInfoProcessor  : LOCAL_SNAPSHOT_PATH:C:\Users\liang\nacos\config
2024-07-04T13:46:49.778+08:00  INFO 29940 --- [livevideo-service] [main] com.alibaba.nacos.common.remote.client   : [RpcClientFactory] create a new rpc client of 8c3d1352-4932-479a-8404-7a7758feb85e_config-0
2024-07-04T13:46:49.790+08:00  INFO 29940 --- [livevideo-service] [main] com.alibaba.nacos.common.remote.client   : [8c3d1352-4932-479a-8404-7a7758feb85e_config-0] Register server push request handler:com.alibaba.nacos.client.config.impl.ClientWorker$ConfigRpcTransportClient$$Lambda/0x000001db9030d460
2024-07-04T13:46:49.790+08:00  INFO 29940 --- [livevideo-service] [main] com.alibaba.nacos.common.remote.client   : [8c3d1352-4932-479a-8404-7a7758feb85e_config-0] Register server push request handler:com.alibaba.nacos.client.config.impl.ClientWorker$ConfigRpcTransportClient$$Lambda/0x000001db9030d880
2024-07-04T13:46:49.791+08:00  INFO 29940 --- [livevideo-service] [main] com.alibaba.nacos.common.remote.client   : [8c3d1352-4932-479a-8404-7a7758feb85e_config-0] Registry connection listener to current client:com.alibaba.nacos.client.config.impl.ClientWorker$ConfigRpcTransportClient$1
2024-07-04T13:46:49.791+08:00  INFO 29940 --- [livevideo-service] [main] com.alibaba.nacos.common.remote.client   : [8c3d1352-4932-479a-8404-7a7758feb85e_config-0] RpcClient init, ServerListFactory = com.alibaba.nacos.client.config.impl.ClientWorker$ConfigRpcTransportClient$2
2024-07-04T13:46:49.794+08:00  INFO 29940 --- [livevideo-service] [main] com.alibaba.nacos.common.remote.client   : [8c3d1352-4932-479a-8404-7a7758feb85e_config-0] Try to connect to server on start up, server: {serverIp = '127.0.0.1', server main port = 8848}
2024-07-04T13:46:49.817+08:00  INFO 29940 --- [livevideo-service] [main] c.a.n.c.remote.client.grpc.GrpcClient    : grpc client connection server:127.0.0.1 ip,serverPort:9848,grpcTslConfig:{"sslProvider":"","enableTls":false,"mutualAuthEnable":false,"trustAll":false}
2024-07-04T13:46:50.337+08:00  INFO 29940 --- [livevideo-service] [main] c.a.n.c.a.AbstractAbilityControlManager  : Ready to get current node abilities...
2024-07-04T13:46:50.338+08:00  INFO 29940 --- [livevideo-service] [main] c.a.n.c.a.AbstractAbilityControlManager  : Ready to initialize current node abilities, support modes: [SDK_CLIENT]
2024-07-04T13:46:50.338+08:00  INFO 29940 --- [livevideo-service] [main] c.a.n.c.a.AbstractAbilityControlManager  : Initialize current abilities finish...
2024-07-04T13:46:50.339+08:00  INFO 29940 --- [livevideo-service] [main] c.a.n.c.a.d.NacosAbilityManagerHolder    : [AbilityControlManager] Successfully initialize AbilityControlManager
2024-07-04T13:46:50.357+08:00  INFO 29940 --- [livevideo-service] [main] com.alibaba.nacos.common.remote.client   : [8c3d1352-4932-479a-8404-7a7758feb85e_config-0] Success to connect to server [127.0.0.1:8848] on start up, connectionId = 1720072010271_127.0.0.1_61040
2024-07-04T13:46:50.358+08:00  INFO 29940 --- [livevideo-service] [com.alibaba.nacos.client.remote.worker.0] com.alibaba.nacos.common.remote.client   : [8c3d1352-4932-479a-8404-7a7758feb85e_config-0] Notify connected event to listeners.
2024-07-04T13:46:50.358+08:00  INFO 29940 --- [livevideo-service] [main] com.alibaba.nacos.common.remote.client   : [8c3d1352-4932-479a-8404-7a7758feb85e_config-0] Register server push request handler:com.alibaba.nacos.common.remote.client.RpcClient$ConnectResetRequestHandler
2024-07-04T13:46:50.358+08:00  INFO 29940 --- [livevideo-service] [com.alibaba.nacos.client.remote.worker.0] c.a.n.client.config.impl.ClientWorker    : [8c3d1352-4932-479a-8404-7a7758feb85e_config-0] Connected,notify listen context...
2024-07-04T13:46:50.358+08:00  INFO 29940 --- [livevideo-service] [main] com.alibaba.nacos.common.remote.client   : [8c3d1352-4932-479a-8404-7a7758feb85e_config-0] Register server push request handler:com.alibaba.nacos.common.remote.client.RpcClient$$Lambda/0x000001db9045a400
2024-07-04T13:46:50.398+08:00  INFO 29940 --- [livevideo-service] [main] c.a.nacos.client.config.impl.Limiter     : limitTime:5.0
2024-07-04T13:46:50.413+08:00  WARN 29940 --- [livevideo-service] [main] c.a.c.n.c.NacosPropertySourceBuilder     : Ignore the empty nacos configuration and get it based on dataId[livevideo-service] & group[DEFAULT_GROUP]
2024-07-04T13:46:50.424+08:00  INFO 29940 --- [livevideo-service] [main] c.a.nacos.client.config.utils.JvmUtil    : isMultiInstance:false
2024-07-04T13:46:50.452+08:00  INFO 29940 --- [livevideo-service] [main] b.c.PropertySourceBootstrapConfiguration : Located property source: [BootstrapPropertySource {name='bootstrapProperties-livevideo-service.yaml,DEFAULT_GROUP'}, BootstrapPropertySource {name='bootstrapProperties-livevideo-service,DEFAULT_GROUP'}]
2024-07-04T13:46:50.463+08:00  INFO 29940 --- [livevideo-service] [main] o.e.l.LiveVideoServiceApplication        : No active profile set, falling back to 1 default profile: "default"
2024-07-04T13:46:50.801+08:00  INFO 29940 --- [livevideo-service] [main] o.s.cloud.context.scope.GenericScope     : BeanFactory id=d732f788-01b9-30d3-85b8-e6809c39a43a
2024-07-04T13:46:50.980+08:00  INFO 29940 --- [livevideo-service] [main] o.s.b.w.embedded.tomcat.TomcatWebServer  : Tomcat initialized with port 8081 (http)
2024-07-04T13:46:50.991+08:00  INFO 29940 --- [livevideo-service] [main] o.apache.catalina.core.StandardService   : Starting service [Tomcat]
2024-07-04T13:46:50.991+08:00  INFO 29940 --- [livevideo-service] [main] o.apache.catalina.core.StandardEngine    : Starting Servlet engine: [Apache Tomcat/10.1.25]
2024-07-04T13:46:51.051+08:00  INFO 29940 --- [livevideo-service] [main] o.a.c.c.C.[Tomcat].[localhost].[/]       : Initializing Spring embedded WebApplicationContext
2024-07-04T13:46:51.052+08:00  INFO 29940 --- [livevideo-service] [main] w.s.c.ServletWebServerApplicationContext : Root WebApplicationContext: initialization completed in 579 ms
2024-07-04T13:46:51.353+08:00  INFO 29940 --- [livevideo-service] [main] o.s.b.w.embedded.tomcat.TomcatWebServer  : Tomcat started on port 8081 (http) with context path '/'
2024-07-04T13:46:51.357+08:00  INFO 29940 --- [livevideo-service] [main] com.alibaba.nacos.client.naming          : initializer namespace from ans.namespace attribute : null
2024-07-04T13:46:51.357+08:00  INFO 29940 --- [livevideo-service] [main] com.alibaba.nacos.client.naming          : initializer namespace from ALIBABA_ALIWARE_NAMESPACE attribute :null
2024-07-04T13:46:51.357+08:00  INFO 29940 --- [livevideo-service] [main] com.alibaba.nacos.client.naming          : initializer namespace from namespace attribute :null
2024-07-04T13:46:51.361+08:00  INFO 29940 --- [livevideo-service] [main] com.alibaba.nacos.client.naming          : FailoverDataSource type is class com.alibaba.nacos.client.naming.backups.datasource.DiskFailoverDataSource
2024-07-04T13:46:51.365+08:00  INFO 29940 --- [livevideo-service] [main] c.a.n.p.a.s.c.ClientAuthPluginManager    : [ClientAuthPluginManager] Load ClientAuthService com.alibaba.nacos.client.auth.impl.NacosClientAuthServiceImpl success.
2024-07-04T13:46:51.365+08:00  INFO 29940 --- [livevideo-service] [main] c.a.n.p.a.s.c.ClientAuthPluginManager    : [ClientAuthPluginManager] Load ClientAuthService com.alibaba.nacos.client.auth.ram.RamClientAuthServiceImpl success.
2024-07-04T13:46:51.367+08:00  INFO 29940 --- [livevideo-service] [main] com.alibaba.nacos.common.remote.client   : [RpcClientFactory] create a new rpc client of a8f6d6b2-a608-40b1-97f3-14c2f0ea1696
2024-07-04T13:46:51.369+08:00  INFO 29940 --- [livevideo-service] [main] com.alibaba.nacos.client.naming          : Create naming rpc client for uuid->a8f6d6b2-a608-40b1-97f3-14c2f0ea1696
2024-07-04T13:46:51.369+08:00  INFO 29940 --- [livevideo-service] [main] com.alibaba.nacos.common.remote.client   : [a8f6d6b2-a608-40b1-97f3-14c2f0ea1696] RpcClient init, ServerListFactory = com.alibaba.nacos.client.naming.core.ServerListManager
2024-07-04T13:46:51.369+08:00  INFO 29940 --- [livevideo-service] [main] com.alibaba.nacos.common.remote.client   : [a8f6d6b2-a608-40b1-97f3-14c2f0ea1696] Registry connection listener to current client:com.alibaba.nacos.client.naming.remote.gprc.redo.NamingGrpcRedoService
2024-07-04T13:46:51.369+08:00  INFO 29940 --- [livevideo-service] [main] com.alibaba.nacos.common.remote.client   : [a8f6d6b2-a608-40b1-97f3-14c2f0ea1696] Register server push request handler:com.alibaba.nacos.client.naming.remote.gprc.NamingPushRequestHandler
2024-07-04T13:46:51.369+08:00  INFO 29940 --- [livevideo-service] [main] com.alibaba.nacos.common.remote.client   : [a8f6d6b2-a608-40b1-97f3-14c2f0ea1696] Try to connect to server on start up, server: {serverIp = 'localhost', server main port = 8848}
2024-07-04T13:46:51.371+08:00  INFO 29940 --- [livevideo-service] [main] c.a.n.c.remote.client.grpc.GrpcClient    : grpc client connection server:localhost ip,serverPort:9848,grpcTslConfig:{"sslProvider":"","enableTls":false,"mutualAuthEnable":false,"trustAll":false}
2024-07-04T13:46:51.383+08:00  INFO 29940 --- [livevideo-service] [main] com.alibaba.nacos.common.remote.client   : [a8f6d6b2-a608-40b1-97f3-14c2f0ea1696] Success to connect to server [localhost:8848] on start up, connectionId = 1720072011377_127.0.0.1_61043
2024-07-04T13:46:51.383+08:00  INFO 29940 --- [livevideo-service] [com.alibaba.nacos.client.remote.worker.0] com.alibaba.nacos.common.remote.client   : [a8f6d6b2-a608-40b1-97f3-14c2f0ea1696] Notify connected event to listeners.
2024-07-04T13:46:51.383+08:00  INFO 29940 --- [livevideo-service] [com.alibaba.nacos.client.remote.worker.0] com.alibaba.nacos.client.naming          : Grpc connection connect
2024-07-04T13:46:51.383+08:00  INFO 29940 --- [livevideo-service] [main] com.alibaba.nacos.common.remote.client   : [a8f6d6b2-a608-40b1-97f3-14c2f0ea1696] Register server push request handler:com.alibaba.nacos.common.remote.client.RpcClient$ConnectResetRequestHandler
2024-07-04T13:46:51.384+08:00  INFO 29940 --- [livevideo-service] [main] com.alibaba.nacos.common.remote.client   : [a8f6d6b2-a608-40b1-97f3-14c2f0ea1696] Register server push request handler:com.alibaba.nacos.common.remote.client.RpcClient$$Lambda/0x000001db9045a400
2024-07-04T13:46:51.384+08:00  INFO 29940 --- [livevideo-service] [main] com.alibaba.nacos.client.naming          : [REGISTER-SERVICE] public registering service livevideo-service with instance Instance{instanceId='null', ip='2.0.0.1', port=8081, weight=1.0, healthy=true, enabled=true, ephemeral=true, clusterName='DEFAULT', serviceName='null', metadata={IPv6=[2403:d400:1000:12:b5f9:fcbc:1cec:f360], preserved.register.source=SPRING_CLOUD}}
2024-07-04T13:46:51.395+08:00  INFO 29940 --- [livevideo-service] [main] c.a.c.n.registry.NacosServiceRegistry    : nacos registry, DEFAULT_GROUP livevideo-service 2.0.0.1:8081 register finished
2024-07-04T13:46:51.405+08:00  INFO 29940 --- [livevideo-service] [main] o.e.l.LiveVideoServiceApplication        : Started LiveVideoServiceApplication in 2.297 seconds (process running for 2.913)
2024-07-04T13:46:51.409+08:00  INFO 29940 --- [livevideo-service] [main] c.a.nacos.client.config.impl.CacheData   : config listener notify warn timeout millis use default 60000 millis 
2024-07-04T13:46:51.409+08:00  INFO 29940 --- [livevideo-service] [main] c.a.nacos.client.config.impl.CacheData   : nacos.cache.data.init.snapshot = true 
2024-07-04T13:46:51.409+08:00  INFO 29940 --- [livevideo-service] [main] c.a.n.client.config.impl.ClientWorker    : [fixed-127.0.0.1_8848] [subscribe] livevideo-service+DEFAULT_GROUP
2024-07-04T13:46:51.413+08:00  INFO 29940 --- [livevideo-service] [main] c.a.nacos.client.config.impl.CacheData   : [fixed-127.0.0.1_8848] [add-listener] ok, tenant=, dataId=livevideo-service, group=DEFAULT_GROUP, cnt=1
2024-07-04T13:46:51.413+08:00  INFO 29940 --- [livevideo-service] [main] c.a.c.n.refresh.NacosContextRefresher    : [Nacos Config] Listening config: dataId=livevideo-service, group=DEFAULT_GROUP
2024-07-04T13:46:51.415+08:00  INFO 29940 --- [livevideo-service] [main] c.a.n.client.config.impl.ClientWorker    : [fixed-127.0.0.1_8848] [subscribe] livevideo-service.yaml+DEFAULT_GROUP
2024-07-04T13:46:51.416+08:00  INFO 29940 --- [livevideo-service] [main] c.a.nacos.client.config.impl.CacheData   : [fixed-127.0.0.1_8848] [add-listener] ok, tenant=, dataId=livevideo-service.yaml, group=DEFAULT_GROUP, cnt=1
2024-07-04T13:46:51.416+08:00  INFO 29940 --- [livevideo-service] [main] c.a.c.n.refresh.NacosContextRefresher    : [Nacos Config] Listening config: dataId=livevideo-service.yaml, group=DEFAULT_GROUP
2024-07-04T15:54:24.549+08:00  INFO 29940 --- [livevideo-service] [http-nio-8081-exec-1] o.a.c.c.C.[Tomcat].[localhost].[/]       : Initializing Spring DispatcherServlet 'dispatcherServlet'
2024-07-04T15:54:24.562+08:00  INFO 29940 --- [livevideo-service] [http-nio-8081-exec-1] o.s.web.servlet.DispatcherServlet        : Initializing Servlet 'dispatcherServlet'
2024-07-04T15:54:24.598+08:00  INFO 29940 --- [livevideo-service] [http-nio-8081-exec-1] o.s.web.servlet.DispatcherServlet        : Completed initialization in 35 ms
2024-07-04T15:59:34.926+08:00  WARN 29940 --- [livevideo-service] [Thread-5] c.a.nacos.common.notify.NotifyCenter     : [NotifyCenter] Start destroying Publisher
2024-07-04T15:59:34.926+08:00  WARN 29940 --- [livevideo-service] [Thread-2] c.a.n.common.http.HttpClientBeanHolder   : [HttpClientBeanHolder] Start destroying common HttpClient
2024-07-04T15:59:34.927+08:00  WARN 29940 --- [livevideo-service] [Thread-5] c.a.nacos.common.notify.NotifyCenter     : [NotifyCenter] Destruction of the end
2024-07-04T15:59:34.929+08:00  WARN 29940 --- [livevideo-service] [Thread-2] c.a.n.common.http.HttpClientBeanHolder   : [HttpClientBeanHolder] Destruction of the end
2024-07-04T15:59:34.968+08:00  INFO 29940 --- [livevideo-service] [SpringApplicationShutdownHook] c.a.c.n.registry.NacosServiceRegistry    : De-registering from Nacos Server now...
2024-07-04T15:59:34.971+08:00  INFO 29940 --- [livevideo-service] [SpringApplicationShutdownHook] com.alibaba.nacos.client.naming          : [DEREGISTER-SERVICE] public deregistering service livevideo-service with instance: Instance{instanceId='null', ip='2.0.0.1', port=8081, weight=1.0, healthy=true, enabled=true, ephemeral=true, clusterName='DEFAULT', serviceName='null', metadata={}}
2024-07-04T15:59:34.986+08:00  INFO 29940 --- [livevideo-service] [SpringApplicationShutdownHook] c.a.c.n.registry.NacosServiceRegistry    : De-registration finished.
2024-07-04T15:59:34.987+08:00  INFO 29940 --- [livevideo-service] [SpringApplicationShutdownHook] com.alibaba.nacos.client.naming          : com.alibaba.nacos.client.naming.cache.ServiceInfoHolder do shutdown begin
2024-07-04T15:59:34.987+08:00  INFO 29940 --- [livevideo-service] [SpringApplicationShutdownHook] com.alibaba.nacos.client.naming          : com.alibaba.nacos.client.naming.backups.FailoverReactor do shutdown begin
2024-07-04T15:59:34.987+08:00  INFO 29940 --- [livevideo-service] [SpringApplicationShutdownHook] com.alibaba.nacos.client.naming          : com.alibaba.nacos.client.naming.backups.FailoverReactor do shutdown stop
2024-07-04T15:59:34.987+08:00  INFO 29940 --- [livevideo-service] [SpringApplicationShutdownHook] com.alibaba.nacos.client.naming          : com.alibaba.nacos.client.naming.cache.ServiceInfoHolder do shutdown stop
2024-07-04T15:59:34.987+08:00  INFO 29940 --- [livevideo-service] [SpringApplicationShutdownHook] com.alibaba.nacos.client.naming          : com.alibaba.nacos.client.naming.remote.NamingClientProxyDelegate do shutdown begin
2024-07-04T15:59:34.988+08:00  INFO 29940 --- [livevideo-service] [SpringApplicationShutdownHook] com.alibaba.nacos.client.naming          : com.alibaba.nacos.client.naming.core.ServiceInfoUpdateService do shutdown begin
2024-07-04T15:59:34.988+08:00  INFO 29940 --- [livevideo-service] [SpringApplicationShutdownHook] com.alibaba.nacos.client.naming          : com.alibaba.nacos.client.naming.core.ServiceInfoUpdateService do shutdown stop
2024-07-04T15:59:34.988+08:00  INFO 29940 --- [livevideo-service] [SpringApplicationShutdownHook] com.alibaba.nacos.client.naming          : com.alibaba.nacos.client.naming.core.ServerListManager do shutdown begin
2024-07-04T15:59:34.988+08:00  WARN 29940 --- [livevideo-service] [SpringApplicationShutdownHook] com.alibaba.nacos.client.naming          : [NamingHttpClientManager] Start destroying NacosRestTemplate
2024-07-04T15:59:34.988+08:00  WARN 29940 --- [livevideo-service] [SpringApplicationShutdownHook] com.alibaba.nacos.client.naming          : [NamingHttpClientManager] Destruction of the end
2024-07-04T15:59:34.988+08:00  INFO 29940 --- [livevideo-service] [SpringApplicationShutdownHook] com.alibaba.nacos.client.naming          : com.alibaba.nacos.client.naming.core.ServerListManager do shutdown stop
2024-07-04T15:59:34.988+08:00  INFO 29940 --- [livevideo-service] [SpringApplicationShutdownHook] com.alibaba.nacos.client.naming          : com.alibaba.nacos.client.naming.remote.http.NamingHttpClientProxy do shutdown begin
2024-07-04T15:59:34.988+08:00  WARN 29940 --- [livevideo-service] [SpringApplicationShutdownHook] com.alibaba.nacos.client.naming          : [NamingHttpClientManager] Start destroying NacosRestTemplate
2024-07-04T15:59:34.988+08:00  WARN 29940 --- [livevideo-service] [SpringApplicationShutdownHook] com.alibaba.nacos.client.naming          : [NamingHttpClientManager] Destruction of the end
2024-07-04T15:59:34.988+08:00  INFO 29940 --- [livevideo-service] [SpringApplicationShutdownHook] com.alibaba.nacos.client.naming          : com.alibaba.nacos.client.naming.remote.http.NamingHttpClientProxy do shutdown stop
2024-07-04T15:59:34.988+08:00  INFO 29940 --- [livevideo-service] [SpringApplicationShutdownHook] com.alibaba.nacos.client.naming          : Shutdown naming grpc client proxy for  uuid->a8f6d6b2-a608-40b1-97f3-14c2f0ea1696
2024-07-04T15:59:34.988+08:00  INFO 29940 --- [livevideo-service] [SpringApplicationShutdownHook] com.alibaba.nacos.client.naming          : Shutdown grpc redo service executor java.util.concurrent.ScheduledThreadPoolExecutor@74764622[Running, pool size = 1, active threads = 0, queued tasks = 1, completed tasks = 2648]
2024-07-04T15:59:34.988+08:00  INFO 29940 --- [livevideo-service] [SpringApplicationShutdownHook] com.alibaba.nacos.common.remote.client   : Shutdown rpc client, set status to shutdown
2024-07-04T15:59:34.988+08:00  INFO 29940 --- [livevideo-service] [SpringApplicationShutdownHook] com.alibaba.nacos.common.remote.client   : Shutdown client event executor java.util.concurrent.ScheduledThreadPoolExecutor@53f495f0[Running, pool size = 2, active threads = 2, queued tasks = 0, completed tasks = 0]
2024-07-04T15:59:34.990+08:00  INFO 29940 --- [livevideo-service] [SpringApplicationShutdownHook] com.alibaba.nacos.common.remote.client   : Close current connection 1720072011377_127.0.0.1_61043
2024-07-04T15:59:34.991+08:00  INFO 29940 --- [livevideo-service] [nacos-grpc-client-executor-localhost-1539] c.a.n.c.remote.client.grpc.GrpcClient    : [1720072011377_127.0.0.1_61043]Ignore complete event,isRunning:false,isAbandon=false
2024-07-04T15:59:34.999+08:00  INFO 29940 --- [livevideo-service] [SpringApplicationShutdownHook] c.a.n.c.remote.client.grpc.GrpcClient    : Shutdown grpc executor java.util.concurrent.ThreadPoolExecutor@682266d8[Running, pool size = 5, active threads = 0, queued tasks = 0, completed tasks = 1540]
2024-07-04T15:59:35.000+08:00  INFO 29940 --- [livevideo-service] [SpringApplicationShutdownHook] com.alibaba.nacos.client.naming          : shutdown and remove naming rpc client  for uuid ->a8f6d6b2-a608-40b1-97f3-14c2f0ea1696
2024-07-04T15:59:35.000+08:00  INFO 29940 --- [livevideo-service] [SpringApplicationShutdownHook] c.a.n.c.a.r.identify.CredentialWatcher   : [null] CredentialWatcher is stopped
2024-07-04T15:59:35.000+08:00  INFO 29940 --- [livevideo-service] [SpringApplicationShutdownHook] c.a.n.c.a.r.identify.CredentialService   : [null] CredentialService is freed
2024-07-04T15:59:35.000+08:00  INFO 29940 --- [livevideo-service] [SpringApplicationShutdownHook] com.alibaba.nacos.client.naming          : com.alibaba.nacos.client.naming.remote.NamingClientProxyDelegate do shutdown stop
2024-07-04T15:59:39.765+08:00  INFO 29956 --- [livevideo-service] [main] c.alibaba.nacos.client.utils.ParamUtil   : [settings] [req-serv] nacos-server port:8848
2024-07-04T15:59:39.770+08:00  INFO 29956 --- [livevideo-service] [main] c.alibaba.nacos.client.utils.ParamUtil   : [settings] [http-client] connect timeout:1000
2024-07-04T15:59:39.771+08:00  INFO 29956 --- [livevideo-service] [Thread-1] c.a.n.c.a.r.identify.CredentialWatcher   : null No credential found
2024-07-04T15:59:39.773+08:00  INFO 29956 --- [livevideo-service] [main] c.alibaba.nacos.client.utils.ParamUtil   : PER_TASK_CONFIG_SIZE: 3000.0
2024-07-04T15:59:39.822+08:00  INFO 29956 --- [livevideo-service] [main] com.alibaba.nacos.common.labels          : DefaultLabelsCollectorManager get labels.....
2024-07-04T15:59:39.823+08:00  INFO 29956 --- [livevideo-service] [main] com.alibaba.nacos.common.labels          : Process LabelsCollector with [name:defaultNacosLabelsCollector]
2024-07-04T15:59:39.823+08:00  INFO 29956 --- [livevideo-service] [main] com.alibaba.nacos.common.labels          : default nacos collect properties raw labels: null
2024-07-04T15:59:39.824+08:00  INFO 29956 --- [livevideo-service] [main] com.alibaba.nacos.common.labels          : default nacos collect properties labels: {}
2024-07-04T15:59:39.824+08:00  INFO 29956 --- [livevideo-service] [main] com.alibaba.nacos.common.labels          : default nacos collect jvm raw labels: null
2024-07-04T15:59:39.825+08:00  INFO 29956 --- [livevideo-service] [main] com.alibaba.nacos.common.labels          : default nacos collect jvm labels: {}
2024-07-04T15:59:39.825+08:00  INFO 29956 --- [livevideo-service] [main] com.alibaba.nacos.common.labels          : default nacos collect env raw labels: null
2024-07-04T15:59:39.826+08:00  INFO 29956 --- [livevideo-service] [main] com.alibaba.nacos.common.labels          : default nacos collect env labels: {}
2024-07-04T15:59:39.827+08:00  INFO 29956 --- [livevideo-service] [main] com.alibaba.nacos.common.labels          : DefaultLabelsCollectorManager get labels finished,labels :{}
2024-07-04T15:59:39.838+08:00  INFO 29956 --- [livevideo-service] [main] c.a.n.p.a.s.c.ClientAuthPluginManager    : [ClientAuthPluginManager] Load ClientAuthService com.alibaba.nacos.client.auth.impl.NacosClientAuthServiceImpl success.
2024-07-04T15:59:39.839+08:00  INFO 29956 --- [livevideo-service] [main] c.a.n.p.a.s.c.ClientAuthPluginManager    : [ClientAuthPluginManager] Load ClientAuthService com.alibaba.nacos.client.auth.ram.RamClientAuthServiceImpl success.
2024-07-04T15:59:40.032+08:00  INFO 29956 --- [livevideo-service] [main] c.a.n.c.c.impl.LocalConfigInfoProcessor  : LOCAL_SNAPSHOT_PATH:C:\Users\liang\nacos\config
2024-07-04T15:59:40.040+08:00  INFO 29956 --- [livevideo-service] [main] com.alibaba.nacos.common.remote.client   : [RpcClientFactory] create a new rpc client of c4191d7d-07d6-454c-b3f4-8af722c9db91_config-0
2024-07-04T15:59:40.065+08:00  INFO 29956 --- [livevideo-service] [main] com.alibaba.nacos.common.remote.client   : [c4191d7d-07d6-454c-b3f4-8af722c9db91_config-0] Register server push request handler:com.alibaba.nacos.client.config.impl.ClientWorker$ConfigRpcTransportClient$$Lambda/0x00000205a830c010
2024-07-04T15:59:40.065+08:00  INFO 29956 --- [livevideo-service] [main] com.alibaba.nacos.common.remote.client   : [c4191d7d-07d6-454c-b3f4-8af722c9db91_config-0] Register server push request handler:com.alibaba.nacos.client.config.impl.ClientWorker$ConfigRpcTransportClient$$Lambda/0x00000205a830c430
2024-07-04T15:59:40.066+08:00  INFO 29956 --- [livevideo-service] [main] com.alibaba.nacos.common.remote.client   : [c4191d7d-07d6-454c-b3f4-8af722c9db91_config-0] Registry connection listener to current client:com.alibaba.nacos.client.config.impl.ClientWorker$ConfigRpcTransportClient$1
2024-07-04T15:59:40.067+08:00  INFO 29956 --- [livevideo-service] [main] com.alibaba.nacos.common.remote.client   : [c4191d7d-07d6-454c-b3f4-8af722c9db91_config-0] RpcClient init, ServerListFactory = com.alibaba.nacos.client.config.impl.ClientWorker$ConfigRpcTransportClient$2
2024-07-04T15:59:40.075+08:00  INFO 29956 --- [livevideo-service] [main] com.alibaba.nacos.common.remote.client   : [c4191d7d-07d6-454c-b3f4-8af722c9db91_config-0] Try to connect to server on start up, server: {serverIp = '127.0.0.1', server main port = 8848}
2024-07-04T15:59:40.119+08:00  INFO 29956 --- [livevideo-service] [main] c.a.n.c.remote.client.grpc.GrpcClient    : grpc client connection server:127.0.0.1 ip,serverPort:9848,grpcTslConfig:{"sslProvider":"","enableTls":false,"mutualAuthEnable":false,"trustAll":false}
2024-07-04T15:59:40.762+08:00  INFO 29956 --- [livevideo-service] [main] c.a.n.c.a.AbstractAbilityControlManager  : Ready to get current node abilities...
2024-07-04T15:59:40.763+08:00  INFO 29956 --- [livevideo-service] [main] c.a.n.c.a.AbstractAbilityControlManager  : Ready to initialize current node abilities, support modes: [SDK_CLIENT]
2024-07-04T15:59:40.764+08:00  INFO 29956 --- [livevideo-service] [main] c.a.n.c.a.AbstractAbilityControlManager  : Initialize current abilities finish...
2024-07-04T15:59:40.765+08:00  INFO 29956 --- [livevideo-service] [main] c.a.n.c.a.d.NacosAbilityManagerHolder    : [AbilityControlManager] Successfully initialize AbilityControlManager
2024-07-04T15:59:40.791+08:00  INFO 29956 --- [livevideo-service] [main] com.alibaba.nacos.common.remote.client   : [c4191d7d-07d6-454c-b3f4-8af722c9db91_config-0] Success to connect to server [127.0.0.1:8848] on start up, connectionId = 1720079980661_127.0.0.1_53005
2024-07-04T15:59:40.791+08:00  INFO 29956 --- [livevideo-service] [com.alibaba.nacos.client.remote.worker.0] com.alibaba.nacos.common.remote.client   : [c4191d7d-07d6-454c-b3f4-8af722c9db91_config-0] Notify connected event to listeners.
2024-07-04T15:59:40.791+08:00  INFO 29956 --- [livevideo-service] [main] com.alibaba.nacos.common.remote.client   : [c4191d7d-07d6-454c-b3f4-8af722c9db91_config-0] Register server push request handler:com.alibaba.nacos.common.remote.client.RpcClient$ConnectResetRequestHandler
2024-07-04T15:59:40.792+08:00  INFO 29956 --- [livevideo-service] [com.alibaba.nacos.client.remote.worker.0] c.a.n.client.config.impl.ClientWorker    : [c4191d7d-07d6-454c-b3f4-8af722c9db91_config-0] Connected,notify listen context...
2024-07-04T15:59:40.792+08:00  INFO 29956 --- [livevideo-service] [main] com.alibaba.nacos.common.remote.client   : [c4191d7d-07d6-454c-b3f4-8af722c9db91_config-0] Register server push request handler:com.alibaba.nacos.common.remote.client.RpcClient$$Lambda/0x00000205a845f600
2024-07-04T15:59:40.842+08:00  INFO 29956 --- [livevideo-service] [main] c.a.nacos.client.config.impl.Limiter     : limitTime:5.0
2024-07-04T15:59:40.863+08:00  WARN 29956 --- [livevideo-service] [main] c.a.c.n.c.NacosPropertySourceBuilder     : Ignore the empty nacos configuration and get it based on dataId[livevideo-service] & group[DEFAULT_GROUP]
2024-07-04T15:59:40.874+08:00  INFO 29956 --- [livevideo-service] [main] c.a.nacos.client.config.utils.JvmUtil    : isMultiInstance:false
2024-07-04T15:59:40.920+08:00  INFO 29956 --- [livevideo-service] [main] b.c.PropertySourceBootstrapConfiguration : Located property source: [BootstrapPropertySource {name='bootstrapProperties-livevideo-service.yaml,DEFAULT_GROUP'}, BootstrapPropertySource {name='bootstrapProperties-livevideo-service,DEFAULT_GROUP'}]
2024-07-04T15:59:40.943+08:00  INFO 29956 --- [livevideo-service] [main] o.e.l.LiveVideoServiceApplication        : No active profile set, falling back to 1 default profile: "default"
2024-07-04T15:59:41.531+08:00  INFO 29956 --- [livevideo-service] [main] o.s.cloud.context.scope.GenericScope     : BeanFactory id=b0620e77-e5e1-3a25-8dcb-9cb0d0d9a108
2024-07-04T15:59:41.556+08:00  WARN 29956 --- [livevideo-service] [main] trationDelegate$BeanPostProcessorChecker : Bean 'org.springframework.cloud.client.loadbalancer.LoadBalancerAutoConfiguration$DeferringLoadBalancerInterceptorConfig' of type [org.springframework.cloud.client.loadbalancer.LoadBalancerAutoConfiguration$DeferringLoadBalancerInterceptorConfig] is not eligible for getting processed by all BeanPostProcessors (for example: not eligible for auto-proxying). The currently created BeanPostProcessor [lbRestClientPostProcessor] is declared through a non-static factory method on that class; consider declaring it as static instead.
2024-07-04T15:59:41.558+08:00  WARN 29956 --- [livevideo-service] [main] trationDelegate$BeanPostProcessorChecker : Bean 'deferringLoadBalancerInterceptor' of type [org.springframework.cloud.client.loadbalancer.DeferringLoadBalancerInterceptor] is not eligible for getting processed by all BeanPostProcessors (for example: not eligible for auto-proxying). Is this bean getting eagerly injected into a currently created BeanPostProcessor [lbRestClientPostProcessor]? Check the corresponding BeanPostProcessor declaration and its dependencies.
2024-07-04T15:59:41.775+08:00  INFO 29956 --- [livevideo-service] [main] o.s.b.w.embedded.tomcat.TomcatWebServer  : Tomcat initialized with port 8081 (http)
2024-07-04T15:59:41.789+08:00  INFO 29956 --- [livevideo-service] [main] o.apache.catalina.core.StandardService   : Starting service [Tomcat]
2024-07-04T15:59:41.789+08:00  INFO 29956 --- [livevideo-service] [main] o.apache.catalina.core.StandardEngine    : Starting Servlet engine: [Apache Tomcat/10.1.25]
2024-07-04T15:59:41.864+08:00  INFO 29956 --- [livevideo-service] [main] o.a.c.c.C.[Tomcat].[localhost].[/]       : Initializing Spring embedded WebApplicationContext
2024-07-04T15:59:41.864+08:00  INFO 29956 --- [livevideo-service] [main] w.s.c.ServletWebServerApplicationContext : Root WebApplicationContext: initialization completed in 903 ms
2024-07-04T15:59:42.343+08:00  WARN 29956 --- [livevideo-service] [main] iguration$LoadBalancerCaffeineWarnLogger : Spring Cloud LoadBalancer is currently working with the default cache. While this cache implementation is useful for development and tests, it's recommended to use Caffeine cache in production.You can switch to using Caffeine cache, by adding it and org.springframework.cache.caffeine.CaffeineCacheManager to the classpath.
2024-07-04T15:59:42.599+08:00  INFO 29956 --- [livevideo-service] [main] o.s.b.w.embedded.tomcat.TomcatWebServer  : Tomcat started on port 8081 (http) with context path '/'
2024-07-04T15:59:42.604+08:00  INFO 29956 --- [livevideo-service] [main] com.alibaba.nacos.client.naming          : initializer namespace from ans.namespace attribute : null
2024-07-04T15:59:42.604+08:00  INFO 29956 --- [livevideo-service] [main] com.alibaba.nacos.client.naming          : initializer namespace from ALIBABA_ALIWARE_NAMESPACE attribute :null
2024-07-04T15:59:42.605+08:00  INFO 29956 --- [livevideo-service] [main] com.alibaba.nacos.client.naming          : initializer namespace from namespace attribute :null
2024-07-04T15:59:42.609+08:00  INFO 29956 --- [livevideo-service] [main] com.alibaba.nacos.client.naming          : FailoverDataSource type is class com.alibaba.nacos.client.naming.backups.datasource.DiskFailoverDataSource
2024-07-04T15:59:42.613+08:00  INFO 29956 --- [livevideo-service] [main] c.a.n.p.a.s.c.ClientAuthPluginManager    : [ClientAuthPluginManager] Load ClientAuthService com.alibaba.nacos.client.auth.impl.NacosClientAuthServiceImpl success.
2024-07-04T15:59:42.613+08:00  INFO 29956 --- [livevideo-service] [main] c.a.n.p.a.s.c.ClientAuthPluginManager    : [ClientAuthPluginManager] Load ClientAuthService com.alibaba.nacos.client.auth.ram.RamClientAuthServiceImpl success.
2024-07-04T15:59:42.617+08:00  INFO 29956 --- [livevideo-service] [main] com.alibaba.nacos.common.remote.client   : [RpcClientFactory] create a new rpc client of 7167ca56-2563-440e-b6f8-5ae8c3f5ca46
2024-07-04T15:59:42.618+08:00  INFO 29956 --- [livevideo-service] [main] com.alibaba.nacos.client.naming          : Create naming rpc client for uuid->7167ca56-2563-440e-b6f8-5ae8c3f5ca46
2024-07-04T15:59:42.619+08:00  INFO 29956 --- [livevideo-service] [main] com.alibaba.nacos.common.remote.client   : [7167ca56-2563-440e-b6f8-5ae8c3f5ca46] RpcClient init, ServerListFactory = com.alibaba.nacos.client.naming.core.ServerListManager
2024-07-04T15:59:42.619+08:00  INFO 29956 --- [livevideo-service] [main] com.alibaba.nacos.common.remote.client   : [7167ca56-2563-440e-b6f8-5ae8c3f5ca46] Registry connection listener to current client:com.alibaba.nacos.client.naming.remote.gprc.redo.NamingGrpcRedoService
2024-07-04T15:59:42.619+08:00  INFO 29956 --- [livevideo-service] [main] com.alibaba.nacos.common.remote.client   : [7167ca56-2563-440e-b6f8-5ae8c3f5ca46] Register server push request handler:com.alibaba.nacos.client.naming.remote.gprc.NamingPushRequestHandler
2024-07-04T15:59:42.620+08:00  INFO 29956 --- [livevideo-service] [main] com.alibaba.nacos.common.remote.client   : [7167ca56-2563-440e-b6f8-5ae8c3f5ca46] Try to connect to server on start up, server: {serverIp = 'localhost', server main port = 8848}
2024-07-04T15:59:42.620+08:00  INFO 29956 --- [livevideo-service] [main] c.a.n.c.remote.client.grpc.GrpcClient    : grpc client connection server:localhost ip,serverPort:9848,grpcTslConfig:{"sslProvider":"","enableTls":false,"mutualAuthEnable":false,"trustAll":false}
2024-07-04T15:59:42.632+08:00  INFO 29956 --- [livevideo-service] [main] com.alibaba.nacos.common.remote.client   : [7167ca56-2563-440e-b6f8-5ae8c3f5ca46] Success to connect to server [localhost:8848] on start up, connectionId = 1720079982624_127.0.0.1_53012
2024-07-04T15:59:42.632+08:00  INFO 29956 --- [livevideo-service] [main] com.alibaba.nacos.common.remote.client   : [7167ca56-2563-440e-b6f8-5ae8c3f5ca46] Register server push request handler:com.alibaba.nacos.common.remote.client.RpcClient$ConnectResetRequestHandler
2024-07-04T15:59:42.632+08:00  INFO 29956 --- [livevideo-service] [com.alibaba.nacos.client.remote.worker.1] com.alibaba.nacos.common.remote.client   : [7167ca56-2563-440e-b6f8-5ae8c3f5ca46] Notify connected event to listeners.
2024-07-04T15:59:42.632+08:00  INFO 29956 --- [livevideo-service] [main] com.alibaba.nacos.common.remote.client   : [7167ca56-2563-440e-b6f8-5ae8c3f5ca46] Register server push request handler:com.alibaba.nacos.common.remote.client.RpcClient$$Lambda/0x00000205a845f600
2024-07-04T15:59:42.632+08:00  INFO 29956 --- [livevideo-service] [com.alibaba.nacos.client.remote.worker.1] com.alibaba.nacos.client.naming          : Grpc connection connect
2024-07-04T15:59:42.633+08:00  INFO 29956 --- [livevideo-service] [main] com.alibaba.nacos.client.naming          : [REGISTER-SERVICE] public registering service livevideo-service with instance Instance{instanceId='null', ip='2.0.0.1', port=8081, weight=1.0, healthy=true, enabled=true, ephemeral=true, clusterName='DEFAULT', serviceName='null', metadata={IPv6=[2403:d400:1000:12:b5f9:fcbc:1cec:f360], preserved.register.source=SPRING_CLOUD}}
2024-07-04T15:59:42.647+08:00  INFO 29956 --- [livevideo-service] [main] c.a.c.n.registry.NacosServiceRegistry    : nacos registry, DEFAULT_GROUP livevideo-service 2.0.0.1:8081 register finished
2024-07-04T15:59:42.659+08:00  INFO 29956 --- [livevideo-service] [main] o.e.l.LiveVideoServiceApplication        : Started LiveVideoServiceApplication in 3.628 seconds (process running for 4.091)
2024-07-04T15:59:42.662+08:00  INFO 29956 --- [livevideo-service] [main] c.a.nacos.client.config.impl.CacheData   : config listener notify warn timeout millis use default 60000 millis 
2024-07-04T15:59:42.663+08:00  INFO 29956 --- [livevideo-service] [main] c.a.nacos.client.config.impl.CacheData   : nacos.cache.data.init.snapshot = true 
2024-07-04T15:59:42.663+08:00  INFO 29956 --- [livevideo-service] [main] c.a.n.client.config.impl.ClientWorker    : [fixed-127.0.0.1_8848] [subscribe] livevideo-service+DEFAULT_GROUP
2024-07-04T15:59:42.680+08:00  INFO 29956 --- [livevideo-service] [main] c.a.nacos.client.config.impl.CacheData   : [fixed-127.0.0.1_8848] [add-listener] ok, tenant=, dataId=livevideo-service, group=DEFAULT_GROUP, cnt=1
2024-07-04T15:59:42.680+08:00  INFO 29956 --- [livevideo-service] [main] c.a.c.n.refresh.NacosContextRefresher    : [Nacos Config] Listening config: dataId=livevideo-service, group=DEFAULT_GROUP
2024-07-04T15:59:42.694+08:00  INFO 29956 --- [livevideo-service] [main] c.a.n.client.config.impl.ClientWorker    : [fixed-127.0.0.1_8848] [subscribe] livevideo-service.yaml+DEFAULT_GROUP
2024-07-04T15:59:42.694+08:00  INFO 29956 --- [livevideo-service] [main] c.a.nacos.client.config.impl.CacheData   : [fixed-127.0.0.1_8848] [add-listener] ok, tenant=, dataId=livevideo-service.yaml, group=DEFAULT_GROUP, cnt=1
2024-07-04T15:59:42.695+08:00  INFO 29956 --- [livevideo-service] [main] c.a.c.n.refresh.NacosContextRefresher    : [Nacos Config] Listening config: dataId=livevideo-service.yaml, group=DEFAULT_GROUP
2024-07-04T15:59:45.190+08:00  INFO 29956 --- [livevideo-service] [http-nio-8081-exec-1] o.a.c.c.C.[Tomcat].[localhost].[/]       : Initializing Spring DispatcherServlet 'dispatcherServlet'
2024-07-04T15:59:45.190+08:00  INFO 29956 --- [livevideo-service] [http-nio-8081-exec-1] o.s.web.servlet.DispatcherServlet        : Initializing Servlet 'dispatcherServlet'
2024-07-04T15:59:45.191+08:00  INFO 29956 --- [livevideo-service] [http-nio-8081-exec-1] o.s.web.servlet.DispatcherServlet        : Completed initialization in 1 ms
2024-07-04T17:59:50.203+08:00  WARN 29956 --- [livevideo-service] [Thread-2] c.a.n.common.http.HttpClientBeanHolder   : [HttpClientBeanHolder] Start destroying common HttpClient
2024-07-04T17:59:50.203+08:00  WARN 29956 --- [livevideo-service] [Thread-5] c.a.nacos.common.notify.NotifyCenter     : [NotifyCenter] Start destroying Publisher
2024-07-04T17:59:50.247+08:00  WARN 29956 --- [livevideo-service] [Thread-5] c.a.nacos.common.notify.NotifyCenter     : [NotifyCenter] Destruction of the end
2024-07-04T17:59:50.269+08:00  WARN 29956 --- [livevideo-service] [Thread-2] c.a.n.common.http.HttpClientBeanHolder   : [HttpClientBeanHolder] Destruction of the end
2024-07-04T17:59:50.492+08:00  INFO 29956 --- [livevideo-service] [SpringApplicationShutdownHook] c.a.c.n.registry.NacosServiceRegistry    : De-registering from Nacos Server now...
2024-07-04T17:59:50.494+08:00  INFO 29956 --- [livevideo-service] [SpringApplicationShutdownHook] com.alibaba.nacos.client.naming          : [DEREGISTER-SERVICE] public deregistering service livevideo-service with instance: Instance{instanceId='null', ip='2.0.0.1', port=8081, weight=1.0, healthy=true, enabled=true, ephemeral=true, clusterName='DEFAULT', serviceName='null', metadata={}}
2024-07-04T17:59:50.527+08:00  INFO 29956 --- [livevideo-service] [SpringApplicationShutdownHook] c.a.c.n.registry.NacosServiceRegistry    : De-registration finished.
2024-07-04T17:59:50.527+08:00  INFO 29956 --- [livevideo-service] [SpringApplicationShutdownHook] com.alibaba.nacos.client.naming          : com.alibaba.nacos.client.naming.cache.ServiceInfoHolder do shutdown begin
2024-07-04T17:59:50.527+08:00  INFO 29956 --- [livevideo-service] [SpringApplicationShutdownHook] com.alibaba.nacos.client.naming          : com.alibaba.nacos.client.naming.backups.FailoverReactor do shutdown begin
2024-07-04T17:59:50.528+08:00  INFO 29956 --- [livevideo-service] [SpringApplicationShutdownHook] com.alibaba.nacos.client.naming          : com.alibaba.nacos.client.naming.backups.FailoverReactor do shutdown stop
2024-07-04T17:59:50.528+08:00  INFO 29956 --- [livevideo-service] [SpringApplicationShutdownHook] com.alibaba.nacos.client.naming          : com.alibaba.nacos.client.naming.cache.ServiceInfoHolder do shutdown stop
2024-07-04T17:59:50.529+08:00  INFO 29956 --- [livevideo-service] [SpringApplicationShutdownHook] com.alibaba.nacos.client.naming          : com.alibaba.nacos.client.naming.remote.NamingClientProxyDelegate do shutdown begin
2024-07-04T17:59:50.529+08:00  INFO 29956 --- [livevideo-service] [SpringApplicationShutdownHook] com.alibaba.nacos.client.naming          : com.alibaba.nacos.client.naming.core.ServiceInfoUpdateService do shutdown begin
2024-07-04T17:59:50.529+08:00  INFO 29956 --- [livevideo-service] [SpringApplicationShutdownHook] com.alibaba.nacos.client.naming          : com.alibaba.nacos.client.naming.core.ServiceInfoUpdateService do shutdown stop
2024-07-04T17:59:50.529+08:00  INFO 29956 --- [livevideo-service] [SpringApplicationShutdownHook] com.alibaba.nacos.client.naming          : com.alibaba.nacos.client.naming.core.ServerListManager do shutdown begin
2024-07-04T17:59:50.529+08:00  WARN 29956 --- [livevideo-service] [SpringApplicationShutdownHook] com.alibaba.nacos.client.naming          : [NamingHttpClientManager] Start destroying NacosRestTemplate
2024-07-04T17:59:50.529+08:00  WARN 29956 --- [livevideo-service] [SpringApplicationShutdownHook] com.alibaba.nacos.client.naming          : [NamingHttpClientManager] Destruction of the end
2024-07-04T17:59:50.529+08:00  INFO 29956 --- [livevideo-service] [SpringApplicationShutdownHook] com.alibaba.nacos.client.naming          : com.alibaba.nacos.client.naming.core.ServerListManager do shutdown stop
2024-07-04T17:59:50.530+08:00  INFO 29956 --- [livevideo-service] [SpringApplicationShutdownHook] com.alibaba.nacos.client.naming          : com.alibaba.nacos.client.naming.remote.http.NamingHttpClientProxy do shutdown begin
2024-07-04T17:59:50.530+08:00  WARN 29956 --- [livevideo-service] [SpringApplicationShutdownHook] com.alibaba.nacos.client.naming          : [NamingHttpClientManager] Start destroying NacosRestTemplate
2024-07-04T17:59:50.530+08:00  WARN 29956 --- [livevideo-service] [SpringApplicationShutdownHook] com.alibaba.nacos.client.naming          : [NamingHttpClientManager] Destruction of the end
2024-07-04T17:59:50.530+08:00  INFO 29956 --- [livevideo-service] [SpringApplicationShutdownHook] com.alibaba.nacos.client.naming          : com.alibaba.nacos.client.naming.remote.http.NamingHttpClientProxy do shutdown stop
2024-07-04T17:59:50.530+08:00  INFO 29956 --- [livevideo-service] [SpringApplicationShutdownHook] com.alibaba.nacos.client.naming          : Shutdown naming grpc client proxy for  uuid->7167ca56-2563-440e-b6f8-5ae8c3f5ca46
2024-07-04T17:59:50.530+08:00  INFO 29956 --- [livevideo-service] [SpringApplicationShutdownHook] com.alibaba.nacos.client.naming          : Shutdown grpc redo service executor java.util.concurrent.ScheduledThreadPoolExecutor@2047adea[Running, pool size = 1, active threads = 0, queued tasks = 1, completed tasks = 2396]
2024-07-04T17:59:50.531+08:00  INFO 29956 --- [livevideo-service] [SpringApplicationShutdownHook] com.alibaba.nacos.common.remote.client   : Shutdown rpc client, set status to shutdown
2024-07-04T17:59:50.531+08:00  INFO 29956 --- [livevideo-service] [SpringApplicationShutdownHook] com.alibaba.nacos.common.remote.client   : Shutdown client event executor java.util.concurrent.ScheduledThreadPoolExecutor@1cb44a2f[Running, pool size = 2, active threads = 2, queued tasks = 0, completed tasks = 0]
2024-07-04T17:59:50.532+08:00  INFO 29956 --- [livevideo-service] [SpringApplicationShutdownHook] com.alibaba.nacos.common.remote.client   : Close current connection 1720079982624_127.0.0.1_53012
2024-07-04T17:59:50.535+08:00  INFO 29956 --- [livevideo-service] [nacos-grpc-client-executor-localhost-1405] c.a.n.c.remote.client.grpc.GrpcClient    : [1720079982624_127.0.0.1_53012]Ignore complete event,isRunning:false,isAbandon=false
2024-07-04T17:59:50.557+08:00  INFO 29956 --- [livevideo-service] [SpringApplicationShutdownHook] c.a.n.c.remote.client.grpc.GrpcClient    : Shutdown grpc executor java.util.concurrent.ThreadPoolExecutor@212e39ee[Running, pool size = 4, active threads = 0, queued tasks = 0, completed tasks = 1406]
2024-07-04T17:59:50.558+08:00  INFO 29956 --- [livevideo-service] [SpringApplicationShutdownHook] com.alibaba.nacos.client.naming          : shutdown and remove naming rpc client  for uuid ->7167ca56-2563-440e-b6f8-5ae8c3f5ca46
2024-07-04T17:59:50.559+08:00  INFO 29956 --- [livevideo-service] [SpringApplicationShutdownHook] c.a.n.c.a.r.identify.CredentialWatcher   : [null] CredentialWatcher is stopped
2024-07-04T17:59:50.559+08:00  INFO 29956 --- [livevideo-service] [SpringApplicationShutdownHook] c.a.n.c.a.r.identify.CredentialService   : [null] CredentialService is freed
2024-07-04T17:59:50.559+08:00  INFO 29956 --- [livevideo-service] [SpringApplicationShutdownHook] com.alibaba.nacos.client.naming          : com.alibaba.nacos.client.naming.remote.NamingClientProxyDelegate do shutdown stop
