2024-07-03T17:48:57.720+08:00  INFO 8636 --- [recommend-service] [main] c.alibaba.nacos.client.utils.ParamUtil   : [settings] [req-serv] nacos-server port:8848
2024-07-03T17:48:57.722+08:00  INFO 8636 --- [recommend-service] [main] c.alibaba.nacos.client.utils.ParamUtil   : [settings] [http-client] connect timeout:1000
2024-07-03T17:48:57.722+08:00  INFO 8636 --- [recommend-service] [Thread-1] c.a.n.c.a.r.identify.CredentialWatcher   : null No credential found
2024-07-03T17:48:57.723+08:00  INFO 8636 --- [recommend-service] [main] c.alibaba.nacos.client.utils.ParamUtil   : PER_TASK_CONFIG_SIZE: 3000.0
2024-07-03T17:48:57.739+08:00  INFO 8636 --- [recommend-service] [main] com.alibaba.nacos.common.labels          : DefaultLabelsCollectorManager get labels.....
2024-07-03T17:48:57.740+08:00  INFO 8636 --- [recommend-service] [main] com.alibaba.nacos.common.labels          : Process LabelsCollector with [name:defaultNacosLabelsCollector]
2024-07-03T17:48:57.740+08:00  INFO 8636 --- [recommend-service] [main] com.alibaba.nacos.common.labels          : default nacos collect properties raw labels: null
2024-07-03T17:48:57.741+08:00  INFO 8636 --- [recommend-service] [main] com.alibaba.nacos.common.labels          : default nacos collect properties labels: {}
2024-07-03T17:48:57.741+08:00  INFO 8636 --- [recommend-service] [main] com.alibaba.nacos.common.labels          : default nacos collect jvm raw labels: null
2024-07-03T17:48:57.741+08:00  INFO 8636 --- [recommend-service] [main] com.alibaba.nacos.common.labels          : default nacos collect jvm labels: {}
2024-07-03T17:48:57.741+08:00  INFO 8636 --- [recommend-service] [main] com.alibaba.nacos.common.labels          : default nacos collect env raw labels: null
2024-07-03T17:48:57.741+08:00  INFO 8636 --- [recommend-service] [main] com.alibaba.nacos.common.labels          : default nacos collect env labels: {}
2024-07-03T17:48:57.742+08:00  INFO 8636 --- [recommend-service] [main] com.alibaba.nacos.common.labels          : DefaultLabelsCollectorManager get labels finished,labels :{}
2024-07-03T17:48:57.746+08:00  INFO 8636 --- [recommend-service] [main] c.a.n.p.a.s.c.ClientAuthPluginManager    : [ClientAuthPluginManager] Load ClientAuthService com.alibaba.nacos.client.auth.impl.NacosClientAuthServiceImpl success.
2024-07-03T17:48:57.746+08:00  INFO 8636 --- [recommend-service] [main] c.a.n.p.a.s.c.ClientAuthPluginManager    : [ClientAuthPluginManager] Load ClientAuthService com.alibaba.nacos.client.auth.ram.RamClientAuthServiceImpl success.
2024-07-03T17:48:57.844+08:00  INFO 8636 --- [recommend-service] [main] c.a.n.c.c.impl.LocalConfigInfoProcessor  : LOCAL_SNAPSHOT_PATH:C:\Users\liang\nacos\config
2024-07-03T17:48:57.846+08:00  INFO 8636 --- [recommend-service] [main] com.alibaba.nacos.common.remote.client   : [RpcClientFactory] create a new rpc client of 0b39ef03-449f-4fe3-820e-56eb4cc1afe2_config-0
2024-07-03T17:48:57.858+08:00  INFO 8636 --- [recommend-service] [main] com.alibaba.nacos.common.remote.client   : [0b39ef03-449f-4fe3-820e-56eb4cc1afe2_config-0] Register server push request handler:com.alibaba.nacos.client.config.impl.ClientWorker$ConfigRpcTransportClient$$Lambda/0x000001c18b30cf20
2024-07-03T17:48:57.858+08:00  INFO 8636 --- [recommend-service] [main] com.alibaba.nacos.common.remote.client   : [0b39ef03-449f-4fe3-820e-56eb4cc1afe2_config-0] Register server push request handler:com.alibaba.nacos.client.config.impl.ClientWorker$ConfigRpcTransportClient$$Lambda/0x000001c18b30d340
2024-07-03T17:48:57.859+08:00  INFO 8636 --- [recommend-service] [main] com.alibaba.nacos.common.remote.client   : [0b39ef03-449f-4fe3-820e-56eb4cc1afe2_config-0] Registry connection listener to current client:com.alibaba.nacos.client.config.impl.ClientWorker$ConfigRpcTransportClient$1
2024-07-03T17:48:57.859+08:00  INFO 8636 --- [recommend-service] [main] com.alibaba.nacos.common.remote.client   : [0b39ef03-449f-4fe3-820e-56eb4cc1afe2_config-0] RpcClient init, ServerListFactory = com.alibaba.nacos.client.config.impl.ClientWorker$ConfigRpcTransportClient$2
2024-07-03T17:48:57.863+08:00  INFO 8636 --- [recommend-service] [main] com.alibaba.nacos.common.remote.client   : [0b39ef03-449f-4fe3-820e-56eb4cc1afe2_config-0] Try to connect to server on start up, server: {serverIp = '127.0.0.1', server main port = 8848}
2024-07-03T17:48:57.886+08:00  INFO 8636 --- [recommend-service] [main] c.a.n.c.remote.client.grpc.GrpcClient    : grpc client connection server:127.0.0.1 ip,serverPort:9848,grpcTslConfig:{"sslProvider":"","enableTls":false,"mutualAuthEnable":false,"trustAll":false}
2024-07-03T17:48:58.274+08:00  INFO 8636 --- [recommend-service] [main] c.a.n.c.a.AbstractAbilityControlManager  : Ready to get current node abilities...
2024-07-03T17:48:58.275+08:00  INFO 8636 --- [recommend-service] [main] c.a.n.c.a.AbstractAbilityControlManager  : Ready to initialize current node abilities, support modes: [SDK_CLIENT]
2024-07-03T17:48:58.276+08:00  INFO 8636 --- [recommend-service] [main] c.a.n.c.a.AbstractAbilityControlManager  : Initialize current abilities finish...
2024-07-03T17:48:58.277+08:00  INFO 8636 --- [recommend-service] [main] c.a.n.c.a.d.NacosAbilityManagerHolder    : [AbilityControlManager] Successfully initialize AbilityControlManager
2024-07-03T17:48:58.294+08:00  INFO 8636 --- [recommend-service] [main] com.alibaba.nacos.common.remote.client   : [0b39ef03-449f-4fe3-820e-56eb4cc1afe2_config-0] Success to connect to server [127.0.0.1:8848] on start up, connectionId = 1720000138210_127.0.0.1_60580
2024-07-03T17:48:58.294+08:00  INFO 8636 --- [recommend-service] [com.alibaba.nacos.client.remote.worker.0] com.alibaba.nacos.common.remote.client   : [0b39ef03-449f-4fe3-820e-56eb4cc1afe2_config-0] Notify connected event to listeners.
2024-07-03T17:48:58.294+08:00  INFO 8636 --- [recommend-service] [main] com.alibaba.nacos.common.remote.client   : [0b39ef03-449f-4fe3-820e-56eb4cc1afe2_config-0] Register server push request handler:com.alibaba.nacos.common.remote.client.RpcClient$ConnectResetRequestHandler
2024-07-03T17:48:58.294+08:00  INFO 8636 --- [recommend-service] [com.alibaba.nacos.client.remote.worker.0] c.a.n.client.config.impl.ClientWorker    : [0b39ef03-449f-4fe3-820e-56eb4cc1afe2_config-0] Connected,notify listen context...
2024-07-03T17:48:58.295+08:00  INFO 8636 --- [recommend-service] [main] com.alibaba.nacos.common.remote.client   : [0b39ef03-449f-4fe3-820e-56eb4cc1afe2_config-0] Register server push request handler:com.alibaba.nacos.common.remote.client.RpcClient$$Lambda/0x000001c18b460000
2024-07-03T17:48:58.327+08:00  INFO 8636 --- [recommend-service] [main] c.a.nacos.client.config.impl.Limiter     : limitTime:5.0
2024-07-03T17:48:58.343+08:00  WARN 8636 --- [recommend-service] [main] c.a.c.n.c.NacosPropertySourceBuilder     : Ignore the empty nacos configuration and get it based on dataId[recommend-service] & group[DEFAULT_GROUP]
2024-07-03T17:48:58.349+08:00  WARN 8636 --- [recommend-service] [main] c.a.c.n.c.NacosPropertySourceBuilder     : Ignore the empty nacos configuration and get it based on dataId[recommend-service.yaml] & group[DEFAULT_GROUP]
2024-07-03T17:48:58.352+08:00  INFO 8636 --- [recommend-service] [main] b.c.PropertySourceBootstrapConfiguration : Located property source: [BootstrapPropertySource {name='bootstrapProperties-recommend-service.yaml,DEFAULT_GROUP'}, BootstrapPropertySource {name='bootstrapProperties-recommend-service,DEFAULT_GROUP'}]
2024-07-03T17:48:58.362+08:00  INFO 8636 --- [recommend-service] [main] o.e.r.RecommendServiceApplication        : No active profile set, falling back to 1 default profile: "default"
2024-07-03T17:48:58.781+08:00  INFO 8636 --- [recommend-service] [main] o.s.cloud.context.scope.GenericScope     : BeanFactory id=c7bedf6f-b15e-3970-bf08-e3f64d4496e9
2024-07-03T17:48:58.939+08:00  INFO 8636 --- [recommend-service] [main] o.s.b.w.embedded.tomcat.TomcatWebServer  : Tomcat initialized with port 8085 (http)
2024-07-03T17:48:58.947+08:00  INFO 8636 --- [recommend-service] [main] o.apache.catalina.core.StandardService   : Starting service [Tomcat]
2024-07-03T17:48:58.947+08:00  INFO 8636 --- [recommend-service] [main] o.apache.catalina.core.StandardEngine    : Starting Servlet engine: [Apache Tomcat/10.1.25]
2024-07-03T17:48:59.003+08:00  INFO 8636 --- [recommend-service] [main] o.a.c.c.C.[Tomcat].[localhost].[/]       : Initializing Spring embedded WebApplicationContext
2024-07-03T17:48:59.004+08:00  INFO 8636 --- [recommend-service] [main] w.s.c.ServletWebServerApplicationContext : Root WebApplicationContext: initialization completed in 632 ms
2024-07-03T17:48:59.300+08:00  INFO 8636 --- [recommend-service] [main] o.s.b.w.embedded.tomcat.TomcatWebServer  : Tomcat started on port 8085 (http) with context path '/'
2024-07-03T17:48:59.304+08:00  INFO 8636 --- [recommend-service] [main] com.alibaba.nacos.client.naming          : initializer namespace from ans.namespace attribute : null
2024-07-03T17:48:59.304+08:00  INFO 8636 --- [recommend-service] [main] com.alibaba.nacos.client.naming          : initializer namespace from ALIBABA_ALIWARE_NAMESPACE attribute :null
2024-07-03T17:48:59.304+08:00  INFO 8636 --- [recommend-service] [main] com.alibaba.nacos.client.naming          : initializer namespace from namespace attribute :null
2024-07-03T17:48:59.309+08:00  INFO 8636 --- [recommend-service] [main] com.alibaba.nacos.client.naming          : FailoverDataSource type is class com.alibaba.nacos.client.naming.backups.datasource.DiskFailoverDataSource
2024-07-03T17:48:59.311+08:00  INFO 8636 --- [recommend-service] [main] c.a.n.p.a.s.c.ClientAuthPluginManager    : [ClientAuthPluginManager] Load ClientAuthService com.alibaba.nacos.client.auth.impl.NacosClientAuthServiceImpl success.
2024-07-03T17:48:59.311+08:00  INFO 8636 --- [recommend-service] [main] c.a.n.p.a.s.c.ClientAuthPluginManager    : [ClientAuthPluginManager] Load ClientAuthService com.alibaba.nacos.client.auth.ram.RamClientAuthServiceImpl success.
2024-07-03T17:48:59.314+08:00  INFO 8636 --- [recommend-service] [main] com.alibaba.nacos.common.remote.client   : [RpcClientFactory] create a new rpc client of 01239828-0f23-4416-b01f-6d2ef09f23b4
2024-07-03T17:48:59.315+08:00  INFO 8636 --- [recommend-service] [main] com.alibaba.nacos.client.naming          : Create naming rpc client for uuid->01239828-0f23-4416-b01f-6d2ef09f23b4
2024-07-03T17:48:59.315+08:00  INFO 8636 --- [recommend-service] [main] com.alibaba.nacos.common.remote.client   : [01239828-0f23-4416-b01f-6d2ef09f23b4] RpcClient init, ServerListFactory = com.alibaba.nacos.client.naming.core.ServerListManager
2024-07-03T17:48:59.315+08:00  INFO 8636 --- [recommend-service] [main] com.alibaba.nacos.common.remote.client   : [01239828-0f23-4416-b01f-6d2ef09f23b4] Registry connection listener to current client:com.alibaba.nacos.client.naming.remote.gprc.redo.NamingGrpcRedoService
2024-07-03T17:48:59.315+08:00  INFO 8636 --- [recommend-service] [main] com.alibaba.nacos.common.remote.client   : [01239828-0f23-4416-b01f-6d2ef09f23b4] Register server push request handler:com.alibaba.nacos.client.naming.remote.gprc.NamingPushRequestHandler
2024-07-03T17:48:59.315+08:00  INFO 8636 --- [recommend-service] [main] com.alibaba.nacos.common.remote.client   : [01239828-0f23-4416-b01f-6d2ef09f23b4] Try to connect to server on start up, server: {serverIp = 'localhost', server main port = 8848}
2024-07-03T17:48:59.315+08:00  INFO 8636 --- [recommend-service] [main] c.a.n.c.remote.client.grpc.GrpcClient    : grpc client connection server:localhost ip,serverPort:9848,grpcTslConfig:{"sslProvider":"","enableTls":false,"mutualAuthEnable":false,"trustAll":false}
2024-07-03T17:48:59.339+08:00  INFO 8636 --- [recommend-service] [main] com.alibaba.nacos.common.remote.client   : [01239828-0f23-4416-b01f-6d2ef09f23b4] Success to connect to server [localhost:8848] on start up, connectionId = 1720000139322_127.0.0.1_60581
2024-07-03T17:48:59.339+08:00  INFO 8636 --- [recommend-service] [main] com.alibaba.nacos.common.remote.client   : [01239828-0f23-4416-b01f-6d2ef09f23b4] Register server push request handler:com.alibaba.nacos.common.remote.client.RpcClient$ConnectResetRequestHandler
2024-07-03T17:48:59.339+08:00  INFO 8636 --- [recommend-service] [com.alibaba.nacos.client.remote.worker.0] com.alibaba.nacos.common.remote.client   : [01239828-0f23-4416-b01f-6d2ef09f23b4] Notify connected event to listeners.
2024-07-03T17:48:59.339+08:00  INFO 8636 --- [recommend-service] [main] com.alibaba.nacos.common.remote.client   : [01239828-0f23-4416-b01f-6d2ef09f23b4] Register server push request handler:com.alibaba.nacos.common.remote.client.RpcClient$$Lambda/0x000001c18b460000
2024-07-03T17:48:59.340+08:00  INFO 8636 --- [recommend-service] [com.alibaba.nacos.client.remote.worker.0] com.alibaba.nacos.client.naming          : Grpc connection connect
2024-07-03T17:48:59.340+08:00  INFO 8636 --- [recommend-service] [main] com.alibaba.nacos.client.naming          : [REGISTER-SERVICE] public registering service recommend-service with instance Instance{instanceId='null', ip='2.0.0.1', port=8085, weight=1.0, healthy=true, enabled=true, ephemeral=true, clusterName='DEFAULT', serviceName='null', metadata={IPv6=[2403:d400:1000:12:a4cb:66cf:c3ba:a5dd], preserved.register.source=SPRING_CLOUD}}
2024-07-03T17:48:59.361+08:00  INFO 8636 --- [recommend-service] [main] c.a.c.n.registry.NacosServiceRegistry    : nacos registry, DEFAULT_GROUP recommend-service 2.0.0.1:8085 register finished
2024-07-03T17:48:59.371+08:00  INFO 8636 --- [recommend-service] [main] o.e.r.RecommendServiceApplication        : Started RecommendServiceApplication in 2.187 seconds (process running for 2.664)
2024-07-03T17:48:59.373+08:00  INFO 8636 --- [recommend-service] [main] c.a.nacos.client.config.impl.CacheData   : config listener notify warn timeout millis use default 60000 millis 
2024-07-03T17:48:59.374+08:00  INFO 8636 --- [recommend-service] [main] c.a.nacos.client.config.impl.CacheData   : nacos.cache.data.init.snapshot = true 
2024-07-03T17:48:59.374+08:00  INFO 8636 --- [recommend-service] [main] c.a.n.client.config.impl.ClientWorker    : [fixed-127.0.0.1_8848] [subscribe] recommend-service+DEFAULT_GROUP
2024-07-03T17:48:59.378+08:00  INFO 8636 --- [recommend-service] [main] c.a.nacos.client.config.impl.CacheData   : [fixed-127.0.0.1_8848] [add-listener] ok, tenant=, dataId=recommend-service, group=DEFAULT_GROUP, cnt=1
2024-07-03T17:48:59.378+08:00  INFO 8636 --- [recommend-service] [main] c.a.c.n.refresh.NacosContextRefresher    : [Nacos Config] Listening config: dataId=recommend-service, group=DEFAULT_GROUP
2024-07-03T17:48:59.379+08:00  INFO 8636 --- [recommend-service] [main] c.a.n.client.config.impl.ClientWorker    : [fixed-127.0.0.1_8848] [subscribe] recommend-service.yaml+DEFAULT_GROUP
2024-07-03T17:48:59.379+08:00  INFO 8636 --- [recommend-service] [main] c.a.nacos.client.config.impl.CacheData   : [fixed-127.0.0.1_8848] [add-listener] ok, tenant=, dataId=recommend-service.yaml, group=DEFAULT_GROUP, cnt=1
2024-07-03T17:48:59.379+08:00  INFO 8636 --- [recommend-service] [main] c.a.c.n.refresh.NacosContextRefresher    : [Nacos Config] Listening config: dataId=recommend-service.yaml, group=DEFAULT_GROUP
2024-07-03T18:10:25.674+08:00  WARN 8636 --- [recommend-service] [Thread-5] c.a.nacos.common.notify.NotifyCenter     : [NotifyCenter] Start destroying Publisher
2024-07-03T18:10:25.676+08:00  WARN 8636 --- [recommend-service] [Thread-5] c.a.nacos.common.notify.NotifyCenter     : [NotifyCenter] Destruction of the end
2024-07-03T18:10:25.677+08:00  WARN 8636 --- [recommend-service] [Thread-2] c.a.n.common.http.HttpClientBeanHolder   : [HttpClientBeanHolder] Start destroying common HttpClient
2024-07-03T18:10:25.678+08:00  WARN 8636 --- [recommend-service] [Thread-2] c.a.n.common.http.HttpClientBeanHolder   : [HttpClientBeanHolder] Destruction of the end
2024-07-03T18:10:25.689+08:00  INFO 8636 --- [recommend-service] [SpringApplicationShutdownHook] c.a.c.n.registry.NacosServiceRegistry    : De-registering from Nacos Server now...
2024-07-03T18:10:25.689+08:00  INFO 8636 --- [recommend-service] [SpringApplicationShutdownHook] com.alibaba.nacos.client.naming          : [DEREGISTER-SERVICE] public deregistering service recommend-service with instance: Instance{instanceId='null', ip='2.0.0.1', port=8085, weight=1.0, healthy=true, enabled=true, ephemeral=true, clusterName='DEFAULT', serviceName='null', metadata={}}
2024-07-03T18:10:25.694+08:00  INFO 8636 --- [recommend-service] [SpringApplicationShutdownHook] c.a.c.n.registry.NacosServiceRegistry    : De-registration finished.
2024-07-03T18:10:25.694+08:00  INFO 8636 --- [recommend-service] [SpringApplicationShutdownHook] com.alibaba.nacos.client.naming          : com.alibaba.nacos.client.naming.cache.ServiceInfoHolder do shutdown begin
2024-07-03T18:10:25.694+08:00  INFO 8636 --- [recommend-service] [SpringApplicationShutdownHook] com.alibaba.nacos.client.naming          : com.alibaba.nacos.client.naming.backups.FailoverReactor do shutdown begin
2024-07-03T18:10:25.695+08:00  INFO 8636 --- [recommend-service] [SpringApplicationShutdownHook] com.alibaba.nacos.client.naming          : com.alibaba.nacos.client.naming.backups.FailoverReactor do shutdown stop
2024-07-03T18:10:25.695+08:00  INFO 8636 --- [recommend-service] [SpringApplicationShutdownHook] com.alibaba.nacos.client.naming          : com.alibaba.nacos.client.naming.cache.ServiceInfoHolder do shutdown stop
2024-07-03T18:10:25.695+08:00  INFO 8636 --- [recommend-service] [SpringApplicationShutdownHook] com.alibaba.nacos.client.naming          : com.alibaba.nacos.client.naming.remote.NamingClientProxyDelegate do shutdown begin
2024-07-03T18:10:25.695+08:00  INFO 8636 --- [recommend-service] [SpringApplicationShutdownHook] com.alibaba.nacos.client.naming          : com.alibaba.nacos.client.naming.core.ServiceInfoUpdateService do shutdown begin
2024-07-03T18:10:25.695+08:00  INFO 8636 --- [recommend-service] [SpringApplicationShutdownHook] com.alibaba.nacos.client.naming          : com.alibaba.nacos.client.naming.core.ServiceInfoUpdateService do shutdown stop
2024-07-03T18:10:25.695+08:00  INFO 8636 --- [recommend-service] [SpringApplicationShutdownHook] com.alibaba.nacos.client.naming          : com.alibaba.nacos.client.naming.core.ServerListManager do shutdown begin
2024-07-03T18:10:25.695+08:00  WARN 8636 --- [recommend-service] [SpringApplicationShutdownHook] com.alibaba.nacos.client.naming          : [NamingHttpClientManager] Start destroying NacosRestTemplate
2024-07-03T18:10:25.695+08:00  WARN 8636 --- [recommend-service] [SpringApplicationShutdownHook] com.alibaba.nacos.client.naming          : [NamingHttpClientManager] Destruction of the end
2024-07-03T18:10:25.695+08:00  INFO 8636 --- [recommend-service] [SpringApplicationShutdownHook] com.alibaba.nacos.client.naming          : com.alibaba.nacos.client.naming.core.ServerListManager do shutdown stop
2024-07-03T18:10:25.695+08:00  INFO 8636 --- [recommend-service] [SpringApplicationShutdownHook] com.alibaba.nacos.client.naming          : com.alibaba.nacos.client.naming.remote.http.NamingHttpClientProxy do shutdown begin
2024-07-03T18:10:25.695+08:00  WARN 8636 --- [recommend-service] [SpringApplicationShutdownHook] com.alibaba.nacos.client.naming          : [NamingHttpClientManager] Start destroying NacosRestTemplate
2024-07-03T18:10:25.695+08:00  WARN 8636 --- [recommend-service] [SpringApplicationShutdownHook] com.alibaba.nacos.client.naming          : [NamingHttpClientManager] Destruction of the end
2024-07-03T18:10:25.695+08:00  INFO 8636 --- [recommend-service] [SpringApplicationShutdownHook] com.alibaba.nacos.client.naming          : com.alibaba.nacos.client.naming.remote.http.NamingHttpClientProxy do shutdown stop
2024-07-03T18:10:25.696+08:00  INFO 8636 --- [recommend-service] [SpringApplicationShutdownHook] com.alibaba.nacos.client.naming          : Shutdown naming grpc client proxy for  uuid->01239828-0f23-4416-b01f-6d2ef09f23b4
2024-07-03T18:10:25.696+08:00  INFO 8636 --- [recommend-service] [SpringApplicationShutdownHook] com.alibaba.nacos.client.naming          : Shutdown grpc redo service executor java.util.concurrent.ScheduledThreadPoolExecutor@fcd0e8d[Running, pool size = 1, active threads = 0, queued tasks = 1, completed tasks = 427]
2024-07-03T18:10:25.696+08:00  INFO 8636 --- [recommend-service] [SpringApplicationShutdownHook] com.alibaba.nacos.common.remote.client   : Shutdown rpc client, set status to shutdown
2024-07-03T18:10:25.696+08:00  INFO 8636 --- [recommend-service] [SpringApplicationShutdownHook] com.alibaba.nacos.common.remote.client   : Shutdown client event executor java.util.concurrent.ScheduledThreadPoolExecutor@2bb0e277[Running, pool size = 2, active threads = 2, queued tasks = 0, completed tasks = 0]
2024-07-03T18:10:25.696+08:00  INFO 8636 --- [recommend-service] [SpringApplicationShutdownHook] com.alibaba.nacos.common.remote.client   : Close current connection 1720000139322_127.0.0.1_60581
2024-07-03T18:10:25.698+08:00  INFO 8636 --- [recommend-service] [nacos-grpc-client-executor-localhost-264] c.a.n.c.remote.client.grpc.GrpcClient    : [1720000139322_127.0.0.1_60581]Ignore complete event,isRunning:false,isAbandon=false
2024-07-03T18:10:25.699+08:00  INFO 8636 --- [recommend-service] [SpringApplicationShutdownHook] c.a.n.c.remote.client.grpc.GrpcClient    : Shutdown grpc executor java.util.concurrent.ThreadPoolExecutor@2cea921a[Running, pool size = 4, active threads = 0, queued tasks = 0, completed tasks = 265]
2024-07-03T18:10:25.700+08:00  INFO 8636 --- [recommend-service] [SpringApplicationShutdownHook] com.alibaba.nacos.client.naming          : shutdown and remove naming rpc client  for uuid ->01239828-0f23-4416-b01f-6d2ef09f23b4
2024-07-03T18:10:25.700+08:00  INFO 8636 --- [recommend-service] [SpringApplicationShutdownHook] c.a.n.c.a.r.identify.CredentialWatcher   : [null] CredentialWatcher is stopped
2024-07-03T18:10:25.700+08:00  INFO 8636 --- [recommend-service] [SpringApplicationShutdownHook] c.a.n.c.a.r.identify.CredentialService   : [null] CredentialService is freed
2024-07-03T18:10:25.700+08:00  INFO 8636 --- [recommend-service] [SpringApplicationShutdownHook] com.alibaba.nacos.client.naming          : com.alibaba.nacos.client.naming.remote.NamingClientProxyDelegate do shutdown stop
2024-07-03T20:33:14.841+08:00  INFO 20684 --- [recommend-service] [main] c.alibaba.nacos.client.utils.ParamUtil   : [settings] [req-serv] nacos-server port:8848
2024-07-03T20:33:14.845+08:00  INFO 20684 --- [recommend-service] [Thread-1] c.a.n.c.a.r.identify.CredentialWatcher   : null No credential found
2024-07-03T20:33:14.847+08:00  INFO 20684 --- [recommend-service] [main] c.alibaba.nacos.client.utils.ParamUtil   : [settings] [http-client] connect timeout:1000
2024-07-03T20:33:14.848+08:00  INFO 20684 --- [recommend-service] [main] c.alibaba.nacos.client.utils.ParamUtil   : PER_TASK_CONFIG_SIZE: 3000.0
2024-07-03T20:33:14.864+08:00  INFO 20684 --- [recommend-service] [main] com.alibaba.nacos.common.labels          : DefaultLabelsCollectorManager get labels.....
2024-07-03T20:33:14.864+08:00  INFO 20684 --- [recommend-service] [main] com.alibaba.nacos.common.labels          : Process LabelsCollector with [name:defaultNacosLabelsCollector]
2024-07-03T20:33:14.864+08:00  INFO 20684 --- [recommend-service] [main] com.alibaba.nacos.common.labels          : default nacos collect properties raw labels: null
2024-07-03T20:33:14.865+08:00  INFO 20684 --- [recommend-service] [main] com.alibaba.nacos.common.labels          : default nacos collect properties labels: {}
2024-07-03T20:33:14.865+08:00  INFO 20684 --- [recommend-service] [main] com.alibaba.nacos.common.labels          : default nacos collect jvm raw labels: null
2024-07-03T20:33:14.865+08:00  INFO 20684 --- [recommend-service] [main] com.alibaba.nacos.common.labels          : default nacos collect jvm labels: {}
2024-07-03T20:33:14.865+08:00  INFO 20684 --- [recommend-service] [main] com.alibaba.nacos.common.labels          : default nacos collect env raw labels: null
2024-07-03T20:33:14.865+08:00  INFO 20684 --- [recommend-service] [main] com.alibaba.nacos.common.labels          : default nacos collect env labels: {}
2024-07-03T20:33:14.865+08:00  INFO 20684 --- [recommend-service] [main] com.alibaba.nacos.common.labels          : DefaultLabelsCollectorManager get labels finished,labels :{}
2024-07-03T20:33:14.870+08:00  INFO 20684 --- [recommend-service] [main] c.a.n.p.a.s.c.ClientAuthPluginManager    : [ClientAuthPluginManager] Load ClientAuthService com.alibaba.nacos.client.auth.impl.NacosClientAuthServiceImpl success.
2024-07-03T20:33:14.870+08:00  INFO 20684 --- [recommend-service] [main] c.a.n.p.a.s.c.ClientAuthPluginManager    : [ClientAuthPluginManager] Load ClientAuthService com.alibaba.nacos.client.auth.ram.RamClientAuthServiceImpl success.
2024-07-03T20:33:14.944+08:00  INFO 20684 --- [recommend-service] [main] c.a.n.c.c.impl.LocalConfigInfoProcessor  : LOCAL_SNAPSHOT_PATH:C:\Users\liang\nacos\config
2024-07-03T20:33:14.947+08:00  INFO 20684 --- [recommend-service] [main] com.alibaba.nacos.common.remote.client   : [RpcClientFactory] create a new rpc client of a1a1b52b-87d9-4325-8d05-6b8c24c40add_config-0
2024-07-03T20:33:14.965+08:00  INFO 20684 --- [recommend-service] [main] com.alibaba.nacos.common.remote.client   : [a1a1b52b-87d9-4325-8d05-6b8c24c40add_config-0] Register server push request handler:com.alibaba.nacos.client.config.impl.ClientWorker$ConfigRpcTransportClient$$Lambda/0x000001db28302868
2024-07-03T20:33:14.965+08:00  INFO 20684 --- [recommend-service] [main] com.alibaba.nacos.common.remote.client   : [a1a1b52b-87d9-4325-8d05-6b8c24c40add_config-0] Register server push request handler:com.alibaba.nacos.client.config.impl.ClientWorker$ConfigRpcTransportClient$$Lambda/0x000001db28302c88
2024-07-03T20:33:14.965+08:00  INFO 20684 --- [recommend-service] [main] com.alibaba.nacos.common.remote.client   : [a1a1b52b-87d9-4325-8d05-6b8c24c40add_config-0] Registry connection listener to current client:com.alibaba.nacos.client.config.impl.ClientWorker$ConfigRpcTransportClient$1
2024-07-03T20:33:14.965+08:00  INFO 20684 --- [recommend-service] [main] com.alibaba.nacos.common.remote.client   : [a1a1b52b-87d9-4325-8d05-6b8c24c40add_config-0] RpcClient init, ServerListFactory = com.alibaba.nacos.client.config.impl.ClientWorker$ConfigRpcTransportClient$2
2024-07-03T20:33:14.972+08:00  INFO 20684 --- [recommend-service] [main] com.alibaba.nacos.common.remote.client   : [a1a1b52b-87d9-4325-8d05-6b8c24c40add_config-0] Try to connect to server on start up, server: {serverIp = '127.0.0.1', server main port = 8848}
2024-07-03T20:33:14.995+08:00  INFO 20684 --- [recommend-service] [main] c.a.n.c.remote.client.grpc.GrpcClient    : grpc client connection server:127.0.0.1 ip,serverPort:9848,grpcTslConfig:{"sslProvider":"","enableTls":false,"mutualAuthEnable":false,"trustAll":false}
2024-07-03T20:33:15.401+08:00  INFO 20684 --- [recommend-service] [main] c.a.n.c.a.AbstractAbilityControlManager  : Ready to get current node abilities...
2024-07-03T20:33:15.402+08:00  INFO 20684 --- [recommend-service] [main] c.a.n.c.a.AbstractAbilityControlManager  : Ready to initialize current node abilities, support modes: [SDK_CLIENT]
2024-07-03T20:33:15.403+08:00  INFO 20684 --- [recommend-service] [main] c.a.n.c.a.AbstractAbilityControlManager  : Initialize current abilities finish...
2024-07-03T20:33:15.404+08:00  INFO 20684 --- [recommend-service] [main] c.a.n.c.a.d.NacosAbilityManagerHolder    : [AbilityControlManager] Successfully initialize AbilityControlManager
2024-07-03T20:33:15.424+08:00  INFO 20684 --- [recommend-service] [main] com.alibaba.nacos.common.remote.client   : [a1a1b52b-87d9-4325-8d05-6b8c24c40add_config-0] Success to connect to server [127.0.0.1:8848] on start up, connectionId = 1720009995341_127.0.0.1_51625
2024-07-03T20:33:15.424+08:00  INFO 20684 --- [recommend-service] [com.alibaba.nacos.client.remote.worker.0] com.alibaba.nacos.common.remote.client   : [a1a1b52b-87d9-4325-8d05-6b8c24c40add_config-0] Notify connected event to listeners.
2024-07-03T20:33:15.424+08:00  INFO 20684 --- [recommend-service] [com.alibaba.nacos.client.remote.worker.0] c.a.n.client.config.impl.ClientWorker    : [a1a1b52b-87d9-4325-8d05-6b8c24c40add_config-0] Connected,notify listen context...
2024-07-03T20:33:15.425+08:00  INFO 20684 --- [recommend-service] [main] com.alibaba.nacos.common.remote.client   : [a1a1b52b-87d9-4325-8d05-6b8c24c40add_config-0] Register server push request handler:com.alibaba.nacos.common.remote.client.RpcClient$ConnectResetRequestHandler
2024-07-03T20:33:15.425+08:00  INFO 20684 --- [recommend-service] [main] com.alibaba.nacos.common.remote.client   : [a1a1b52b-87d9-4325-8d05-6b8c24c40add_config-0] Register server push request handler:com.alibaba.nacos.common.remote.client.RpcClient$$Lambda/0x000001db28460000
2024-07-03T20:33:15.456+08:00  INFO 20684 --- [recommend-service] [main] c.a.nacos.client.config.impl.Limiter     : limitTime:5.0
2024-07-03T20:33:15.472+08:00  WARN 20684 --- [recommend-service] [main] c.a.c.n.c.NacosPropertySourceBuilder     : Ignore the empty nacos configuration and get it based on dataId[recommend-service] & group[DEFAULT_GROUP]
2024-07-03T20:33:15.478+08:00  WARN 20684 --- [recommend-service] [main] c.a.c.n.c.NacosPropertySourceBuilder     : Ignore the empty nacos configuration and get it based on dataId[recommend-service.yaml] & group[DEFAULT_GROUP]
2024-07-03T20:33:15.479+08:00  INFO 20684 --- [recommend-service] [main] b.c.PropertySourceBootstrapConfiguration : Located property source: [BootstrapPropertySource {name='bootstrapProperties-recommend-service.yaml,DEFAULT_GROUP'}, BootstrapPropertySource {name='bootstrapProperties-recommend-service,DEFAULT_GROUP'}]
2024-07-03T20:33:15.492+08:00  INFO 20684 --- [recommend-service] [main] o.e.r.RecommendServiceApplication        : No active profile set, falling back to 1 default profile: "default"
2024-07-03T20:33:15.892+08:00  INFO 20684 --- [recommend-service] [main] o.s.cloud.context.scope.GenericScope     : BeanFactory id=c7bedf6f-b15e-3970-bf08-e3f64d4496e9
2024-07-03T20:33:16.051+08:00  INFO 20684 --- [recommend-service] [main] o.s.b.w.embedded.tomcat.TomcatWebServer  : Tomcat initialized with port 8085 (http)
2024-07-03T20:33:16.062+08:00  INFO 20684 --- [recommend-service] [main] o.apache.catalina.core.StandardService   : Starting service [Tomcat]
2024-07-03T20:33:16.062+08:00  INFO 20684 --- [recommend-service] [main] o.apache.catalina.core.StandardEngine    : Starting Servlet engine: [Apache Tomcat/10.1.25]
2024-07-03T20:33:16.113+08:00  INFO 20684 --- [recommend-service] [main] o.a.c.c.C.[Tomcat].[localhost].[/]       : Initializing Spring embedded WebApplicationContext
2024-07-03T20:33:16.114+08:00  INFO 20684 --- [recommend-service] [main] w.s.c.ServletWebServerApplicationContext : Root WebApplicationContext: initialization completed in 609 ms
2024-07-03T20:33:16.466+08:00  INFO 20684 --- [recommend-service] [main] o.s.b.w.embedded.tomcat.TomcatWebServer  : Tomcat started on port 8085 (http) with context path '/'
2024-07-03T20:33:16.469+08:00  INFO 20684 --- [recommend-service] [main] com.alibaba.nacos.client.naming          : initializer namespace from ans.namespace attribute : null
2024-07-03T20:33:16.470+08:00  INFO 20684 --- [recommend-service] [main] com.alibaba.nacos.client.naming          : initializer namespace from ALIBABA_ALIWARE_NAMESPACE attribute :null
2024-07-03T20:33:16.470+08:00  INFO 20684 --- [recommend-service] [main] com.alibaba.nacos.client.naming          : initializer namespace from namespace attribute :null
2024-07-03T20:33:16.474+08:00  INFO 20684 --- [recommend-service] [main] com.alibaba.nacos.client.naming          : FailoverDataSource type is class com.alibaba.nacos.client.naming.backups.datasource.DiskFailoverDataSource
2024-07-03T20:33:16.477+08:00  INFO 20684 --- [recommend-service] [main] c.a.n.p.a.s.c.ClientAuthPluginManager    : [ClientAuthPluginManager] Load ClientAuthService com.alibaba.nacos.client.auth.impl.NacosClientAuthServiceImpl success.
2024-07-03T20:33:16.477+08:00  INFO 20684 --- [recommend-service] [main] c.a.n.p.a.s.c.ClientAuthPluginManager    : [ClientAuthPluginManager] Load ClientAuthService com.alibaba.nacos.client.auth.ram.RamClientAuthServiceImpl success.
2024-07-03T20:33:16.480+08:00  INFO 20684 --- [recommend-service] [main] com.alibaba.nacos.common.remote.client   : [RpcClientFactory] create a new rpc client of b28fa487-785c-4f47-ace2-8e93b9946f83
2024-07-03T20:33:16.482+08:00  INFO 20684 --- [recommend-service] [main] com.alibaba.nacos.client.naming          : Create naming rpc client for uuid->b28fa487-785c-4f47-ace2-8e93b9946f83
2024-07-03T20:33:16.482+08:00  INFO 20684 --- [recommend-service] [main] com.alibaba.nacos.common.remote.client   : [b28fa487-785c-4f47-ace2-8e93b9946f83] RpcClient init, ServerListFactory = com.alibaba.nacos.client.naming.core.ServerListManager
2024-07-03T20:33:16.482+08:00  INFO 20684 --- [recommend-service] [main] com.alibaba.nacos.common.remote.client   : [b28fa487-785c-4f47-ace2-8e93b9946f83] Registry connection listener to current client:com.alibaba.nacos.client.naming.remote.gprc.redo.NamingGrpcRedoService
2024-07-03T20:33:16.482+08:00  INFO 20684 --- [recommend-service] [main] com.alibaba.nacos.common.remote.client   : [b28fa487-785c-4f47-ace2-8e93b9946f83] Register server push request handler:com.alibaba.nacos.client.naming.remote.gprc.NamingPushRequestHandler
2024-07-03T20:33:16.482+08:00  INFO 20684 --- [recommend-service] [main] com.alibaba.nacos.common.remote.client   : [b28fa487-785c-4f47-ace2-8e93b9946f83] Try to connect to server on start up, server: {serverIp = 'localhost', server main port = 8848}
2024-07-03T20:33:16.483+08:00  INFO 20684 --- [recommend-service] [main] c.a.n.c.remote.client.grpc.GrpcClient    : grpc client connection server:localhost ip,serverPort:9848,grpcTslConfig:{"sslProvider":"","enableTls":false,"mutualAuthEnable":false,"trustAll":false}
2024-07-03T20:33:16.496+08:00  INFO 20684 --- [recommend-service] [main] com.alibaba.nacos.common.remote.client   : [b28fa487-785c-4f47-ace2-8e93b9946f83] Success to connect to server [localhost:8848] on start up, connectionId = 1720009996486_127.0.0.1_51628
2024-07-03T20:33:16.496+08:00  INFO 20684 --- [recommend-service] [main] com.alibaba.nacos.common.remote.client   : [b28fa487-785c-4f47-ace2-8e93b9946f83] Register server push request handler:com.alibaba.nacos.common.remote.client.RpcClient$ConnectResetRequestHandler
2024-07-03T20:33:16.496+08:00  INFO 20684 --- [recommend-service] [main] com.alibaba.nacos.common.remote.client   : [b28fa487-785c-4f47-ace2-8e93b9946f83] Register server push request handler:com.alibaba.nacos.common.remote.client.RpcClient$$Lambda/0x000001db28460000
2024-07-03T20:33:16.496+08:00  INFO 20684 --- [recommend-service] [com.alibaba.nacos.client.remote.worker.0] com.alibaba.nacos.common.remote.client   : [b28fa487-785c-4f47-ace2-8e93b9946f83] Notify connected event to listeners.
2024-07-03T20:33:16.496+08:00  INFO 20684 --- [recommend-service] [com.alibaba.nacos.client.remote.worker.0] com.alibaba.nacos.client.naming          : Grpc connection connect
2024-07-03T20:33:16.497+08:00  INFO 20684 --- [recommend-service] [main] com.alibaba.nacos.client.naming          : [REGISTER-SERVICE] public registering service recommend-service with instance Instance{instanceId='null', ip='2.0.0.1', port=8085, weight=1.0, healthy=true, enabled=true, ephemeral=true, clusterName='DEFAULT', serviceName='null', metadata={IPv6=[2403:d400:1000:12:c0eb:7d12:78d5:aaa6], preserved.register.source=SPRING_CLOUD}}
2024-07-03T20:33:16.512+08:00  INFO 20684 --- [recommend-service] [main] c.a.c.n.registry.NacosServiceRegistry    : nacos registry, DEFAULT_GROUP recommend-service 2.0.0.1:8085 register finished
2024-07-03T20:33:16.522+08:00  INFO 20684 --- [recommend-service] [main] o.e.r.RecommendServiceApplication        : Started RecommendServiceApplication in 2.326 seconds (process running for 2.947)
2024-07-03T20:33:16.524+08:00  INFO 20684 --- [recommend-service] [main] c.a.nacos.client.config.impl.CacheData   : config listener notify warn timeout millis use default 60000 millis 
2024-07-03T20:33:16.525+08:00  INFO 20684 --- [recommend-service] [main] c.a.nacos.client.config.impl.CacheData   : nacos.cache.data.init.snapshot = true 
2024-07-03T20:33:16.525+08:00  INFO 20684 --- [recommend-service] [main] c.a.n.client.config.impl.ClientWorker    : [fixed-127.0.0.1_8848] [subscribe] recommend-service+DEFAULT_GROUP
2024-07-03T20:33:16.529+08:00  INFO 20684 --- [recommend-service] [main] c.a.nacos.client.config.impl.CacheData   : [fixed-127.0.0.1_8848] [add-listener] ok, tenant=, dataId=recommend-service, group=DEFAULT_GROUP, cnt=1
2024-07-03T20:33:16.531+08:00  INFO 20684 --- [recommend-service] [main] c.a.c.n.refresh.NacosContextRefresher    : [Nacos Config] Listening config: dataId=recommend-service, group=DEFAULT_GROUP
2024-07-03T20:33:16.531+08:00  INFO 20684 --- [recommend-service] [main] c.a.n.client.config.impl.ClientWorker    : [fixed-127.0.0.1_8848] [subscribe] recommend-service.yaml+DEFAULT_GROUP
2024-07-03T20:33:16.531+08:00  INFO 20684 --- [recommend-service] [main] c.a.nacos.client.config.impl.CacheData   : [fixed-127.0.0.1_8848] [add-listener] ok, tenant=, dataId=recommend-service.yaml, group=DEFAULT_GROUP, cnt=1
2024-07-03T20:33:16.531+08:00  INFO 20684 --- [recommend-service] [main] c.a.c.n.refresh.NacosContextRefresher    : [Nacos Config] Listening config: dataId=recommend-service.yaml, group=DEFAULT_GROUP
2024-07-03T20:33:24.044+08:00  INFO 20684 --- [recommend-service] [http-nio-8085-exec-1] o.a.c.c.C.[Tomcat].[localhost].[/]       : Initializing Spring DispatcherServlet 'dispatcherServlet'
2024-07-03T20:33:24.045+08:00  INFO 20684 --- [recommend-service] [http-nio-8085-exec-1] o.s.web.servlet.DispatcherServlet        : Initializing Servlet 'dispatcherServlet'
2024-07-03T20:33:24.045+08:00  INFO 20684 --- [recommend-service] [http-nio-8085-exec-1] o.s.web.servlet.DispatcherServlet        : Completed initialization in 0 ms
2024-07-03T20:36:37.942+08:00  WARN 20684 --- [recommend-service] [Thread-5] c.a.nacos.common.notify.NotifyCenter     : [NotifyCenter] Start destroying Publisher
2024-07-03T20:36:37.942+08:00  WARN 20684 --- [recommend-service] [Thread-2] c.a.n.common.http.HttpClientBeanHolder   : [HttpClientBeanHolder] Start destroying common HttpClient
2024-07-03T20:36:37.942+08:00  WARN 20684 --- [recommend-service] [Thread-5] c.a.nacos.common.notify.NotifyCenter     : [NotifyCenter] Destruction of the end
2024-07-03T20:36:37.943+08:00  WARN 20684 --- [recommend-service] [Thread-2] c.a.n.common.http.HttpClientBeanHolder   : [HttpClientBeanHolder] Destruction of the end
2024-07-03T20:36:37.950+08:00  INFO 20684 --- [recommend-service] [SpringApplicationShutdownHook] c.a.c.n.registry.NacosServiceRegistry    : De-registering from Nacos Server now...
2024-07-03T20:36:37.950+08:00  INFO 20684 --- [recommend-service] [SpringApplicationShutdownHook] com.alibaba.nacos.client.naming          : [DEREGISTER-SERVICE] public deregistering service recommend-service with instance: Instance{instanceId='null', ip='2.0.0.1', port=8085, weight=1.0, healthy=true, enabled=true, ephemeral=true, clusterName='DEFAULT', serviceName='null', metadata={}}
2024-07-03T20:36:37.953+08:00  INFO 20684 --- [recommend-service] [SpringApplicationShutdownHook] c.a.c.n.registry.NacosServiceRegistry    : De-registration finished.
2024-07-03T20:36:37.953+08:00  INFO 20684 --- [recommend-service] [SpringApplicationShutdownHook] com.alibaba.nacos.client.naming          : com.alibaba.nacos.client.naming.cache.ServiceInfoHolder do shutdown begin
2024-07-03T20:36:37.953+08:00  INFO 20684 --- [recommend-service] [SpringApplicationShutdownHook] com.alibaba.nacos.client.naming          : com.alibaba.nacos.client.naming.backups.FailoverReactor do shutdown begin
2024-07-03T20:36:37.955+08:00  INFO 20684 --- [recommend-service] [SpringApplicationShutdownHook] com.alibaba.nacos.client.naming          : com.alibaba.nacos.client.naming.backups.FailoverReactor do shutdown stop
2024-07-03T20:36:37.955+08:00  INFO 20684 --- [recommend-service] [SpringApplicationShutdownHook] com.alibaba.nacos.client.naming          : com.alibaba.nacos.client.naming.cache.ServiceInfoHolder do shutdown stop
2024-07-03T20:36:37.955+08:00  INFO 20684 --- [recommend-service] [SpringApplicationShutdownHook] com.alibaba.nacos.client.naming          : com.alibaba.nacos.client.naming.remote.NamingClientProxyDelegate do shutdown begin
2024-07-03T20:36:37.955+08:00  INFO 20684 --- [recommend-service] [SpringApplicationShutdownHook] com.alibaba.nacos.client.naming          : com.alibaba.nacos.client.naming.core.ServiceInfoUpdateService do shutdown begin
2024-07-03T20:36:37.955+08:00  INFO 20684 --- [recommend-service] [SpringApplicationShutdownHook] com.alibaba.nacos.client.naming          : com.alibaba.nacos.client.naming.core.ServiceInfoUpdateService do shutdown stop
2024-07-03T20:36:37.955+08:00  INFO 20684 --- [recommend-service] [SpringApplicationShutdownHook] com.alibaba.nacos.client.naming          : com.alibaba.nacos.client.naming.core.ServerListManager do shutdown begin
2024-07-03T20:36:37.955+08:00  WARN 20684 --- [recommend-service] [SpringApplicationShutdownHook] com.alibaba.nacos.client.naming          : [NamingHttpClientManager] Start destroying NacosRestTemplate
2024-07-03T20:36:37.955+08:00  WARN 20684 --- [recommend-service] [SpringApplicationShutdownHook] com.alibaba.nacos.client.naming          : [NamingHttpClientManager] Destruction of the end
2024-07-03T20:36:37.955+08:00  INFO 20684 --- [recommend-service] [SpringApplicationShutdownHook] com.alibaba.nacos.client.naming          : com.alibaba.nacos.client.naming.core.ServerListManager do shutdown stop
2024-07-03T20:36:37.955+08:00  INFO 20684 --- [recommend-service] [SpringApplicationShutdownHook] com.alibaba.nacos.client.naming          : com.alibaba.nacos.client.naming.remote.http.NamingHttpClientProxy do shutdown begin
2024-07-03T20:36:37.955+08:00  WARN 20684 --- [recommend-service] [SpringApplicationShutdownHook] com.alibaba.nacos.client.naming          : [NamingHttpClientManager] Start destroying NacosRestTemplate
2024-07-03T20:36:37.955+08:00  WARN 20684 --- [recommend-service] [SpringApplicationShutdownHook] com.alibaba.nacos.client.naming          : [NamingHttpClientManager] Destruction of the end
2024-07-03T20:36:37.955+08:00  INFO 20684 --- [recommend-service] [SpringApplicationShutdownHook] com.alibaba.nacos.client.naming          : com.alibaba.nacos.client.naming.remote.http.NamingHttpClientProxy do shutdown stop
2024-07-03T20:36:37.955+08:00  INFO 20684 --- [recommend-service] [SpringApplicationShutdownHook] com.alibaba.nacos.client.naming          : Shutdown naming grpc client proxy for  uuid->b28fa487-785c-4f47-ace2-8e93b9946f83
2024-07-03T20:36:37.955+08:00  INFO 20684 --- [recommend-service] [SpringApplicationShutdownHook] com.alibaba.nacos.client.naming          : Shutdown grpc redo service executor java.util.concurrent.ScheduledThreadPoolExecutor@5408d4b3[Running, pool size = 1, active threads = 0, queued tasks = 1, completed tasks = 66]
2024-07-03T20:36:37.955+08:00  INFO 20684 --- [recommend-service] [SpringApplicationShutdownHook] com.alibaba.nacos.common.remote.client   : Shutdown rpc client, set status to shutdown
2024-07-03T20:36:37.955+08:00  INFO 20684 --- [recommend-service] [SpringApplicationShutdownHook] com.alibaba.nacos.common.remote.client   : Shutdown client event executor java.util.concurrent.ScheduledThreadPoolExecutor@78128dd0[Running, pool size = 2, active threads = 2, queued tasks = 0, completed tasks = 0]
2024-07-03T20:36:37.955+08:00  INFO 20684 --- [recommend-service] [SpringApplicationShutdownHook] com.alibaba.nacos.common.remote.client   : Close current connection 1720009996486_127.0.0.1_51628
2024-07-03T20:36:37.957+08:00  INFO 20684 --- [recommend-service] [nacos-grpc-client-executor-localhost-49] c.a.n.c.remote.client.grpc.GrpcClient    : [1720009996486_127.0.0.1_51628]Ignore complete event,isRunning:false,isAbandon=false
2024-07-03T20:36:37.964+08:00  INFO 20684 --- [recommend-service] [SpringApplicationShutdownHook] c.a.n.c.remote.client.grpc.GrpcClient    : Shutdown grpc executor java.util.concurrent.ThreadPoolExecutor@5c9a4f3b[Running, pool size = 5, active threads = 0, queued tasks = 0, completed tasks = 50]
2024-07-03T20:36:37.965+08:00  INFO 20684 --- [recommend-service] [SpringApplicationShutdownHook] com.alibaba.nacos.client.naming          : shutdown and remove naming rpc client  for uuid ->b28fa487-785c-4f47-ace2-8e93b9946f83
2024-07-03T20:36:37.965+08:00  INFO 20684 --- [recommend-service] [SpringApplicationShutdownHook] c.a.n.c.a.r.identify.CredentialWatcher   : [null] CredentialWatcher is stopped
2024-07-03T20:36:37.965+08:00  INFO 20684 --- [recommend-service] [SpringApplicationShutdownHook] c.a.n.c.a.r.identify.CredentialService   : [null] CredentialService is freed
2024-07-03T20:36:37.965+08:00  INFO 20684 --- [recommend-service] [SpringApplicationShutdownHook] com.alibaba.nacos.client.naming          : com.alibaba.nacos.client.naming.remote.NamingClientProxyDelegate do shutdown stop
2024-07-03T20:36:43.094+08:00  INFO 22432 --- [recommend-service] [main] c.alibaba.nacos.client.utils.ParamUtil   : [settings] [req-serv] nacos-server port:8848
2024-07-03T20:36:43.097+08:00  INFO 22432 --- [recommend-service] [main] c.alibaba.nacos.client.utils.ParamUtil   : [settings] [http-client] connect timeout:1000
2024-07-03T20:36:43.099+08:00  INFO 22432 --- [recommend-service] [main] c.alibaba.nacos.client.utils.ParamUtil   : PER_TASK_CONFIG_SIZE: 3000.0
2024-07-03T20:36:43.101+08:00  INFO 22432 --- [recommend-service] [Thread-1] c.a.n.c.a.r.identify.CredentialWatcher   : null No credential found
2024-07-03T20:36:43.125+08:00  INFO 22432 --- [recommend-service] [main] com.alibaba.nacos.common.labels          : DefaultLabelsCollectorManager get labels.....
2024-07-03T20:36:43.125+08:00  INFO 22432 --- [recommend-service] [main] com.alibaba.nacos.common.labels          : Process LabelsCollector with [name:defaultNacosLabelsCollector]
2024-07-03T20:36:43.125+08:00  INFO 22432 --- [recommend-service] [main] com.alibaba.nacos.common.labels          : default nacos collect properties raw labels: null
2024-07-03T20:36:43.126+08:00  INFO 22432 --- [recommend-service] [main] com.alibaba.nacos.common.labels          : default nacos collect properties labels: {}
2024-07-03T20:36:43.126+08:00  INFO 22432 --- [recommend-service] [main] com.alibaba.nacos.common.labels          : default nacos collect jvm raw labels: null
2024-07-03T20:36:43.126+08:00  INFO 22432 --- [recommend-service] [main] com.alibaba.nacos.common.labels          : default nacos collect jvm labels: {}
2024-07-03T20:36:43.126+08:00  INFO 22432 --- [recommend-service] [main] com.alibaba.nacos.common.labels          : default nacos collect env raw labels: null
2024-07-03T20:36:43.126+08:00  INFO 22432 --- [recommend-service] [main] com.alibaba.nacos.common.labels          : default nacos collect env labels: {}
2024-07-03T20:36:43.126+08:00  INFO 22432 --- [recommend-service] [main] com.alibaba.nacos.common.labels          : DefaultLabelsCollectorManager get labels finished,labels :{}
2024-07-03T20:36:43.134+08:00  INFO 22432 --- [recommend-service] [main] c.a.n.p.a.s.c.ClientAuthPluginManager    : [ClientAuthPluginManager] Load ClientAuthService com.alibaba.nacos.client.auth.impl.NacosClientAuthServiceImpl success.
2024-07-03T20:36:43.134+08:00  INFO 22432 --- [recommend-service] [main] c.a.n.p.a.s.c.ClientAuthPluginManager    : [ClientAuthPluginManager] Load ClientAuthService com.alibaba.nacos.client.auth.ram.RamClientAuthServiceImpl success.
2024-07-03T20:36:43.218+08:00  INFO 22432 --- [recommend-service] [main] c.a.n.c.c.impl.LocalConfigInfoProcessor  : LOCAL_SNAPSHOT_PATH:C:\Users\liang\nacos\config
2024-07-03T20:36:43.222+08:00  INFO 22432 --- [recommend-service] [main] com.alibaba.nacos.common.remote.client   : [RpcClientFactory] create a new rpc client of 9fb132aa-6b89-4373-b2bb-3ae8b78c4b68_config-0
2024-07-03T20:36:43.242+08:00  INFO 22432 --- [recommend-service] [main] com.alibaba.nacos.common.remote.client   : [9fb132aa-6b89-4373-b2bb-3ae8b78c4b68_config-0] Register server push request handler:com.alibaba.nacos.client.config.impl.ClientWorker$ConfigRpcTransportClient$$Lambda/0x000001f4bf3264a0
2024-07-03T20:36:43.242+08:00  INFO 22432 --- [recommend-service] [main] com.alibaba.nacos.common.remote.client   : [9fb132aa-6b89-4373-b2bb-3ae8b78c4b68_config-0] Register server push request handler:com.alibaba.nacos.client.config.impl.ClientWorker$ConfigRpcTransportClient$$Lambda/0x000001f4bf3268c0
2024-07-03T20:36:43.242+08:00  INFO 22432 --- [recommend-service] [main] com.alibaba.nacos.common.remote.client   : [9fb132aa-6b89-4373-b2bb-3ae8b78c4b68_config-0] Registry connection listener to current client:com.alibaba.nacos.client.config.impl.ClientWorker$ConfigRpcTransportClient$1
2024-07-03T20:36:43.243+08:00  INFO 22432 --- [recommend-service] [main] com.alibaba.nacos.common.remote.client   : [9fb132aa-6b89-4373-b2bb-3ae8b78c4b68_config-0] RpcClient init, ServerListFactory = com.alibaba.nacos.client.config.impl.ClientWorker$ConfigRpcTransportClient$2
2024-07-03T20:36:43.247+08:00  INFO 22432 --- [recommend-service] [main] com.alibaba.nacos.common.remote.client   : [9fb132aa-6b89-4373-b2bb-3ae8b78c4b68_config-0] Try to connect to server on start up, server: {serverIp = '127.0.0.1', server main port = 8848}
2024-07-03T20:36:43.273+08:00  INFO 22432 --- [recommend-service] [main] c.a.n.c.remote.client.grpc.GrpcClient    : grpc client connection server:127.0.0.1 ip,serverPort:9848,grpcTslConfig:{"sslProvider":"","enableTls":false,"mutualAuthEnable":false,"trustAll":false}
2024-07-03T20:36:43.872+08:00  INFO 22432 --- [recommend-service] [main] c.a.n.c.a.AbstractAbilityControlManager  : Ready to get current node abilities...
2024-07-03T20:36:43.873+08:00  INFO 22432 --- [recommend-service] [main] c.a.n.c.a.AbstractAbilityControlManager  : Ready to initialize current node abilities, support modes: [SDK_CLIENT]
2024-07-03T20:36:43.873+08:00  INFO 22432 --- [recommend-service] [main] c.a.n.c.a.AbstractAbilityControlManager  : Initialize current abilities finish...
2024-07-03T20:36:43.874+08:00  INFO 22432 --- [recommend-service] [main] c.a.n.c.a.d.NacosAbilityManagerHolder    : [AbilityControlManager] Successfully initialize AbilityControlManager
2024-07-03T20:36:43.891+08:00  INFO 22432 --- [recommend-service] [main] com.alibaba.nacos.common.remote.client   : [9fb132aa-6b89-4373-b2bb-3ae8b78c4b68_config-0] Success to connect to server [127.0.0.1:8848] on start up, connectionId = 1720010203789_127.0.0.1_52012
2024-07-03T20:36:43.892+08:00  INFO 22432 --- [recommend-service] [com.alibaba.nacos.client.remote.worker.0] com.alibaba.nacos.common.remote.client   : [9fb132aa-6b89-4373-b2bb-3ae8b78c4b68_config-0] Notify connected event to listeners.
2024-07-03T20:36:43.892+08:00  INFO 22432 --- [recommend-service] [main] com.alibaba.nacos.common.remote.client   : [9fb132aa-6b89-4373-b2bb-3ae8b78c4b68_config-0] Register server push request handler:com.alibaba.nacos.common.remote.client.RpcClient$ConnectResetRequestHandler
2024-07-03T20:36:43.892+08:00  INFO 22432 --- [recommend-service] [com.alibaba.nacos.client.remote.worker.0] c.a.n.client.config.impl.ClientWorker    : [9fb132aa-6b89-4373-b2bb-3ae8b78c4b68_config-0] Connected,notify listen context...
2024-07-03T20:36:43.892+08:00  INFO 22432 --- [recommend-service] [main] com.alibaba.nacos.common.remote.client   : [9fb132aa-6b89-4373-b2bb-3ae8b78c4b68_config-0] Register server push request handler:com.alibaba.nacos.common.remote.client.RpcClient$$Lambda/0x000001f4bf478228
2024-07-03T20:36:43.956+08:00  INFO 22432 --- [recommend-service] [main] c.a.nacos.client.config.impl.Limiter     : limitTime:5.0
2024-07-03T20:36:43.971+08:00  WARN 22432 --- [recommend-service] [main] c.a.c.n.c.NacosPropertySourceBuilder     : Ignore the empty nacos configuration and get it based on dataId[recommend-service] & group[DEFAULT_GROUP]
2024-07-03T20:36:43.977+08:00  WARN 22432 --- [recommend-service] [main] c.a.c.n.c.NacosPropertySourceBuilder     : Ignore the empty nacos configuration and get it based on dataId[recommend-service.yaml] & group[DEFAULT_GROUP]
2024-07-03T20:36:43.978+08:00  INFO 22432 --- [recommend-service] [main] b.c.PropertySourceBootstrapConfiguration : Located property source: [BootstrapPropertySource {name='bootstrapProperties-recommend-service.yaml,DEFAULT_GROUP'}, BootstrapPropertySource {name='bootstrapProperties-recommend-service,DEFAULT_GROUP'}]
2024-07-03T20:36:43.993+08:00  INFO 22432 --- [recommend-service] [main] o.e.r.RecommendServiceApplication        : No active profile set, falling back to 1 default profile: "default"
2024-07-03T20:36:44.364+08:00  INFO 22432 --- [recommend-service] [main] o.s.cloud.context.scope.GenericScope     : BeanFactory id=c7bedf6f-b15e-3970-bf08-e3f64d4496e9
2024-07-03T20:36:44.554+08:00  INFO 22432 --- [recommend-service] [main] o.s.b.w.embedded.tomcat.TomcatWebServer  : Tomcat initialized with port 8085 (http)
2024-07-03T20:36:44.563+08:00  INFO 22432 --- [recommend-service] [main] o.apache.catalina.core.StandardService   : Starting service [Tomcat]
2024-07-03T20:36:44.563+08:00  INFO 22432 --- [recommend-service] [main] o.apache.catalina.core.StandardEngine    : Starting Servlet engine: [Apache Tomcat/10.1.25]
2024-07-03T20:36:44.623+08:00  INFO 22432 --- [recommend-service] [main] o.a.c.c.C.[Tomcat].[localhost].[/]       : Initializing Spring embedded WebApplicationContext
2024-07-03T20:36:44.623+08:00  INFO 22432 --- [recommend-service] [main] w.s.c.ServletWebServerApplicationContext : Root WebApplicationContext: initialization completed in 614 ms
2024-07-03T20:36:44.957+08:00  INFO 22432 --- [recommend-service] [main] o.s.b.w.embedded.tomcat.TomcatWebServer  : Tomcat started on port 8085 (http) with context path '/'
2024-07-03T20:36:44.961+08:00  INFO 22432 --- [recommend-service] [main] com.alibaba.nacos.client.naming          : initializer namespace from ans.namespace attribute : null
2024-07-03T20:36:44.961+08:00  INFO 22432 --- [recommend-service] [main] com.alibaba.nacos.client.naming          : initializer namespace from ALIBABA_ALIWARE_NAMESPACE attribute :null
2024-07-03T20:36:44.961+08:00  INFO 22432 --- [recommend-service] [main] com.alibaba.nacos.client.naming          : initializer namespace from namespace attribute :null
2024-07-03T20:36:44.966+08:00  INFO 22432 --- [recommend-service] [main] com.alibaba.nacos.client.naming          : FailoverDataSource type is class com.alibaba.nacos.client.naming.backups.datasource.DiskFailoverDataSource
2024-07-03T20:36:44.969+08:00  INFO 22432 --- [recommend-service] [main] c.a.n.p.a.s.c.ClientAuthPluginManager    : [ClientAuthPluginManager] Load ClientAuthService com.alibaba.nacos.client.auth.impl.NacosClientAuthServiceImpl success.
2024-07-03T20:36:44.970+08:00  INFO 22432 --- [recommend-service] [main] c.a.n.p.a.s.c.ClientAuthPluginManager    : [ClientAuthPluginManager] Load ClientAuthService com.alibaba.nacos.client.auth.ram.RamClientAuthServiceImpl success.
2024-07-03T20:36:44.973+08:00  INFO 22432 --- [recommend-service] [main] com.alibaba.nacos.common.remote.client   : [RpcClientFactory] create a new rpc client of 48d27caa-6603-471b-a872-1d6837fb36a9
2024-07-03T20:36:44.975+08:00  INFO 22432 --- [recommend-service] [main] com.alibaba.nacos.client.naming          : Create naming rpc client for uuid->48d27caa-6603-471b-a872-1d6837fb36a9
2024-07-03T20:36:44.975+08:00  INFO 22432 --- [recommend-service] [main] com.alibaba.nacos.common.remote.client   : [48d27caa-6603-471b-a872-1d6837fb36a9] RpcClient init, ServerListFactory = com.alibaba.nacos.client.naming.core.ServerListManager
2024-07-03T20:36:44.975+08:00  INFO 22432 --- [recommend-service] [main] com.alibaba.nacos.common.remote.client   : [48d27caa-6603-471b-a872-1d6837fb36a9] Registry connection listener to current client:com.alibaba.nacos.client.naming.remote.gprc.redo.NamingGrpcRedoService
2024-07-03T20:36:44.975+08:00  INFO 22432 --- [recommend-service] [main] com.alibaba.nacos.common.remote.client   : [48d27caa-6603-471b-a872-1d6837fb36a9] Register server push request handler:com.alibaba.nacos.client.naming.remote.gprc.NamingPushRequestHandler
2024-07-03T20:36:44.976+08:00  INFO 22432 --- [recommend-service] [main] com.alibaba.nacos.common.remote.client   : [48d27caa-6603-471b-a872-1d6837fb36a9] Try to connect to server on start up, server: {serverIp = 'localhost', server main port = 8848}
2024-07-03T20:36:44.976+08:00  INFO 22432 --- [recommend-service] [main] c.a.n.c.remote.client.grpc.GrpcClient    : grpc client connection server:localhost ip,serverPort:9848,grpcTslConfig:{"sslProvider":"","enableTls":false,"mutualAuthEnable":false,"trustAll":false}
2024-07-03T20:36:44.986+08:00  INFO 22432 --- [recommend-service] [main] com.alibaba.nacos.common.remote.client   : [48d27caa-6603-471b-a872-1d6837fb36a9] Success to connect to server [localhost:8848] on start up, connectionId = 1720010204979_127.0.0.1_52013
2024-07-03T20:36:44.987+08:00  INFO 22432 --- [recommend-service] [main] com.alibaba.nacos.common.remote.client   : [48d27caa-6603-471b-a872-1d6837fb36a9] Register server push request handler:com.alibaba.nacos.common.remote.client.RpcClient$ConnectResetRequestHandler
2024-07-03T20:36:44.987+08:00  INFO 22432 --- [recommend-service] [com.alibaba.nacos.client.remote.worker.0] com.alibaba.nacos.common.remote.client   : [48d27caa-6603-471b-a872-1d6837fb36a9] Notify connected event to listeners.
2024-07-03T20:36:44.987+08:00  INFO 22432 --- [recommend-service] [main] com.alibaba.nacos.common.remote.client   : [48d27caa-6603-471b-a872-1d6837fb36a9] Register server push request handler:com.alibaba.nacos.common.remote.client.RpcClient$$Lambda/0x000001f4bf478228
2024-07-03T20:36:44.987+08:00  INFO 22432 --- [recommend-service] [com.alibaba.nacos.client.remote.worker.0] com.alibaba.nacos.client.naming          : Grpc connection connect
2024-07-03T20:36:44.988+08:00  INFO 22432 --- [recommend-service] [main] com.alibaba.nacos.client.naming          : [REGISTER-SERVICE] public registering service recommend-service with instance Instance{instanceId='null', ip='2.0.0.1', port=8085, weight=1.0, healthy=true, enabled=true, ephemeral=true, clusterName='DEFAULT', serviceName='null', metadata={IPv6=[2403:d400:1000:12:c0eb:7d12:78d5:aaa6], preserved.register.source=SPRING_CLOUD}}
2024-07-03T20:36:45.000+08:00  INFO 22432 --- [recommend-service] [main] c.a.c.n.registry.NacosServiceRegistry    : nacos registry, DEFAULT_GROUP recommend-service 2.0.0.1:8085 register finished
2024-07-03T20:36:45.011+08:00  INFO 22432 --- [recommend-service] [main] o.e.r.RecommendServiceApplication        : Started RecommendServiceApplication in 2.744 seconds (process running for 3.662)
2024-07-03T20:36:45.013+08:00  INFO 22432 --- [recommend-service] [main] c.a.nacos.client.config.impl.CacheData   : config listener notify warn timeout millis use default 60000 millis 
2024-07-03T20:36:45.013+08:00  INFO 22432 --- [recommend-service] [main] c.a.nacos.client.config.impl.CacheData   : nacos.cache.data.init.snapshot = true 
2024-07-03T20:36:45.013+08:00  INFO 22432 --- [recommend-service] [main] c.a.n.client.config.impl.ClientWorker    : [fixed-127.0.0.1_8848] [subscribe] recommend-service+DEFAULT_GROUP
2024-07-03T20:36:45.019+08:00  INFO 22432 --- [recommend-service] [main] c.a.nacos.client.config.impl.CacheData   : [fixed-127.0.0.1_8848] [add-listener] ok, tenant=, dataId=recommend-service, group=DEFAULT_GROUP, cnt=1
2024-07-03T20:36:45.020+08:00  INFO 22432 --- [recommend-service] [main] c.a.c.n.refresh.NacosContextRefresher    : [Nacos Config] Listening config: dataId=recommend-service, group=DEFAULT_GROUP
2024-07-03T20:36:45.020+08:00  INFO 22432 --- [recommend-service] [main] c.a.n.client.config.impl.ClientWorker    : [fixed-127.0.0.1_8848] [subscribe] recommend-service.yaml+DEFAULT_GROUP
2024-07-03T20:36:45.020+08:00  INFO 22432 --- [recommend-service] [main] c.a.nacos.client.config.impl.CacheData   : [fixed-127.0.0.1_8848] [add-listener] ok, tenant=, dataId=recommend-service.yaml, group=DEFAULT_GROUP, cnt=1
2024-07-03T20:36:45.020+08:00  INFO 22432 --- [recommend-service] [main] c.a.c.n.refresh.NacosContextRefresher    : [Nacos Config] Listening config: dataId=recommend-service.yaml, group=DEFAULT_GROUP
2024-07-03T20:36:53.196+08:00  INFO 22432 --- [recommend-service] [http-nio-8085-exec-1] o.a.c.c.C.[Tomcat].[localhost].[/]       : Initializing Spring DispatcherServlet 'dispatcherServlet'
2024-07-03T20:36:53.197+08:00  INFO 22432 --- [recommend-service] [http-nio-8085-exec-1] o.s.web.servlet.DispatcherServlet        : Initializing Servlet 'dispatcherServlet'
2024-07-03T20:36:53.197+08:00  INFO 22432 --- [recommend-service] [http-nio-8085-exec-1] o.s.web.servlet.DispatcherServlet        : Completed initialization in 0 ms
