2024-07-03T17:39:38.428+08:00  INFO 13080 --- [recordvideo-service] [main] c.alibaba.nacos.client.utils.ParamUtil   : [settings] [req-serv] nacos-server port:8848
2024-07-03T17:39:38.430+08:00  INFO 13080 --- [recordvideo-service] [main] c.alibaba.nacos.client.utils.ParamUtil   : [settings] [http-client] connect timeout:1000
2024-07-03T17:39:38.430+08:00  INFO 13080 --- [recordvideo-service] [Thread-1] c.a.n.c.a.r.identify.CredentialWatcher   : null No credential found
2024-07-03T17:39:38.430+08:00  INFO 13080 --- [recordvideo-service] [main] c.alibaba.nacos.client.utils.ParamUtil   : PER_TASK_CONFIG_SIZE: 3000.0
2024-07-03T17:39:38.453+08:00  INFO 13080 --- [recordvideo-service] [main] com.alibaba.nacos.common.labels          : DefaultLabelsCollectorManager get labels.....
2024-07-03T17:39:38.453+08:00  INFO 13080 --- [recordvideo-service] [main] com.alibaba.nacos.common.labels          : Process LabelsCollector with [name:defaultNacosLabelsCollector]
2024-07-03T17:39:38.453+08:00  INFO 13080 --- [recordvideo-service] [main] com.alibaba.nacos.common.labels          : default nacos collect properties raw labels: null
2024-07-03T17:39:38.454+08:00  INFO 13080 --- [recordvideo-service] [main] com.alibaba.nacos.common.labels          : default nacos collect properties labels: {}
2024-07-03T17:39:38.454+08:00  INFO 13080 --- [recordvideo-service] [main] com.alibaba.nacos.common.labels          : default nacos collect jvm raw labels: null
2024-07-03T17:39:38.454+08:00  INFO 13080 --- [recordvideo-service] [main] com.alibaba.nacos.common.labels          : default nacos collect jvm labels: {}
2024-07-03T17:39:38.454+08:00  INFO 13080 --- [recordvideo-service] [main] com.alibaba.nacos.common.labels          : default nacos collect env raw labels: null
2024-07-03T17:39:38.454+08:00  INFO 13080 --- [recordvideo-service] [main] com.alibaba.nacos.common.labels          : default nacos collect env labels: {}
2024-07-03T17:39:38.454+08:00  INFO 13080 --- [recordvideo-service] [main] com.alibaba.nacos.common.labels          : DefaultLabelsCollectorManager get labels finished,labels :{}
2024-07-03T17:39:38.459+08:00  INFO 13080 --- [recordvideo-service] [main] c.a.n.p.a.s.c.ClientAuthPluginManager    : [ClientAuthPluginManager] Load ClientAuthService com.alibaba.nacos.client.auth.impl.NacosClientAuthServiceImpl success.
2024-07-03T17:39:38.459+08:00  INFO 13080 --- [recordvideo-service] [main] c.a.n.p.a.s.c.ClientAuthPluginManager    : [ClientAuthPluginManager] Load ClientAuthService com.alibaba.nacos.client.auth.ram.RamClientAuthServiceImpl success.
2024-07-03T17:39:38.542+08:00  INFO 13080 --- [recordvideo-service] [main] c.a.n.c.c.impl.LocalConfigInfoProcessor  : LOCAL_SNAPSHOT_PATH:C:\Users\liang\nacos\config
2024-07-03T17:39:38.545+08:00  INFO 13080 --- [recordvideo-service] [main] com.alibaba.nacos.common.remote.client   : [RpcClientFactory] create a new rpc client of 0f94d961-bce0-416f-9792-ef197de0ecce_config-0
2024-07-03T17:39:38.559+08:00  INFO 13080 --- [recordvideo-service] [main] com.alibaba.nacos.common.remote.client   : [0f94d961-bce0-416f-9792-ef197de0ecce_config-0] Register server push request handler:com.alibaba.nacos.client.config.impl.ClientWorker$ConfigRpcTransportClient$$Lambda/0x000002409c310650
2024-07-03T17:39:38.559+08:00  INFO 13080 --- [recordvideo-service] [main] com.alibaba.nacos.common.remote.client   : [0f94d961-bce0-416f-9792-ef197de0ecce_config-0] Register server push request handler:com.alibaba.nacos.client.config.impl.ClientWorker$ConfigRpcTransportClient$$Lambda/0x000002409c310a70
2024-07-03T17:39:38.559+08:00  INFO 13080 --- [recordvideo-service] [main] com.alibaba.nacos.common.remote.client   : [0f94d961-bce0-416f-9792-ef197de0ecce_config-0] Registry connection listener to current client:com.alibaba.nacos.client.config.impl.ClientWorker$ConfigRpcTransportClient$1
2024-07-03T17:39:38.560+08:00  INFO 13080 --- [recordvideo-service] [main] com.alibaba.nacos.common.remote.client   : [0f94d961-bce0-416f-9792-ef197de0ecce_config-0] RpcClient init, ServerListFactory = com.alibaba.nacos.client.config.impl.ClientWorker$ConfigRpcTransportClient$2
2024-07-03T17:39:38.564+08:00  INFO 13080 --- [recordvideo-service] [main] com.alibaba.nacos.common.remote.client   : [0f94d961-bce0-416f-9792-ef197de0ecce_config-0] Try to connect to server on start up, server: {serverIp = '127.0.0.1', server main port = 8848}
2024-07-03T17:39:38.590+08:00  INFO 13080 --- [recordvideo-service] [main] c.a.n.c.remote.client.grpc.GrpcClient    : grpc client connection server:127.0.0.1 ip,serverPort:9848,grpcTslConfig:{"sslProvider":"","enableTls":false,"mutualAuthEnable":false,"trustAll":false}
2024-07-03T17:39:39.162+08:00  INFO 13080 --- [recordvideo-service] [main] c.a.n.c.a.AbstractAbilityControlManager  : Ready to get current node abilities...
2024-07-03T17:39:39.163+08:00  INFO 13080 --- [recordvideo-service] [main] c.a.n.c.a.AbstractAbilityControlManager  : Ready to initialize current node abilities, support modes: [SDK_CLIENT]
2024-07-03T17:39:39.163+08:00  INFO 13080 --- [recordvideo-service] [main] c.a.n.c.a.AbstractAbilityControlManager  : Initialize current abilities finish...
2024-07-03T17:39:39.164+08:00  INFO 13080 --- [recordvideo-service] [main] c.a.n.c.a.d.NacosAbilityManagerHolder    : [AbilityControlManager] Successfully initialize AbilityControlManager
2024-07-03T17:39:39.186+08:00  INFO 13080 --- [recordvideo-service] [main] com.alibaba.nacos.common.remote.client   : [0f94d961-bce0-416f-9792-ef197de0ecce_config-0] Success to connect to server [127.0.0.1:8848] on start up, connectionId = 1719999579093_127.0.0.1_59886
2024-07-03T17:39:39.187+08:00  INFO 13080 --- [recordvideo-service] [com.alibaba.nacos.client.remote.worker.0] com.alibaba.nacos.common.remote.client   : [0f94d961-bce0-416f-9792-ef197de0ecce_config-0] Notify connected event to listeners.
2024-07-03T17:39:39.187+08:00  INFO 13080 --- [recordvideo-service] [main] com.alibaba.nacos.common.remote.client   : [0f94d961-bce0-416f-9792-ef197de0ecce_config-0] Register server push request handler:com.alibaba.nacos.common.remote.client.RpcClient$ConnectResetRequestHandler
2024-07-03T17:39:39.187+08:00  INFO 13080 --- [recordvideo-service] [com.alibaba.nacos.client.remote.worker.0] c.a.n.client.config.impl.ClientWorker    : [0f94d961-bce0-416f-9792-ef197de0ecce_config-0] Connected,notify listen context...
2024-07-03T17:39:39.187+08:00  INFO 13080 --- [recordvideo-service] [main] com.alibaba.nacos.common.remote.client   : [0f94d961-bce0-416f-9792-ef197de0ecce_config-0] Register server push request handler:com.alibaba.nacos.common.remote.client.RpcClient$$Lambda/0x000002409c4a5b18
2024-07-03T17:39:39.236+08:00  INFO 13080 --- [recordvideo-service] [main] c.a.nacos.client.config.impl.Limiter     : limitTime:5.0
2024-07-03T17:39:39.258+08:00  WARN 13080 --- [recordvideo-service] [main] c.a.c.n.c.NacosPropertySourceBuilder     : Ignore the empty nacos configuration and get it based on dataId[recordvideo-service] & group[DEFAULT_GROUP]
2024-07-03T17:39:39.264+08:00  WARN 13080 --- [recordvideo-service] [main] c.a.c.n.c.NacosPropertySourceBuilder     : Ignore the empty nacos configuration and get it based on dataId[recordvideo-service.yaml] & group[DEFAULT_GROUP]
2024-07-03T17:39:39.265+08:00  INFO 13080 --- [recordvideo-service] [main] b.c.PropertySourceBootstrapConfiguration : Located property source: [BootstrapPropertySource {name='bootstrapProperties-recordvideo-service.yaml,DEFAULT_GROUP'}, BootstrapPropertySource {name='bootstrapProperties-recordvideo-service,DEFAULT_GROUP'}]
2024-07-03T17:39:39.275+08:00  INFO 13080 --- [recordvideo-service] [main] o.e.r.RecordVideoServiceApplication      : No active profile set, falling back to 1 default profile: "default"
2024-07-03T17:39:39.722+08:00  INFO 13080 --- [recordvideo-service] [main] .s.d.r.c.RepositoryConfigurationDelegate : Bootstrapping Spring Data JPA repositories in DEFAULT mode.
2024-07-03T17:39:39.733+08:00  INFO 13080 --- [recordvideo-service] [main] .s.d.r.c.RepositoryConfigurationDelegate : Finished Spring Data repository scanning in 4 ms. Found 0 JPA repository interfaces.
2024-07-03T17:39:39.854+08:00  INFO 13080 --- [recordvideo-service] [main] o.s.cloud.context.scope.GenericScope     : BeanFactory id=107b215b-f173-3305-a227-3b314fdfa7d3
2024-07-03T17:39:40.113+08:00  INFO 13080 --- [recordvideo-service] [main] o.s.b.w.embedded.tomcat.TomcatWebServer  : Tomcat initialized with port 8084 (http)
2024-07-03T17:39:40.123+08:00  INFO 13080 --- [recordvideo-service] [main] o.apache.catalina.core.StandardService   : Starting service [Tomcat]
2024-07-03T17:39:40.124+08:00  INFO 13080 --- [recordvideo-service] [main] o.apache.catalina.core.StandardEngine    : Starting Servlet engine: [Apache Tomcat/10.1.25]
2024-07-03T17:39:40.192+08:00  INFO 13080 --- [recordvideo-service] [main] o.a.c.c.C.[Tomcat].[localhost].[/]       : Initializing Spring embedded WebApplicationContext
2024-07-03T17:39:40.193+08:00  INFO 13080 --- [recordvideo-service] [main] w.s.c.ServletWebServerApplicationContext : Root WebApplicationContext: initialization completed in 905 ms
2024-07-03T17:39:40.246+08:00  WARN 13080 --- [recordvideo-service] [main] ConfigServletWebServerApplicationContext : Exception encountered during context initialization - cancelling refresh attempt: org.springframework.beans.factory.BeanCreationException: Error creating bean with name 'entityManagerFactory' defined in class path resource [org/springframework/boot/autoconfigure/orm/jpa/HibernateJpaConfiguration.class]: Failed to initialize dependency 'dataSourceScriptDatabaseInitializer' of LoadTimeWeaverAware bean 'entityManagerFactory': Error creating bean with name 'dataSourceScriptDatabaseInitializer' defined in class path resource [org/springframework/boot/autoconfigure/sql/init/DataSourceInitializationConfiguration.class]: Unsatisfied dependency expressed through method 'dataSourceScriptDatabaseInitializer' parameter 0: Error creating bean with name 'dataSource' defined in class path resource [org/springframework/boot/autoconfigure/jdbc/DataSourceConfiguration$Hikari.class]: Failed to instantiate [com.zaxxer.hikari.HikariDataSource]: Factory method 'dataSource' threw exception with message: Failed to determine a suitable driver class
2024-07-03T17:39:40.247+08:00  INFO 13080 --- [recordvideo-service] [main] o.apache.catalina.core.StandardService   : Stopping service [Tomcat]
2024-07-03T17:39:40.261+08:00  INFO 13080 --- [recordvideo-service] [main] .s.b.a.l.ConditionEvaluationReportLogger : 

Error starting ApplicationContext. To display the condition evaluation report re-run your application with 'debug' enabled.
2024-07-03T17:39:40.274+08:00 ERROR 13080 --- [recordvideo-service] [main] o.s.b.d.LoggingFailureAnalysisReporter   : 

***************************
APPLICATION FAILED TO START
***************************

Description:

Failed to configure a DataSource: 'url' attribute is not specified and no embedded datasource could be configured.

Reason: Failed to determine a suitable driver class


Action:

Consider the following:
	If you want an embedded database (H2, HSQL or Derby), please put it on the classpath.
	If you have database settings to be loaded from a particular profile you may need to activate it (no profiles are currently active).

2024-07-03T17:39:40.276+08:00  WARN 13080 --- [recordvideo-service] [Thread-2] c.a.n.common.http.HttpClientBeanHolder   : [HttpClientBeanHolder] Start destroying common HttpClient
2024-07-03T17:39:40.276+08:00  WARN 13080 --- [recordvideo-service] [Thread-2] c.a.n.common.http.HttpClientBeanHolder   : [HttpClientBeanHolder] Destruction of the end
2024-07-03T17:39:40.276+08:00  WARN 13080 --- [recordvideo-service] [Thread-5] c.a.nacos.common.notify.NotifyCenter     : [NotifyCenter] Start destroying Publisher
2024-07-03T17:39:40.276+08:00  WARN 13080 --- [recordvideo-service] [Thread-5] c.a.nacos.common.notify.NotifyCenter     : [NotifyCenter] Destruction of the end
2024-07-03T17:42:11.155+08:00  INFO 24604 --- [recordvideo-service] [main] c.alibaba.nacos.client.utils.ParamUtil   : [settings] [req-serv] nacos-server port:8848
2024-07-03T17:42:11.158+08:00  INFO 24604 --- [recordvideo-service] [main] c.alibaba.nacos.client.utils.ParamUtil   : [settings] [http-client] connect timeout:1000
2024-07-03T17:42:11.159+08:00  INFO 24604 --- [recordvideo-service] [Thread-1] c.a.n.c.a.r.identify.CredentialWatcher   : null No credential found
2024-07-03T17:42:11.159+08:00  INFO 24604 --- [recordvideo-service] [main] c.alibaba.nacos.client.utils.ParamUtil   : PER_TASK_CONFIG_SIZE: 3000.0
2024-07-03T17:42:11.181+08:00  INFO 24604 --- [recordvideo-service] [main] com.alibaba.nacos.common.labels          : DefaultLabelsCollectorManager get labels.....
2024-07-03T17:42:11.181+08:00  INFO 24604 --- [recordvideo-service] [main] com.alibaba.nacos.common.labels          : Process LabelsCollector with [name:defaultNacosLabelsCollector]
2024-07-03T17:42:11.181+08:00  INFO 24604 --- [recordvideo-service] [main] com.alibaba.nacos.common.labels          : default nacos collect properties raw labels: null
2024-07-03T17:42:11.182+08:00  INFO 24604 --- [recordvideo-service] [main] com.alibaba.nacos.common.labels          : default nacos collect properties labels: {}
2024-07-03T17:42:11.182+08:00  INFO 24604 --- [recordvideo-service] [main] com.alibaba.nacos.common.labels          : default nacos collect jvm raw labels: null
2024-07-03T17:42:11.182+08:00  INFO 24604 --- [recordvideo-service] [main] com.alibaba.nacos.common.labels          : default nacos collect jvm labels: {}
2024-07-03T17:42:11.182+08:00  INFO 24604 --- [recordvideo-service] [main] com.alibaba.nacos.common.labels          : default nacos collect env raw labels: null
2024-07-03T17:42:11.182+08:00  INFO 24604 --- [recordvideo-service] [main] com.alibaba.nacos.common.labels          : default nacos collect env labels: {}
2024-07-03T17:42:11.183+08:00  INFO 24604 --- [recordvideo-service] [main] com.alibaba.nacos.common.labels          : DefaultLabelsCollectorManager get labels finished,labels :{}
2024-07-03T17:42:11.187+08:00  INFO 24604 --- [recordvideo-service] [main] c.a.n.p.a.s.c.ClientAuthPluginManager    : [ClientAuthPluginManager] Load ClientAuthService com.alibaba.nacos.client.auth.impl.NacosClientAuthServiceImpl success.
2024-07-03T17:42:11.187+08:00  INFO 24604 --- [recordvideo-service] [main] c.a.n.p.a.s.c.ClientAuthPluginManager    : [ClientAuthPluginManager] Load ClientAuthService com.alibaba.nacos.client.auth.ram.RamClientAuthServiceImpl success.
2024-07-03T17:42:11.286+08:00  INFO 24604 --- [recordvideo-service] [main] c.a.n.c.c.impl.LocalConfigInfoProcessor  : LOCAL_SNAPSHOT_PATH:C:\Users\liang\nacos\config
2024-07-03T17:42:11.290+08:00  INFO 24604 --- [recordvideo-service] [main] com.alibaba.nacos.common.remote.client   : [RpcClientFactory] create a new rpc client of dcbbab16-20b3-4ff8-8f7a-e8cb90f50465_config-0
2024-07-03T17:42:11.304+08:00  INFO 24604 --- [recordvideo-service] [main] com.alibaba.nacos.common.remote.client   : [dcbbab16-20b3-4ff8-8f7a-e8cb90f50465_config-0] Register server push request handler:com.alibaba.nacos.client.config.impl.ClientWorker$ConfigRpcTransportClient$$Lambda/0x000002623830c268
2024-07-03T17:42:11.305+08:00  INFO 24604 --- [recordvideo-service] [main] com.alibaba.nacos.common.remote.client   : [dcbbab16-20b3-4ff8-8f7a-e8cb90f50465_config-0] Register server push request handler:com.alibaba.nacos.client.config.impl.ClientWorker$ConfigRpcTransportClient$$Lambda/0x000002623830c688
2024-07-03T17:42:11.305+08:00  INFO 24604 --- [recordvideo-service] [main] com.alibaba.nacos.common.remote.client   : [dcbbab16-20b3-4ff8-8f7a-e8cb90f50465_config-0] Registry connection listener to current client:com.alibaba.nacos.client.config.impl.ClientWorker$ConfigRpcTransportClient$1
2024-07-03T17:42:11.305+08:00  INFO 24604 --- [recordvideo-service] [main] com.alibaba.nacos.common.remote.client   : [dcbbab16-20b3-4ff8-8f7a-e8cb90f50465_config-0] RpcClient init, ServerListFactory = com.alibaba.nacos.client.config.impl.ClientWorker$ConfigRpcTransportClient$2
2024-07-03T17:42:11.310+08:00  INFO 24604 --- [recordvideo-service] [main] com.alibaba.nacos.common.remote.client   : [dcbbab16-20b3-4ff8-8f7a-e8cb90f50465_config-0] Try to connect to server on start up, server: {serverIp = '127.0.0.1', server main port = 8848}
2024-07-03T17:42:11.341+08:00  INFO 24604 --- [recordvideo-service] [main] c.a.n.c.remote.client.grpc.GrpcClient    : grpc client connection server:127.0.0.1 ip,serverPort:9848,grpcTslConfig:{"sslProvider":"","enableTls":false,"mutualAuthEnable":false,"trustAll":false}
2024-07-03T17:42:11.758+08:00  INFO 24604 --- [recordvideo-service] [main] c.a.n.c.a.AbstractAbilityControlManager  : Ready to get current node abilities...
2024-07-03T17:42:11.760+08:00  INFO 24604 --- [recordvideo-service] [main] c.a.n.c.a.AbstractAbilityControlManager  : Ready to initialize current node abilities, support modes: [SDK_CLIENT]
2024-07-03T17:42:11.760+08:00  INFO 24604 --- [recordvideo-service] [main] c.a.n.c.a.AbstractAbilityControlManager  : Initialize current abilities finish...
2024-07-03T17:42:11.761+08:00  INFO 24604 --- [recordvideo-service] [main] c.a.n.c.a.d.NacosAbilityManagerHolder    : [AbilityControlManager] Successfully initialize AbilityControlManager
2024-07-03T17:42:11.779+08:00  INFO 24604 --- [recordvideo-service] [main] com.alibaba.nacos.common.remote.client   : [dcbbab16-20b3-4ff8-8f7a-e8cb90f50465_config-0] Success to connect to server [127.0.0.1:8848] on start up, connectionId = 1719999731695_127.0.0.1_60085
2024-07-03T17:42:11.779+08:00  INFO 24604 --- [recordvideo-service] [com.alibaba.nacos.client.remote.worker.0] com.alibaba.nacos.common.remote.client   : [dcbbab16-20b3-4ff8-8f7a-e8cb90f50465_config-0] Notify connected event to listeners.
2024-07-03T17:42:11.780+08:00  INFO 24604 --- [recordvideo-service] [com.alibaba.nacos.client.remote.worker.0] c.a.n.client.config.impl.ClientWorker    : [dcbbab16-20b3-4ff8-8f7a-e8cb90f50465_config-0] Connected,notify listen context...
2024-07-03T17:42:11.780+08:00  INFO 24604 --- [recordvideo-service] [main] com.alibaba.nacos.common.remote.client   : [dcbbab16-20b3-4ff8-8f7a-e8cb90f50465_config-0] Register server push request handler:com.alibaba.nacos.common.remote.client.RpcClient$ConnectResetRequestHandler
2024-07-03T17:42:11.780+08:00  INFO 24604 --- [recordvideo-service] [main] com.alibaba.nacos.common.remote.client   : [dcbbab16-20b3-4ff8-8f7a-e8cb90f50465_config-0] Register server push request handler:com.alibaba.nacos.common.remote.client.RpcClient$$Lambda/0x000002623845e650
2024-07-03T17:42:11.814+08:00  INFO 24604 --- [recordvideo-service] [main] c.a.nacos.client.config.impl.Limiter     : limitTime:5.0
2024-07-03T17:42:11.828+08:00  WARN 24604 --- [recordvideo-service] [main] c.a.c.n.c.NacosPropertySourceBuilder     : Ignore the empty nacos configuration and get it based on dataId[recordvideo-service] & group[DEFAULT_GROUP]
2024-07-03T17:42:11.836+08:00  WARN 24604 --- [recordvideo-service] [main] c.a.c.n.c.NacosPropertySourceBuilder     : Ignore the empty nacos configuration and get it based on dataId[recordvideo-service.yaml] & group[DEFAULT_GROUP]
2024-07-03T17:42:11.837+08:00  INFO 24604 --- [recordvideo-service] [main] b.c.PropertySourceBootstrapConfiguration : Located property source: [BootstrapPropertySource {name='bootstrapProperties-recordvideo-service.yaml,DEFAULT_GROUP'}, BootstrapPropertySource {name='bootstrapProperties-recordvideo-service,DEFAULT_GROUP'}]
2024-07-03T17:42:11.847+08:00  INFO 24604 --- [recordvideo-service] [main] o.e.r.RecordVideoServiceApplication      : No active profile set, falling back to 1 default profile: "default"
2024-07-03T17:42:12.191+08:00  INFO 24604 --- [recordvideo-service] [main] o.s.cloud.context.scope.GenericScope     : BeanFactory id=8a00aa0c-999a-3574-ac8d-9b32374bad3b
2024-07-03T17:42:12.352+08:00  INFO 24604 --- [recordvideo-service] [main] o.s.b.w.embedded.tomcat.TomcatWebServer  : Tomcat initialized with port 8084 (http)
2024-07-03T17:42:12.361+08:00  INFO 24604 --- [recordvideo-service] [main] o.apache.catalina.core.StandardService   : Starting service [Tomcat]
2024-07-03T17:42:12.361+08:00  INFO 24604 --- [recordvideo-service] [main] o.apache.catalina.core.StandardEngine    : Starting Servlet engine: [Apache Tomcat/10.1.25]
2024-07-03T17:42:12.423+08:00  INFO 24604 --- [recordvideo-service] [main] o.a.c.c.C.[Tomcat].[localhost].[/]       : Initializing Spring embedded WebApplicationContext
2024-07-03T17:42:12.423+08:00  INFO 24604 --- [recordvideo-service] [main] w.s.c.ServletWebServerApplicationContext : Root WebApplicationContext: initialization completed in 566 ms
2024-07-03T17:42:12.795+08:00  INFO 24604 --- [recordvideo-service] [main] o.s.b.w.embedded.tomcat.TomcatWebServer  : Tomcat started on port 8084 (http) with context path '/'
2024-07-03T17:42:12.799+08:00  INFO 24604 --- [recordvideo-service] [main] com.alibaba.nacos.client.naming          : initializer namespace from ans.namespace attribute : null
2024-07-03T17:42:12.799+08:00  INFO 24604 --- [recordvideo-service] [main] com.alibaba.nacos.client.naming          : initializer namespace from ALIBABA_ALIWARE_NAMESPACE attribute :null
2024-07-03T17:42:12.799+08:00  INFO 24604 --- [recordvideo-service] [main] com.alibaba.nacos.client.naming          : initializer namespace from namespace attribute :null
2024-07-03T17:42:12.804+08:00  INFO 24604 --- [recordvideo-service] [main] com.alibaba.nacos.client.naming          : FailoverDataSource type is class com.alibaba.nacos.client.naming.backups.datasource.DiskFailoverDataSource
2024-07-03T17:42:12.807+08:00  INFO 24604 --- [recordvideo-service] [main] c.a.n.p.a.s.c.ClientAuthPluginManager    : [ClientAuthPluginManager] Load ClientAuthService com.alibaba.nacos.client.auth.impl.NacosClientAuthServiceImpl success.
2024-07-03T17:42:12.807+08:00  INFO 24604 --- [recordvideo-service] [main] c.a.n.p.a.s.c.ClientAuthPluginManager    : [ClientAuthPluginManager] Load ClientAuthService com.alibaba.nacos.client.auth.ram.RamClientAuthServiceImpl success.
2024-07-03T17:42:12.810+08:00  INFO 24604 --- [recordvideo-service] [main] com.alibaba.nacos.common.remote.client   : [RpcClientFactory] create a new rpc client of cbd72355-fcc4-4470-8238-358774d66d74
2024-07-03T17:42:12.811+08:00  INFO 24604 --- [recordvideo-service] [main] com.alibaba.nacos.client.naming          : Create naming rpc client for uuid->cbd72355-fcc4-4470-8238-358774d66d74
2024-07-03T17:42:12.811+08:00  INFO 24604 --- [recordvideo-service] [main] com.alibaba.nacos.common.remote.client   : [cbd72355-fcc4-4470-8238-358774d66d74] RpcClient init, ServerListFactory = com.alibaba.nacos.client.naming.core.ServerListManager
2024-07-03T17:42:12.812+08:00  INFO 24604 --- [recordvideo-service] [main] com.alibaba.nacos.common.remote.client   : [cbd72355-fcc4-4470-8238-358774d66d74] Registry connection listener to current client:com.alibaba.nacos.client.naming.remote.gprc.redo.NamingGrpcRedoService
2024-07-03T17:42:12.812+08:00  INFO 24604 --- [recordvideo-service] [main] com.alibaba.nacos.common.remote.client   : [cbd72355-fcc4-4470-8238-358774d66d74] Register server push request handler:com.alibaba.nacos.client.naming.remote.gprc.NamingPushRequestHandler
2024-07-03T17:42:12.812+08:00  INFO 24604 --- [recordvideo-service] [main] com.alibaba.nacos.common.remote.client   : [cbd72355-fcc4-4470-8238-358774d66d74] Try to connect to server on start up, server: {serverIp = 'localhost', server main port = 8848}
2024-07-03T17:42:12.812+08:00  INFO 24604 --- [recordvideo-service] [main] c.a.n.c.remote.client.grpc.GrpcClient    : grpc client connection server:localhost ip,serverPort:9848,grpcTslConfig:{"sslProvider":"","enableTls":false,"mutualAuthEnable":false,"trustAll":false}
2024-07-03T17:42:12.828+08:00  INFO 24604 --- [recordvideo-service] [main] com.alibaba.nacos.common.remote.client   : [cbd72355-fcc4-4470-8238-358774d66d74] Success to connect to server [localhost:8848] on start up, connectionId = 1719999732819_127.0.0.1_60087
2024-07-03T17:42:12.828+08:00  INFO 24604 --- [recordvideo-service] [main] com.alibaba.nacos.common.remote.client   : [cbd72355-fcc4-4470-8238-358774d66d74] Register server push request handler:com.alibaba.nacos.common.remote.client.RpcClient$ConnectResetRequestHandler
2024-07-03T17:42:12.828+08:00  INFO 24604 --- [recordvideo-service] [com.alibaba.nacos.client.remote.worker.0] com.alibaba.nacos.common.remote.client   : [cbd72355-fcc4-4470-8238-358774d66d74] Notify connected event to listeners.
2024-07-03T17:42:12.828+08:00  INFO 24604 --- [recordvideo-service] [main] com.alibaba.nacos.common.remote.client   : [cbd72355-fcc4-4470-8238-358774d66d74] Register server push request handler:com.alibaba.nacos.common.remote.client.RpcClient$$Lambda/0x000002623845e650
2024-07-03T17:42:12.828+08:00  INFO 24604 --- [recordvideo-service] [com.alibaba.nacos.client.remote.worker.0] com.alibaba.nacos.client.naming          : Grpc connection connect
2024-07-03T17:42:12.829+08:00  INFO 24604 --- [recordvideo-service] [main] com.alibaba.nacos.client.naming          : [REGISTER-SERVICE] public registering service recordvideo-service with instance Instance{instanceId='null', ip='2.0.0.1', port=8084, weight=1.0, healthy=true, enabled=true, ephemeral=true, clusterName='DEFAULT', serviceName='null', metadata={IPv6=[2403:d400:1000:12:a4cb:66cf:c3ba:a5dd], preserved.register.source=SPRING_CLOUD}}
2024-07-03T17:42:12.845+08:00  INFO 24604 --- [recordvideo-service] [main] c.a.c.n.registry.NacosServiceRegistry    : nacos registry, DEFAULT_GROUP recordvideo-service 2.0.0.1:8084 register finished
2024-07-03T17:42:12.855+08:00  INFO 24604 --- [recordvideo-service] [main] o.e.r.RecordVideoServiceApplication      : Started RecordVideoServiceApplication in 2.273 seconds (process running for 2.758)
2024-07-03T17:42:12.857+08:00  INFO 24604 --- [recordvideo-service] [main] c.a.nacos.client.config.impl.CacheData   : config listener notify warn timeout millis use default 60000 millis 
2024-07-03T17:42:12.857+08:00  INFO 24604 --- [recordvideo-service] [main] c.a.nacos.client.config.impl.CacheData   : nacos.cache.data.init.snapshot = true 
2024-07-03T17:42:12.857+08:00  INFO 24604 --- [recordvideo-service] [main] c.a.n.client.config.impl.ClientWorker    : [fixed-127.0.0.1_8848] [subscribe] recordvideo-service+DEFAULT_GROUP
2024-07-03T17:42:12.862+08:00  INFO 24604 --- [recordvideo-service] [main] c.a.nacos.client.config.impl.CacheData   : [fixed-127.0.0.1_8848] [add-listener] ok, tenant=, dataId=recordvideo-service, group=DEFAULT_GROUP, cnt=1
2024-07-03T17:42:12.862+08:00  INFO 24604 --- [recordvideo-service] [main] c.a.c.n.refresh.NacosContextRefresher    : [Nacos Config] Listening config: dataId=recordvideo-service, group=DEFAULT_GROUP
2024-07-03T17:42:12.863+08:00  INFO 24604 --- [recordvideo-service] [main] c.a.n.client.config.impl.ClientWorker    : [fixed-127.0.0.1_8848] [subscribe] recordvideo-service.yaml+DEFAULT_GROUP
2024-07-03T17:42:12.863+08:00  INFO 24604 --- [recordvideo-service] [main] c.a.nacos.client.config.impl.CacheData   : [fixed-127.0.0.1_8848] [add-listener] ok, tenant=, dataId=recordvideo-service.yaml, group=DEFAULT_GROUP, cnt=1
2024-07-03T17:42:12.863+08:00  INFO 24604 --- [recordvideo-service] [main] c.a.c.n.refresh.NacosContextRefresher    : [Nacos Config] Listening config: dataId=recordvideo-service.yaml, group=DEFAULT_GROUP
2024-07-03T17:43:24.072+08:00  INFO 24604 --- [recordvideo-service] [nacos-grpc-client-executor-127.0.0.1-27] com.alibaba.nacos.common.remote.client   : [dcbbab16-20b3-4ff8-8f7a-e8cb90f50465_config-0] Receive server push request, request = ConfigChangeNotifyRequest, requestId = 115
2024-07-03T17:43:24.073+08:00  INFO 24604 --- [recordvideo-service] [nacos-grpc-client-executor-127.0.0.1-27] c.a.n.client.config.impl.ClientWorker    : [dcbbab16-20b3-4ff8-8f7a-e8cb90f50465_config-0] [server-push] config changed. dataId=recordvideo-service, group=DEFAULT_GROUP,tenant=null
2024-07-03T17:43:24.073+08:00  INFO 24604 --- [recordvideo-service] [nacos-grpc-client-executor-127.0.0.1-27] com.alibaba.nacos.common.remote.client   : [dcbbab16-20b3-4ff8-8f7a-e8cb90f50465_config-0] Ack server push request, request = ConfigChangeNotifyRequest, requestId = 115
2024-07-03T17:43:24.101+08:00  INFO 24604 --- [recordvideo-service] [nacos.client.config.listener.task-0] c.a.nacos.client.config.utils.JvmUtil    : isMultiInstance:false
2024-07-03T17:43:24.104+08:00  INFO 24604 --- [recordvideo-service] [nacos.client.config.listener.task-0] c.a.n.client.config.impl.ClientWorker    : [fixed-127.0.0.1_8848] [data-received] dataId=recordvideo-service, group=DEFAULT_GROUP, tenant=, md5=bf9426cf17be56ba65cdf88c4ea2085b, content=rsa:
  publicKey: abcdef, type=yaml
2024-07-03T17:43:24.105+08:00  INFO 24604 --- [recordvideo-service] [nacos.client.config.listener.task-0] c.a.nacos.client.config.impl.CacheData   : [fixed-127.0.0.1_8848] [notify-listener] task execute in nacos thread, dataId=recordvideo-service, group=DEFAULT_GROUP,tenant=, md5=bf9426cf17be56ba65cdf88c4ea2085b, listener=com.alibaba.cloud.nacos.refresh.NacosContextRefresher$1@20c0b361 
2024-07-03T17:43:24.105+08:00  INFO 24604 --- [recordvideo-service] [nacos.client.config.listener.task-0] c.a.nacos.client.config.impl.CacheData   : [fixed-127.0.0.1_8848] [notify-context] dataId=recordvideo-service, group=DEFAULT_GROUP,tenant=, md5=bf9426cf17be56ba65cdf88c4ea2085b
2024-07-03T17:43:24.232+08:00  WARN 24604 --- [recordvideo-service] [nacos.client.config.listener.task-0] c.a.c.n.c.NacosPropertySourceBuilder     : Ignore the empty nacos configuration and get it based on dataId[recordvideo-service.yaml] & group[DEFAULT_GROUP]
2024-07-03T17:43:24.232+08:00  INFO 24604 --- [recordvideo-service] [nacos.client.config.listener.task-0] b.c.PropertySourceBootstrapConfiguration : Located property source: [BootstrapPropertySource {name='bootstrapProperties-recordvideo-service.yaml,DEFAULT_GROUP'}, BootstrapPropertySource {name='bootstrapProperties-recordvideo-service,DEFAULT_GROUP'}]
2024-07-03T17:43:24.242+08:00  INFO 24604 --- [recordvideo-service] [nacos.client.config.listener.task-0] o.s.boot.SpringApplication               : No active profile set, falling back to 1 default profile: "default"
2024-07-03T17:43:24.246+08:00  INFO 24604 --- [recordvideo-service] [nacos.client.config.listener.task-0] o.s.boot.SpringApplication               : Started application in 0.135 seconds (process running for 74.149)
2024-07-03T17:43:24.265+08:00  INFO 24604 --- [recordvideo-service] [nacos.client.config.listener.task-0] o.s.c.e.event.RefreshEventListener       : Refresh keys changed: [rsa.publicKey]
2024-07-03T17:43:24.265+08:00  INFO 24604 --- [recordvideo-service] [nacos.client.config.listener.task-0] c.a.nacos.client.config.impl.CacheData   : [fixed-127.0.0.1_8848] [notify-ok] dataId=recordvideo-service, group=DEFAULT_GROUP,tenant=, md5=bf9426cf17be56ba65cdf88c4ea2085b, listener=com.alibaba.cloud.nacos.refresh.NacosContextRefresher$1@20c0b361 ,job run cost=160 millis.
2024-07-03T17:43:32.997+08:00  INFO 24604 --- [recordvideo-service] [nacos-grpc-client-executor-127.0.0.1-34] com.alibaba.nacos.common.remote.client   : [dcbbab16-20b3-4ff8-8f7a-e8cb90f50465_config-0] Receive server push request, request = ConfigChangeNotifyRequest, requestId = 116
2024-07-03T17:43:32.999+08:00  INFO 24604 --- [recordvideo-service] [nacos-grpc-client-executor-127.0.0.1-34] c.a.n.client.config.impl.ClientWorker    : [dcbbab16-20b3-4ff8-8f7a-e8cb90f50465_config-0] [server-push] config changed. dataId=recordvideo-service, group=DEFAULT_GROUP,tenant=null
2024-07-03T17:43:32.999+08:00  INFO 24604 --- [recordvideo-service] [nacos-grpc-client-executor-127.0.0.1-34] com.alibaba.nacos.common.remote.client   : [dcbbab16-20b3-4ff8-8f7a-e8cb90f50465_config-0] Ack server push request, request = ConfigChangeNotifyRequest, requestId = 116
2024-07-03T17:43:33.019+08:00  INFO 24604 --- [recordvideo-service] [nacos.client.config.listener.task-0] c.a.n.client.config.impl.ClientWorker    : [fixed-127.0.0.1_8848] [data-received] dataId=recordvideo-service, group=DEFAULT_GROUP, tenant=, md5=, content=, type=null
2024-07-03T17:43:33.019+08:00  INFO 24604 --- [recordvideo-service] [nacos.client.config.listener.task-0] c.a.nacos.client.config.impl.CacheData   : [fixed-127.0.0.1_8848] [notify-listener] task execute in nacos thread, dataId=recordvideo-service, group=DEFAULT_GROUP,tenant=, md5=, listener=com.alibaba.cloud.nacos.refresh.NacosContextRefresher$1@20c0b361 
2024-07-03T17:43:33.020+08:00  INFO 24604 --- [recordvideo-service] [nacos.client.config.listener.task-0] c.a.nacos.client.config.impl.CacheData   : [fixed-127.0.0.1_8848] [notify-context] dataId=recordvideo-service, group=DEFAULT_GROUP,tenant=, md5=
2024-07-03T17:43:33.020+08:00  WARN 24604 --- [recordvideo-service] [nacos.client.config.listener.task-0] c.a.c.n.r.NacosSnapshotConfigManager     : remove nacos config snapshot error

java.lang.NullPointerException: null
	at java.base/java.util.concurrent.ConcurrentHashMap.putVal(ConcurrentHashMap.java:1011) ~[na:na]
	at java.base/java.util.concurrent.ConcurrentHashMap.put(ConcurrentHashMap.java:1006) ~[na:na]
	at com.alibaba.cloud.nacos.refresh.NacosSnapshotConfigManager.putConfigSnapshot(NacosSnapshotConfigManager.java:64) ~[spring-cloud-starter-alibaba-nacos-config-2023.0.1.0.jar:2023.0.1.0]
	at com.alibaba.cloud.nacos.refresh.NacosContextRefresher$1.innerReceive(NacosContextRefresher.java:118) ~[spring-cloud-starter-alibaba-nacos-config-2023.0.1.0.jar:2023.0.1.0]
	at com.alibaba.nacos.api.config.listener.AbstractSharedListener.receiveConfigInfo(AbstractSharedListener.java:40) ~[nacos-client-2.3.2.jar:na]
	at com.alibaba.nacos.client.config.impl.CacheData$1.run(CacheData.java:440) ~[nacos-client-2.3.2.jar:na]
	at com.alibaba.nacos.client.config.impl.CacheData.safeNotifyListener(CacheData.java:483) ~[nacos-client-2.3.2.jar:na]
	at com.alibaba.nacos.client.config.impl.CacheData.checkListenerMd5(CacheData.java:324) ~[nacos-client-2.3.2.jar:na]
	at com.alibaba.nacos.client.config.impl.ClientWorker$ConfigRpcTransportClient.refreshContentAndCheck(ClientWorker.java:943) ~[nacos-client-2.3.2.jar:na]
	at com.alibaba.nacos.client.config.impl.ClientWorker$ConfigRpcTransportClient.refreshContentAndCheck(ClientWorker.java:924) ~[nacos-client-2.3.2.jar:na]
	at com.alibaba.nacos.client.config.impl.ClientWorker$ConfigRpcTransportClient.lambda$checkListenCache$7(ClientWorker.java:1033) ~[nacos-client-2.3.2.jar:na]
	at java.base/java.util.concurrent.Executors$RunnableAdapter.call(Executors.java:572) ~[na:na]
	at java.base/java.util.concurrent.FutureTask.run(FutureTask.java:317) ~[na:na]
	at java.base/java.util.concurrent.ThreadPoolExecutor.runWorker(ThreadPoolExecutor.java:1144) ~[na:na]
	at java.base/java.util.concurrent.ThreadPoolExecutor$Worker.run(ThreadPoolExecutor.java:642) ~[na:na]
	at java.base/java.lang.Thread.run(Thread.java:1583) ~[na:na]

2024-07-03T17:43:33.092+08:00  WARN 24604 --- [recordvideo-service] [nacos.client.config.listener.task-0] c.a.c.n.c.NacosPropertySourceBuilder     : Ignore the empty nacos configuration and get it based on dataId[recordvideo-service] & group[DEFAULT_GROUP]
2024-07-03T17:43:33.098+08:00  WARN 24604 --- [recordvideo-service] [nacos.client.config.listener.task-0] c.a.c.n.c.NacosPropertySourceBuilder     : Ignore the empty nacos configuration and get it based on dataId[recordvideo-service.yaml] & group[DEFAULT_GROUP]
2024-07-03T17:43:33.099+08:00  INFO 24604 --- [recordvideo-service] [nacos.client.config.listener.task-0] b.c.PropertySourceBootstrapConfiguration : Located property source: [BootstrapPropertySource {name='bootstrapProperties-recordvideo-service.yaml,DEFAULT_GROUP'}, BootstrapPropertySource {name='bootstrapProperties-recordvideo-service,DEFAULT_GROUP'}]
2024-07-03T17:43:33.106+08:00  INFO 24604 --- [recordvideo-service] [nacos.client.config.listener.task-0] o.s.boot.SpringApplication               : No active profile set, falling back to 1 default profile: "default"
2024-07-03T17:43:33.108+08:00  INFO 24604 --- [recordvideo-service] [nacos.client.config.listener.task-0] o.s.boot.SpringApplication               : Started application in 0.079 seconds (process running for 83.012)
2024-07-03T17:43:33.132+08:00  INFO 24604 --- [recordvideo-service] [nacos.client.config.listener.task-0] o.s.c.e.event.RefreshEventListener       : Refresh keys changed: [rsa.publicKey]
2024-07-03T17:43:33.132+08:00  INFO 24604 --- [recordvideo-service] [nacos.client.config.listener.task-0] c.a.nacos.client.config.impl.CacheData   : [fixed-127.0.0.1_8848] [notify-ok] dataId=recordvideo-service, group=DEFAULT_GROUP,tenant=, md5=, listener=com.alibaba.cloud.nacos.refresh.NacosContextRefresher$1@20c0b361 ,job run cost=112 millis.
2024-07-03T17:44:17.296+08:00  INFO 24604 --- [recordvideo-service] [nacos-grpc-client-executor-127.0.0.1-51] com.alibaba.nacos.common.remote.client   : [dcbbab16-20b3-4ff8-8f7a-e8cb90f50465_config-0] Receive server push request, request = ConfigChangeNotifyRequest, requestId = 117
2024-07-03T17:44:17.296+08:00  INFO 24604 --- [recordvideo-service] [nacos-grpc-client-executor-127.0.0.1-51] c.a.n.client.config.impl.ClientWorker    : [dcbbab16-20b3-4ff8-8f7a-e8cb90f50465_config-0] [server-push] config changed. dataId=recordvideo-service.yaml, group=DEFAULT_GROUP,tenant=null
2024-07-03T17:44:17.296+08:00  INFO 24604 --- [recordvideo-service] [nacos-grpc-client-executor-127.0.0.1-51] com.alibaba.nacos.common.remote.client   : [dcbbab16-20b3-4ff8-8f7a-e8cb90f50465_config-0] Ack server push request, request = ConfigChangeNotifyRequest, requestId = 117
2024-07-03T17:44:17.319+08:00  INFO 24604 --- [recordvideo-service] [nacos.client.config.listener.task-0] c.a.n.client.config.impl.ClientWorker    : [fixed-127.0.0.1_8848] [data-received] dataId=recordvideo-service.yaml, group=DEFAULT_GROUP, tenant=, md5=78b4a51005ddda5bd0e547bebbcb07bf, content=rsa:
    publicKey: abcdef, type=yaml
2024-07-03T17:44:17.320+08:00  INFO 24604 --- [recordvideo-service] [nacos.client.config.listener.task-0] c.a.nacos.client.config.impl.CacheData   : [fixed-127.0.0.1_8848] [notify-listener] task execute in nacos thread, dataId=recordvideo-service.yaml, group=DEFAULT_GROUP,tenant=, md5=78b4a51005ddda5bd0e547bebbcb07bf, listener=com.alibaba.cloud.nacos.refresh.NacosContextRefresher$1@2cd48939 
2024-07-03T17:44:17.320+08:00  INFO 24604 --- [recordvideo-service] [nacos.client.config.listener.task-0] c.a.nacos.client.config.impl.CacheData   : [fixed-127.0.0.1_8848] [notify-context] dataId=recordvideo-service.yaml, group=DEFAULT_GROUP,tenant=, md5=78b4a51005ddda5bd0e547bebbcb07bf
2024-07-03T17:44:17.363+08:00  WARN 24604 --- [recordvideo-service] [nacos.client.config.listener.task-0] c.a.c.n.c.NacosPropertySourceBuilder     : Ignore the empty nacos configuration and get it based on dataId[recordvideo-service] & group[DEFAULT_GROUP]
2024-07-03T17:44:17.363+08:00  INFO 24604 --- [recordvideo-service] [nacos.client.config.listener.task-0] b.c.PropertySourceBootstrapConfiguration : Located property source: [BootstrapPropertySource {name='bootstrapProperties-recordvideo-service.yaml,DEFAULT_GROUP'}, BootstrapPropertySource {name='bootstrapProperties-recordvideo-service,DEFAULT_GROUP'}]
2024-07-03T17:44:17.369+08:00  INFO 24604 --- [recordvideo-service] [nacos.client.config.listener.task-0] o.s.boot.SpringApplication               : No active profile set, falling back to 1 default profile: "default"
2024-07-03T17:44:17.371+08:00  INFO 24604 --- [recordvideo-service] [nacos.client.config.listener.task-0] o.s.boot.SpringApplication               : Started application in 0.05 seconds (process running for 127.274)
2024-07-03T17:44:17.387+08:00  INFO 24604 --- [recordvideo-service] [nacos.client.config.listener.task-0] o.s.c.e.event.RefreshEventListener       : Refresh keys changed: [rsa.publicKey]
2024-07-03T17:44:17.387+08:00  INFO 24604 --- [recordvideo-service] [nacos.client.config.listener.task-0] c.a.nacos.client.config.impl.CacheData   : [fixed-127.0.0.1_8848] [notify-ok] dataId=recordvideo-service.yaml, group=DEFAULT_GROUP,tenant=, md5=78b4a51005ddda5bd0e547bebbcb07bf, listener=com.alibaba.cloud.nacos.refresh.NacosContextRefresher$1@2cd48939 ,job run cost=67 millis.
2024-07-03T18:10:25.667+08:00  WARN 24604 --- [recordvideo-service] [Thread-2] c.a.n.common.http.HttpClientBeanHolder   : [HttpClientBeanHolder] Start destroying common HttpClient
2024-07-03T18:10:25.673+08:00  WARN 24604 --- [recordvideo-service] [Thread-5] c.a.nacos.common.notify.NotifyCenter     : [NotifyCenter] Start destroying Publisher
2024-07-03T18:10:25.676+08:00  WARN 24604 --- [recordvideo-service] [Thread-2] c.a.n.common.http.HttpClientBeanHolder   : [HttpClientBeanHolder] Destruction of the end
2024-07-03T18:10:25.678+08:00  WARN 24604 --- [recordvideo-service] [Thread-5] c.a.nacos.common.notify.NotifyCenter     : [NotifyCenter] Destruction of the end
2024-07-03T18:10:25.727+08:00  INFO 24604 --- [recordvideo-service] [SpringApplicationShutdownHook] c.a.c.n.registry.NacosServiceRegistry    : De-registering from Nacos Server now...
2024-07-03T18:10:25.728+08:00  INFO 24604 --- [recordvideo-service] [SpringApplicationShutdownHook] com.alibaba.nacos.client.naming          : [DEREGISTER-SERVICE] public deregistering service recordvideo-service with instance: Instance{instanceId='null', ip='2.0.0.1', port=8084, weight=1.0, healthy=true, enabled=true, ephemeral=true, clusterName='DEFAULT', serviceName='null', metadata={}}
2024-07-03T18:10:25.739+08:00  INFO 24604 --- [recordvideo-service] [SpringApplicationShutdownHook] c.a.c.n.registry.NacosServiceRegistry    : De-registration finished.
2024-07-03T18:10:25.740+08:00  INFO 24604 --- [recordvideo-service] [SpringApplicationShutdownHook] com.alibaba.nacos.client.naming          : com.alibaba.nacos.client.naming.cache.ServiceInfoHolder do shutdown begin
2024-07-03T18:10:25.740+08:00  INFO 24604 --- [recordvideo-service] [SpringApplicationShutdownHook] com.alibaba.nacos.client.naming          : com.alibaba.nacos.client.naming.backups.FailoverReactor do shutdown begin
2024-07-03T18:10:25.740+08:00  INFO 24604 --- [recordvideo-service] [SpringApplicationShutdownHook] com.alibaba.nacos.client.naming          : com.alibaba.nacos.client.naming.backups.FailoverReactor do shutdown stop
2024-07-03T18:10:25.741+08:00  INFO 24604 --- [recordvideo-service] [SpringApplicationShutdownHook] com.alibaba.nacos.client.naming          : com.alibaba.nacos.client.naming.cache.ServiceInfoHolder do shutdown stop
2024-07-03T18:10:25.741+08:00  INFO 24604 --- [recordvideo-service] [SpringApplicationShutdownHook] com.alibaba.nacos.client.naming          : com.alibaba.nacos.client.naming.remote.NamingClientProxyDelegate do shutdown begin
2024-07-03T18:10:25.741+08:00  INFO 24604 --- [recordvideo-service] [SpringApplicationShutdownHook] com.alibaba.nacos.client.naming          : com.alibaba.nacos.client.naming.core.ServiceInfoUpdateService do shutdown begin
2024-07-03T18:10:25.741+08:00  INFO 24604 --- [recordvideo-service] [SpringApplicationShutdownHook] com.alibaba.nacos.client.naming          : com.alibaba.nacos.client.naming.core.ServiceInfoUpdateService do shutdown stop
2024-07-03T18:10:25.741+08:00  INFO 24604 --- [recordvideo-service] [SpringApplicationShutdownHook] com.alibaba.nacos.client.naming          : com.alibaba.nacos.client.naming.core.ServerListManager do shutdown begin
2024-07-03T18:10:25.741+08:00  WARN 24604 --- [recordvideo-service] [SpringApplicationShutdownHook] com.alibaba.nacos.client.naming          : [NamingHttpClientManager] Start destroying NacosRestTemplate
2024-07-03T18:10:25.741+08:00  WARN 24604 --- [recordvideo-service] [SpringApplicationShutdownHook] com.alibaba.nacos.client.naming          : [NamingHttpClientManager] Destruction of the end
2024-07-03T18:10:25.741+08:00  INFO 24604 --- [recordvideo-service] [SpringApplicationShutdownHook] com.alibaba.nacos.client.naming          : com.alibaba.nacos.client.naming.core.ServerListManager do shutdown stop
2024-07-03T18:10:25.741+08:00  INFO 24604 --- [recordvideo-service] [SpringApplicationShutdownHook] com.alibaba.nacos.client.naming          : com.alibaba.nacos.client.naming.remote.http.NamingHttpClientProxy do shutdown begin
2024-07-03T18:10:25.742+08:00  WARN 24604 --- [recordvideo-service] [SpringApplicationShutdownHook] com.alibaba.nacos.client.naming          : [NamingHttpClientManager] Start destroying NacosRestTemplate
2024-07-03T18:10:25.742+08:00  WARN 24604 --- [recordvideo-service] [SpringApplicationShutdownHook] com.alibaba.nacos.client.naming          : [NamingHttpClientManager] Destruction of the end
2024-07-03T18:10:25.742+08:00  INFO 24604 --- [recordvideo-service] [SpringApplicationShutdownHook] com.alibaba.nacos.client.naming          : com.alibaba.nacos.client.naming.remote.http.NamingHttpClientProxy do shutdown stop
2024-07-03T18:10:25.742+08:00  INFO 24604 --- [recordvideo-service] [SpringApplicationShutdownHook] com.alibaba.nacos.client.naming          : Shutdown naming grpc client proxy for  uuid->cbd72355-fcc4-4470-8238-358774d66d74
2024-07-03T18:10:25.742+08:00  INFO 24604 --- [recordvideo-service] [SpringApplicationShutdownHook] com.alibaba.nacos.client.naming          : Shutdown grpc redo service executor java.util.concurrent.ScheduledThreadPoolExecutor@fcd0e8d[Running, pool size = 1, active threads = 0, queued tasks = 1, completed tasks = 562]
2024-07-03T18:10:25.742+08:00  INFO 24604 --- [recordvideo-service] [SpringApplicationShutdownHook] com.alibaba.nacos.common.remote.client   : Shutdown rpc client, set status to shutdown
2024-07-03T18:10:25.743+08:00  INFO 24604 --- [recordvideo-service] [SpringApplicationShutdownHook] com.alibaba.nacos.common.remote.client   : Shutdown client event executor java.util.concurrent.ScheduledThreadPoolExecutor@2bb0e277[Running, pool size = 2, active threads = 2, queued tasks = 0, completed tasks = 0]
2024-07-03T18:10:25.743+08:00  INFO 24604 --- [recordvideo-service] [SpringApplicationShutdownHook] com.alibaba.nacos.common.remote.client   : Close current connection 1719999732819_127.0.0.1_60087
2024-07-03T18:10:25.744+08:00  INFO 24604 --- [recordvideo-service] [nacos-grpc-client-executor-localhost-342] c.a.n.c.remote.client.grpc.GrpcClient    : [1719999732819_127.0.0.1_60087]Ignore complete event,isRunning:false,isAbandon=false
2024-07-03T18:10:25.748+08:00  INFO 24604 --- [recordvideo-service] [SpringApplicationShutdownHook] c.a.n.c.remote.client.grpc.GrpcClient    : Shutdown grpc executor java.util.concurrent.ThreadPoolExecutor@2cea921a[Running, pool size = 4, active threads = 0, queued tasks = 0, completed tasks = 343]
2024-07-03T18:10:25.749+08:00  INFO 24604 --- [recordvideo-service] [SpringApplicationShutdownHook] com.alibaba.nacos.client.naming          : shutdown and remove naming rpc client  for uuid ->cbd72355-fcc4-4470-8238-358774d66d74
2024-07-03T18:10:25.749+08:00  INFO 24604 --- [recordvideo-service] [SpringApplicationShutdownHook] c.a.n.c.a.r.identify.CredentialWatcher   : [null] CredentialWatcher is stopped
2024-07-03T18:10:25.749+08:00  INFO 24604 --- [recordvideo-service] [SpringApplicationShutdownHook] c.a.n.c.a.r.identify.CredentialService   : [null] CredentialService is freed
2024-07-03T18:10:25.749+08:00  INFO 24604 --- [recordvideo-service] [SpringApplicationShutdownHook] com.alibaba.nacos.client.naming          : com.alibaba.nacos.client.naming.remote.NamingClientProxyDelegate do shutdown stop
