2024-07-05T10:12:00.647+08:00  INFO 24932 --- [user-service] [main] c.alibaba.nacos.client.utils.ParamUtil   : [settings] [req-serv] nacos-server port:8848
2024-07-05T10:12:00.652+08:00  INFO 24932 --- [user-service] [Thread-1] c.a.n.c.a.r.identify.CredentialWatcher   : null No credential found
2024-07-05T10:12:00.659+08:00  INFO 24932 --- [user-service] [main] c.alibaba.nacos.client.utils.ParamUtil   : [settings] [http-client] connect timeout:1000
2024-07-05T10:12:00.661+08:00  INFO 24932 --- [user-service] [main] c.alibaba.nacos.client.utils.ParamUtil   : PER_TASK_CONFIG_SIZE: 3000.0
2024-07-05T10:12:00.701+08:00  INFO 24932 --- [user-service] [main] com.alibaba.nacos.common.labels          : DefaultLabelsCollectorManager get labels.....
2024-07-05T10:12:00.702+08:00  INFO 24932 --- [user-service] [main] com.alibaba.nacos.common.labels          : Process LabelsCollector with [name:defaultNacosLabelsCollector]
2024-07-05T10:12:00.702+08:00  INFO 24932 --- [user-service] [main] com.alibaba.nacos.common.labels          : default nacos collect properties raw labels: null
2024-07-05T10:12:00.703+08:00  INFO 24932 --- [user-service] [main] com.alibaba.nacos.common.labels          : default nacos collect properties labels: {}
2024-07-05T10:12:00.703+08:00  INFO 24932 --- [user-service] [main] com.alibaba.nacos.common.labels          : default nacos collect jvm raw labels: null
2024-07-05T10:12:00.703+08:00  INFO 24932 --- [user-service] [main] com.alibaba.nacos.common.labels          : default nacos collect jvm labels: {}
2024-07-05T10:12:00.704+08:00  INFO 24932 --- [user-service] [main] com.alibaba.nacos.common.labels          : default nacos collect env raw labels: null
2024-07-05T10:12:00.704+08:00  INFO 24932 --- [user-service] [main] com.alibaba.nacos.common.labels          : default nacos collect env labels: {}
2024-07-05T10:12:00.705+08:00  INFO 24932 --- [user-service] [main] com.alibaba.nacos.common.labels          : DefaultLabelsCollectorManager get labels finished,labels :{}
2024-07-05T10:12:00.713+08:00  INFO 24932 --- [user-service] [main] c.a.n.p.a.s.c.ClientAuthPluginManager    : [ClientAuthPluginManager] Load ClientAuthService com.alibaba.nacos.client.auth.impl.NacosClientAuthServiceImpl success.
2024-07-05T10:12:00.714+08:00  INFO 24932 --- [user-service] [main] c.a.n.p.a.s.c.ClientAuthPluginManager    : [ClientAuthPluginManager] Load ClientAuthService com.alibaba.nacos.client.auth.ram.RamClientAuthServiceImpl success.
2024-07-05T10:12:00.867+08:00  INFO 24932 --- [user-service] [main] c.a.n.c.c.impl.LocalConfigInfoProcessor  : LOCAL_SNAPSHOT_PATH:C:\Users\liang\nacos\config
2024-07-05T10:12:00.873+08:00  INFO 24932 --- [user-service] [main] com.alibaba.nacos.common.remote.client   : [RpcClientFactory] create a new rpc client of 94b53b7e-05bb-44bc-ab17-e5051c51d86b_config-0
2024-07-05T10:12:00.904+08:00  INFO 24932 --- [user-service] [main] com.alibaba.nacos.common.remote.client   : [94b53b7e-05bb-44bc-ab17-e5051c51d86b_config-0] Register server push request handler:com.alibaba.nacos.client.config.impl.ClientWorker$ConfigRpcTransportClient$$Lambda/0x00000188aa310650
2024-07-05T10:12:00.904+08:00  INFO 24932 --- [user-service] [main] com.alibaba.nacos.common.remote.client   : [94b53b7e-05bb-44bc-ab17-e5051c51d86b_config-0] Register server push request handler:com.alibaba.nacos.client.config.impl.ClientWorker$ConfigRpcTransportClient$$Lambda/0x00000188aa310a70
2024-07-05T10:12:00.905+08:00  INFO 24932 --- [user-service] [main] com.alibaba.nacos.common.remote.client   : [94b53b7e-05bb-44bc-ab17-e5051c51d86b_config-0] Registry connection listener to current client:com.alibaba.nacos.client.config.impl.ClientWorker$ConfigRpcTransportClient$1
2024-07-05T10:12:00.905+08:00  INFO 24932 --- [user-service] [main] com.alibaba.nacos.common.remote.client   : [94b53b7e-05bb-44bc-ab17-e5051c51d86b_config-0] RpcClient init, ServerListFactory = com.alibaba.nacos.client.config.impl.ClientWorker$ConfigRpcTransportClient$2
2024-07-05T10:12:00.912+08:00  INFO 24932 --- [user-service] [main] com.alibaba.nacos.common.remote.client   : [94b53b7e-05bb-44bc-ab17-e5051c51d86b_config-0] Try to connect to server on start up, server: {serverIp = '127.0.0.1', server main port = 8848}
2024-07-05T10:12:00.966+08:00  INFO 24932 --- [user-service] [main] c.a.n.c.remote.client.grpc.GrpcClient    : grpc client connection server:127.0.0.1 ip,serverPort:9848,grpcTslConfig:{"sslProvider":"","enableTls":false,"mutualAuthEnable":false,"trustAll":false}
2024-07-05T10:12:01.893+08:00  INFO 24932 --- [user-service] [main] c.a.n.c.a.AbstractAbilityControlManager  : Ready to get current node abilities...
2024-07-05T10:12:01.895+08:00  INFO 24932 --- [user-service] [main] c.a.n.c.a.AbstractAbilityControlManager  : Ready to initialize current node abilities, support modes: [SDK_CLIENT]
2024-07-05T10:12:01.896+08:00  INFO 24932 --- [user-service] [main] c.a.n.c.a.AbstractAbilityControlManager  : Initialize current abilities finish...
2024-07-05T10:12:01.897+08:00  INFO 24932 --- [user-service] [main] c.a.n.c.a.d.NacosAbilityManagerHolder    : [AbilityControlManager] Successfully initialize AbilityControlManager
2024-07-05T10:12:01.970+08:00  INFO 24932 --- [user-service] [main] com.alibaba.nacos.common.remote.client   : [94b53b7e-05bb-44bc-ab17-e5051c51d86b_config-0] Success to connect to server [127.0.0.1:8848] on start up, connectionId = 1720145521774_127.0.0.1_55957
2024-07-05T10:12:01.972+08:00  INFO 24932 --- [user-service] [com.alibaba.nacos.client.remote.worker.0] com.alibaba.nacos.common.remote.client   : [94b53b7e-05bb-44bc-ab17-e5051c51d86b_config-0] Notify connected event to listeners.
2024-07-05T10:12:01.972+08:00  INFO 24932 --- [user-service] [com.alibaba.nacos.client.remote.worker.0] c.a.n.client.config.impl.ClientWorker    : [94b53b7e-05bb-44bc-ab17-e5051c51d86b_config-0] Connected,notify listen context...
2024-07-05T10:12:01.972+08:00  INFO 24932 --- [user-service] [main] com.alibaba.nacos.common.remote.client   : [94b53b7e-05bb-44bc-ab17-e5051c51d86b_config-0] Register server push request handler:com.alibaba.nacos.common.remote.client.RpcClient$ConnectResetRequestHandler
2024-07-05T10:12:01.973+08:00  INFO 24932 --- [user-service] [main] com.alibaba.nacos.common.remote.client   : [94b53b7e-05bb-44bc-ab17-e5051c51d86b_config-0] Register server push request handler:com.alibaba.nacos.common.remote.client.RpcClient$$Lambda/0x00000188aa462bd8
2024-07-05T10:12:02.038+08:00  INFO 24932 --- [user-service] [main] c.a.nacos.client.config.impl.Limiter     : limitTime:5.0
2024-07-05T10:12:02.114+08:00  WARN 24932 --- [user-service] [main] c.a.c.n.c.NacosPropertySourceBuilder     : Ignore the empty nacos configuration and get it based on dataId[user-service] & group[DEFAULT_GROUP]
2024-07-05T10:12:02.151+08:00  INFO 24932 --- [user-service] [main] c.a.nacos.client.config.utils.JvmUtil    : isMultiInstance:false
2024-07-05T10:12:02.227+08:00  INFO 24932 --- [user-service] [main] b.c.PropertySourceBootstrapConfiguration : Located property source: [BootstrapPropertySource {name='bootstrapProperties-user-service.yaml,DEFAULT_GROUP'}, BootstrapPropertySource {name='bootstrapProperties-user-service,DEFAULT_GROUP'}]
2024-07-05T10:12:02.243+08:00  INFO 24932 --- [user-service] [main] o.e.userservice.UserServiceApplication   : No active profile set, falling back to 1 default profile: "default"
2024-07-05T10:12:03.162+08:00  INFO 24932 --- [user-service] [main] .s.d.r.c.RepositoryConfigurationDelegate : Bootstrapping Spring Data JPA repositories in DEFAULT mode.
2024-07-05T10:12:03.352+08:00  INFO 24932 --- [user-service] [main] .s.d.r.c.RepositoryConfigurationDelegate : Finished Spring Data repository scanning in 180 ms. Found 1 JPA repository interface.
2024-07-05T10:12:03.593+08:00  INFO 24932 --- [user-service] [main] o.s.cloud.context.scope.GenericScope     : BeanFactory id=40039b12-762c-3674-9283-b7bc8b6356de
2024-07-05T10:12:03.712+08:00  WARN 24932 --- [user-service] [main] trationDelegate$BeanPostProcessorChecker : Bean 'org.springframework.cloud.client.loadbalancer.LoadBalancerAutoConfiguration$DeferringLoadBalancerInterceptorConfig' of type [org.springframework.cloud.client.loadbalancer.LoadBalancerAutoConfiguration$DeferringLoadBalancerInterceptorConfig] is not eligible for getting processed by all BeanPostProcessors (for example: not eligible for auto-proxying). The currently created BeanPostProcessor [lbRestClientPostProcessor] is declared through a non-static factory method on that class; consider declaring it as static instead.
2024-07-05T10:12:03.716+08:00  WARN 24932 --- [user-service] [main] trationDelegate$BeanPostProcessorChecker : Bean 'deferringLoadBalancerInterceptor' of type [org.springframework.cloud.client.loadbalancer.DeferringLoadBalancerInterceptor] is not eligible for getting processed by all BeanPostProcessors (for example: not eligible for auto-proxying). Is this bean getting eagerly injected into a currently created BeanPostProcessor [lbRestClientPostProcessor]? Check the corresponding BeanPostProcessor declaration and its dependencies.
2024-07-05T10:12:03.965+08:00  INFO 24932 --- [user-service] [main] o.s.b.w.embedded.tomcat.TomcatWebServer  : Tomcat initialized with port 8082 (http)
2024-07-05T10:12:03.979+08:00  INFO 24932 --- [user-service] [main] o.apache.catalina.core.StandardService   : Starting service [Tomcat]
2024-07-05T10:12:03.979+08:00  INFO 24932 --- [user-service] [main] o.apache.catalina.core.StandardEngine    : Starting Servlet engine: [Apache Tomcat/10.1.25]
2024-07-05T10:12:04.099+08:00  INFO 24932 --- [user-service] [main] o.a.c.c.C.[Tomcat].[localhost].[/]       : Initializing Spring embedded WebApplicationContext
2024-07-05T10:12:04.100+08:00  INFO 24932 --- [user-service] [main] w.s.c.ServletWebServerApplicationContext : Root WebApplicationContext: initialization completed in 1834 ms
2024-07-05T10:12:04.259+08:00  INFO 24932 --- [user-service] [main] com.zaxxer.hikari.HikariDataSource       : HikariPool-1 - Starting...
2024-07-05T10:12:04.449+08:00  INFO 24932 --- [user-service] [main] com.zaxxer.hikari.pool.HikariPool        : HikariPool-1 - Added connection com.mysql.cj.jdbc.ConnectionImpl@415262a0
2024-07-05T10:12:04.451+08:00  INFO 24932 --- [user-service] [main] com.zaxxer.hikari.HikariDataSource       : HikariPool-1 - Start completed.
2024-07-05T10:12:04.503+08:00  INFO 24932 --- [user-service] [main] o.hibernate.jpa.internal.util.LogHelper  : HHH000204: Processing PersistenceUnitInfo [name: default]
2024-07-05T10:12:04.589+08:00  INFO 24932 --- [user-service] [main] org.hibernate.Version                    : HHH000412: Hibernate ORM core version 6.5.2.Final
2024-07-05T10:12:04.637+08:00  INFO 24932 --- [user-service] [main] o.h.c.internal.RegionFactoryInitiator    : HHH000026: Second-level cache disabled
2024-07-05T10:12:05.035+08:00  INFO 24932 --- [user-service] [main] o.s.o.j.p.SpringPersistenceUnitInfo      : No LoadTimeWeaver setup: ignoring JPA class transformer
2024-07-05T10:12:06.024+08:00  INFO 24932 --- [user-service] [main] o.h.e.t.j.p.i.JtaPlatformInitiator       : HHH000489: No JTA platform available (set 'hibernate.transaction.jta.platform' to enable JTA platform integration)
2024-07-05T10:12:06.026+08:00  INFO 24932 --- [user-service] [main] j.LocalContainerEntityManagerFactoryBean : Initialized JPA EntityManagerFactory for persistence unit 'default'
2024-07-05T10:12:06.414+08:00  WARN 24932 --- [user-service] [main] JpaBaseConfiguration$JpaWebConfiguration : spring.jpa.open-in-view is enabled by default. Therefore, database queries may be performed during view rendering. Explicitly configure spring.jpa.open-in-view to disable this warning
2024-07-05T10:12:06.431+08:00  WARN 24932 --- [user-service] [main] .s.s.UserDetailsServiceAutoConfiguration : 

Using generated security password: 3b327840-1f43-49f1-98c2-b86878ae6b24

This generated password is for development use only. Your security configuration must be updated before running your application in production.

2024-07-05T10:12:06.438+08:00  INFO 24932 --- [user-service] [main] r$InitializeUserDetailsManagerConfigurer : Global AuthenticationManager configured with UserDetailsService bean with name inMemoryUserDetailsManager
2024-07-05T10:12:06.997+08:00  WARN 24932 --- [user-service] [main] iguration$LoadBalancerCaffeineWarnLogger : Spring Cloud LoadBalancer is currently working with the default cache. While this cache implementation is useful for development and tests, it's recommended to use Caffeine cache in production.You can switch to using Caffeine cache, by adding it and org.springframework.cache.caffeine.CaffeineCacheManager to the classpath.
2024-07-05T10:12:07.351+08:00  INFO 24932 --- [user-service] [main] o.s.b.w.embedded.tomcat.TomcatWebServer  : Tomcat started on port 8082 (http) with context path '/'
2024-07-05T10:12:07.359+08:00  INFO 24932 --- [user-service] [main] com.alibaba.nacos.client.naming          : initializer namespace from ans.namespace attribute : null
2024-07-05T10:12:07.360+08:00  INFO 24932 --- [user-service] [main] com.alibaba.nacos.client.naming          : initializer namespace from ALIBABA_ALIWARE_NAMESPACE attribute :null
2024-07-05T10:12:07.360+08:00  INFO 24932 --- [user-service] [main] com.alibaba.nacos.client.naming          : initializer namespace from namespace attribute :null
2024-07-05T10:12:07.367+08:00  INFO 24932 --- [user-service] [main] com.alibaba.nacos.client.naming          : FailoverDataSource type is class com.alibaba.nacos.client.naming.backups.datasource.DiskFailoverDataSource
2024-07-05T10:12:07.371+08:00  INFO 24932 --- [user-service] [main] c.a.n.p.a.s.c.ClientAuthPluginManager    : [ClientAuthPluginManager] Load ClientAuthService com.alibaba.nacos.client.auth.impl.NacosClientAuthServiceImpl success.
2024-07-05T10:12:07.371+08:00  INFO 24932 --- [user-service] [main] c.a.n.p.a.s.c.ClientAuthPluginManager    : [ClientAuthPluginManager] Load ClientAuthService com.alibaba.nacos.client.auth.ram.RamClientAuthServiceImpl success.
2024-07-05T10:12:07.374+08:00  INFO 24932 --- [user-service] [main] com.alibaba.nacos.common.remote.client   : [RpcClientFactory] create a new rpc client of c2e016f6-52de-4f48-8e2d-59935b4b8d1f
2024-07-05T10:12:07.380+08:00  INFO 24932 --- [user-service] [main] com.alibaba.nacos.client.naming          : Create naming rpc client for uuid->c2e016f6-52de-4f48-8e2d-59935b4b8d1f
2024-07-05T10:12:07.380+08:00  INFO 24932 --- [user-service] [main] com.alibaba.nacos.common.remote.client   : [c2e016f6-52de-4f48-8e2d-59935b4b8d1f] RpcClient init, ServerListFactory = com.alibaba.nacos.client.naming.core.ServerListManager
2024-07-05T10:12:07.380+08:00  INFO 24932 --- [user-service] [main] com.alibaba.nacos.common.remote.client   : [c2e016f6-52de-4f48-8e2d-59935b4b8d1f] Registry connection listener to current client:com.alibaba.nacos.client.naming.remote.gprc.redo.NamingGrpcRedoService
2024-07-05T10:12:07.381+08:00  INFO 24932 --- [user-service] [main] com.alibaba.nacos.common.remote.client   : [c2e016f6-52de-4f48-8e2d-59935b4b8d1f] Register server push request handler:com.alibaba.nacos.client.naming.remote.gprc.NamingPushRequestHandler
2024-07-05T10:12:07.381+08:00  INFO 24932 --- [user-service] [main] com.alibaba.nacos.common.remote.client   : [c2e016f6-52de-4f48-8e2d-59935b4b8d1f] Try to connect to server on start up, server: {serverIp = 'localhost', server main port = 8848}
2024-07-05T10:12:07.381+08:00  INFO 24932 --- [user-service] [main] c.a.n.c.remote.client.grpc.GrpcClient    : grpc client connection server:localhost ip,serverPort:9848,grpcTslConfig:{"sslProvider":"","enableTls":false,"mutualAuthEnable":false,"trustAll":false}
2024-07-05T10:12:07.406+08:00  INFO 24932 --- [user-service] [main] com.alibaba.nacos.common.remote.client   : [c2e016f6-52de-4f48-8e2d-59935b4b8d1f] Success to connect to server [localhost:8848] on start up, connectionId = 1720145527392_127.0.0.1_55978
2024-07-05T10:12:07.407+08:00  INFO 24932 --- [user-service] [main] com.alibaba.nacos.common.remote.client   : [c2e016f6-52de-4f48-8e2d-59935b4b8d1f] Register server push request handler:com.alibaba.nacos.common.remote.client.RpcClient$ConnectResetRequestHandler
2024-07-05T10:12:07.407+08:00  INFO 24932 --- [user-service] [com.alibaba.nacos.client.remote.worker.0] com.alibaba.nacos.common.remote.client   : [c2e016f6-52de-4f48-8e2d-59935b4b8d1f] Notify connected event to listeners.
2024-07-05T10:12:07.407+08:00  INFO 24932 --- [user-service] [main] com.alibaba.nacos.common.remote.client   : [c2e016f6-52de-4f48-8e2d-59935b4b8d1f] Register server push request handler:com.alibaba.nacos.common.remote.client.RpcClient$$Lambda/0x00000188aa462bd8
2024-07-05T10:12:07.407+08:00  INFO 24932 --- [user-service] [com.alibaba.nacos.client.remote.worker.0] com.alibaba.nacos.client.naming          : Grpc connection connect
2024-07-05T10:12:07.408+08:00  INFO 24932 --- [user-service] [main] com.alibaba.nacos.client.naming          : [REGISTER-SERVICE] public registering service user-service with instance Instance{instanceId='null', ip='2.0.0.1', port=8082, weight=1.0, healthy=true, enabled=true, ephemeral=true, clusterName='DEFAULT', serviceName='null', metadata={IPv6=[2403:d400:1000:12:c8d7:7648:f170:ea1a], preserved.register.source=SPRING_CLOUD}}
2024-07-05T10:12:07.431+08:00  INFO 24932 --- [user-service] [main] c.a.c.n.registry.NacosServiceRegistry    : nacos registry, DEFAULT_GROUP user-service 2.0.0.1:8082 register finished
2024-07-05T10:12:07.496+08:00  INFO 24932 --- [user-service] [main] o.s.c.openfeign.FeignClientFactoryBean   : For 'gateway' URL not provided. Will try picking an instance via load-balancing.
2024-07-05T10:12:07.518+08:00  INFO 24932 --- [user-service] [main] o.e.userservice.UserServiceApplication   : Started UserServiceApplication in 7.855 seconds (process running for 10.418)
2024-07-05T10:12:07.522+08:00  INFO 24932 --- [user-service] [main] c.a.nacos.client.config.impl.CacheData   : config listener notify warn timeout millis use default 60000 millis 
2024-07-05T10:12:07.522+08:00  INFO 24932 --- [user-service] [main] c.a.nacos.client.config.impl.CacheData   : nacos.cache.data.init.snapshot = true 
2024-07-05T10:12:07.524+08:00  INFO 24932 --- [user-service] [main] c.a.n.client.config.impl.ClientWorker    : [fixed-127.0.0.1_8848] [subscribe] user-service.yaml+DEFAULT_GROUP
2024-07-05T10:12:07.531+08:00  INFO 24932 --- [user-service] [main] c.a.nacos.client.config.impl.CacheData   : [fixed-127.0.0.1_8848] [add-listener] ok, tenant=, dataId=user-service.yaml, group=DEFAULT_GROUP, cnt=1
2024-07-05T10:12:07.531+08:00  INFO 24932 --- [user-service] [main] c.a.c.n.refresh.NacosContextRefresher    : [Nacos Config] Listening config: dataId=user-service.yaml, group=DEFAULT_GROUP
2024-07-05T10:12:07.532+08:00  INFO 24932 --- [user-service] [main] c.a.n.client.config.impl.ClientWorker    : [fixed-127.0.0.1_8848] [subscribe] user-service+DEFAULT_GROUP
2024-07-05T10:12:07.532+08:00  INFO 24932 --- [user-service] [main] c.a.nacos.client.config.impl.CacheData   : [fixed-127.0.0.1_8848] [add-listener] ok, tenant=, dataId=user-service, group=DEFAULT_GROUP, cnt=1
2024-07-05T10:12:07.532+08:00  INFO 24932 --- [user-service] [main] c.a.c.n.refresh.NacosContextRefresher    : [Nacos Config] Listening config: dataId=user-service, group=DEFAULT_GROUP
2024-07-05T10:13:33.321+08:00  INFO 24932 --- [user-service] [http-nio-8082-exec-4] o.a.c.c.C.[Tomcat].[localhost].[/]       : Initializing Spring DispatcherServlet 'dispatcherServlet'
2024-07-05T10:13:33.321+08:00  INFO 24932 --- [user-service] [http-nio-8082-exec-4] o.s.web.servlet.DispatcherServlet        : Initializing Servlet 'dispatcherServlet'
2024-07-05T10:13:33.322+08:00  INFO 24932 --- [user-service] [http-nio-8082-exec-4] o.s.web.servlet.DispatcherServlet        : Completed initialization in 1 ms
2024-07-05T10:14:50.867+08:00  WARN 24932 --- [user-service] [Thread-2] c.a.n.common.http.HttpClientBeanHolder   : [HttpClientBeanHolder] Start destroying common HttpClient
2024-07-05T10:14:50.867+08:00  WARN 24932 --- [user-service] [Thread-5] c.a.nacos.common.notify.NotifyCenter     : [NotifyCenter] Start destroying Publisher
2024-07-05T10:14:50.867+08:00  WARN 24932 --- [user-service] [Thread-5] c.a.nacos.common.notify.NotifyCenter     : [NotifyCenter] Destruction of the end
2024-07-05T10:14:50.868+08:00  WARN 24932 --- [user-service] [Thread-2] c.a.n.common.http.HttpClientBeanHolder   : [HttpClientBeanHolder] Destruction of the end
2024-07-05T10:14:50.878+08:00  INFO 24932 --- [user-service] [SpringApplicationShutdownHook] c.a.c.n.registry.NacosServiceRegistry    : De-registering from Nacos Server now...
2024-07-05T10:14:50.878+08:00  INFO 24932 --- [user-service] [SpringApplicationShutdownHook] com.alibaba.nacos.client.naming          : [DEREGISTER-SERVICE] public deregistering service user-service with instance: Instance{instanceId='null', ip='2.0.0.1', port=8082, weight=1.0, healthy=true, enabled=true, ephemeral=true, clusterName='DEFAULT', serviceName='null', metadata={}}
2024-07-05T10:14:50.882+08:00  INFO 24932 --- [user-service] [SpringApplicationShutdownHook] c.a.c.n.registry.NacosServiceRegistry    : De-registration finished.
2024-07-05T10:14:50.882+08:00  INFO 24932 --- [user-service] [SpringApplicationShutdownHook] com.alibaba.nacos.client.naming          : com.alibaba.nacos.client.naming.cache.ServiceInfoHolder do shutdown begin
2024-07-05T10:14:50.882+08:00  INFO 24932 --- [user-service] [SpringApplicationShutdownHook] com.alibaba.nacos.client.naming          : com.alibaba.nacos.client.naming.backups.FailoverReactor do shutdown begin
2024-07-05T10:14:50.883+08:00  INFO 24932 --- [user-service] [SpringApplicationShutdownHook] com.alibaba.nacos.client.naming          : com.alibaba.nacos.client.naming.backups.FailoverReactor do shutdown stop
2024-07-05T10:14:50.883+08:00  INFO 24932 --- [user-service] [SpringApplicationShutdownHook] com.alibaba.nacos.client.naming          : com.alibaba.nacos.client.naming.cache.ServiceInfoHolder do shutdown stop
2024-07-05T10:14:50.883+08:00  INFO 24932 --- [user-service] [SpringApplicationShutdownHook] com.alibaba.nacos.client.naming          : com.alibaba.nacos.client.naming.remote.NamingClientProxyDelegate do shutdown begin
2024-07-05T10:14:50.883+08:00  INFO 24932 --- [user-service] [SpringApplicationShutdownHook] com.alibaba.nacos.client.naming          : com.alibaba.nacos.client.naming.core.ServiceInfoUpdateService do shutdown begin
2024-07-05T10:14:50.883+08:00  INFO 24932 --- [user-service] [SpringApplicationShutdownHook] com.alibaba.nacos.client.naming          : com.alibaba.nacos.client.naming.core.ServiceInfoUpdateService do shutdown stop
2024-07-05T10:14:50.883+08:00  INFO 24932 --- [user-service] [SpringApplicationShutdownHook] com.alibaba.nacos.client.naming          : com.alibaba.nacos.client.naming.core.ServerListManager do shutdown begin
2024-07-05T10:14:50.883+08:00  WARN 24932 --- [user-service] [SpringApplicationShutdownHook] com.alibaba.nacos.client.naming          : [NamingHttpClientManager] Start destroying NacosRestTemplate
2024-07-05T10:14:50.883+08:00  WARN 24932 --- [user-service] [SpringApplicationShutdownHook] com.alibaba.nacos.client.naming          : [NamingHttpClientManager] Destruction of the end
2024-07-05T10:14:50.883+08:00  INFO 24932 --- [user-service] [SpringApplicationShutdownHook] com.alibaba.nacos.client.naming          : com.alibaba.nacos.client.naming.core.ServerListManager do shutdown stop
2024-07-05T10:14:50.883+08:00  INFO 24932 --- [user-service] [SpringApplicationShutdownHook] com.alibaba.nacos.client.naming          : com.alibaba.nacos.client.naming.remote.http.NamingHttpClientProxy do shutdown begin
2024-07-05T10:14:50.883+08:00  WARN 24932 --- [user-service] [SpringApplicationShutdownHook] com.alibaba.nacos.client.naming          : [NamingHttpClientManager] Start destroying NacosRestTemplate
2024-07-05T10:14:50.883+08:00  WARN 24932 --- [user-service] [SpringApplicationShutdownHook] com.alibaba.nacos.client.naming          : [NamingHttpClientManager] Destruction of the end
2024-07-05T10:14:50.883+08:00  INFO 24932 --- [user-service] [SpringApplicationShutdownHook] com.alibaba.nacos.client.naming          : com.alibaba.nacos.client.naming.remote.http.NamingHttpClientProxy do shutdown stop
2024-07-05T10:14:50.883+08:00  INFO 24932 --- [user-service] [SpringApplicationShutdownHook] com.alibaba.nacos.client.naming          : Shutdown naming grpc client proxy for  uuid->c2e016f6-52de-4f48-8e2d-59935b4b8d1f
2024-07-05T10:14:50.884+08:00  INFO 24932 --- [user-service] [SpringApplicationShutdownHook] com.alibaba.nacos.client.naming          : Shutdown grpc redo service executor java.util.concurrent.ScheduledThreadPoolExecutor@35f79e6d[Running, pool size = 1, active threads = 0, queued tasks = 1, completed tasks = 54]
2024-07-05T10:14:50.884+08:00  INFO 24932 --- [user-service] [SpringApplicationShutdownHook] com.alibaba.nacos.common.remote.client   : Shutdown rpc client, set status to shutdown
2024-07-05T10:14:50.884+08:00  INFO 24932 --- [user-service] [SpringApplicationShutdownHook] com.alibaba.nacos.common.remote.client   : Shutdown client event executor java.util.concurrent.ScheduledThreadPoolExecutor@69959ea5[Running, pool size = 2, active threads = 2, queued tasks = 0, completed tasks = 0]
2024-07-05T10:14:50.884+08:00  INFO 24932 --- [user-service] [SpringApplicationShutdownHook] com.alibaba.nacos.common.remote.client   : Close current connection 1720145527392_127.0.0.1_55978
2024-07-05T10:14:50.885+08:00  INFO 24932 --- [user-service] [nacos-grpc-client-executor-localhost-46] c.a.n.c.remote.client.grpc.GrpcClient    : [1720145527392_127.0.0.1_55978]Ignore complete event,isRunning:false,isAbandon=false
2024-07-05T10:14:50.888+08:00  INFO 24932 --- [user-service] [SpringApplicationShutdownHook] c.a.n.c.remote.client.grpc.GrpcClient    : Shutdown grpc executor java.util.concurrent.ThreadPoolExecutor@123372f4[Running, pool size = 4, active threads = 0, queued tasks = 0, completed tasks = 47]
2024-07-05T10:14:50.888+08:00  INFO 24932 --- [user-service] [SpringApplicationShutdownHook] com.alibaba.nacos.client.naming          : shutdown and remove naming rpc client  for uuid ->c2e016f6-52de-4f48-8e2d-59935b4b8d1f
2024-07-05T10:14:50.888+08:00  INFO 24932 --- [user-service] [SpringApplicationShutdownHook] c.a.n.c.a.r.identify.CredentialWatcher   : [null] CredentialWatcher is stopped
2024-07-05T10:14:50.888+08:00  INFO 24932 --- [user-service] [SpringApplicationShutdownHook] c.a.n.c.a.r.identify.CredentialService   : [null] CredentialService is freed
2024-07-05T10:14:50.889+08:00  INFO 24932 --- [user-service] [SpringApplicationShutdownHook] com.alibaba.nacos.client.naming          : com.alibaba.nacos.client.naming.remote.NamingClientProxyDelegate do shutdown stop
2024-07-05T10:14:50.890+08:00  INFO 24932 --- [user-service] [SpringApplicationShutdownHook] j.LocalContainerEntityManagerFactoryBean : Closing JPA EntityManagerFactory for persistence unit 'default'
2024-07-05T10:14:50.896+08:00  INFO 24932 --- [user-service] [SpringApplicationShutdownHook] com.zaxxer.hikari.HikariDataSource       : HikariPool-1 - Shutdown initiated...
2024-07-05T10:14:50.903+08:00  INFO 24932 --- [user-service] [SpringApplicationShutdownHook] com.zaxxer.hikari.HikariDataSource       : HikariPool-1 - Shutdown completed.
2024-07-05T10:14:59.681+08:00  INFO 4408 --- [user-service] [main] c.alibaba.nacos.client.utils.ParamUtil   : [settings] [req-serv] nacos-server port:8848
2024-07-05T10:14:59.684+08:00  INFO 4408 --- [user-service] [main] c.alibaba.nacos.client.utils.ParamUtil   : [settings] [http-client] connect timeout:1000
2024-07-05T10:14:59.685+08:00  INFO 4408 --- [user-service] [Thread-1] c.a.n.c.a.r.identify.CredentialWatcher   : null No credential found
2024-07-05T10:14:59.686+08:00  INFO 4408 --- [user-service] [main] c.alibaba.nacos.client.utils.ParamUtil   : PER_TASK_CONFIG_SIZE: 3000.0
2024-07-05T10:14:59.723+08:00  INFO 4408 --- [user-service] [main] com.alibaba.nacos.common.labels          : DefaultLabelsCollectorManager get labels.....
2024-07-05T10:14:59.723+08:00  INFO 4408 --- [user-service] [main] com.alibaba.nacos.common.labels          : Process LabelsCollector with [name:defaultNacosLabelsCollector]
2024-07-05T10:14:59.723+08:00  INFO 4408 --- [user-service] [main] com.alibaba.nacos.common.labels          : default nacos collect properties raw labels: null
2024-07-05T10:14:59.724+08:00  INFO 4408 --- [user-service] [main] com.alibaba.nacos.common.labels          : default nacos collect properties labels: {}
2024-07-05T10:14:59.725+08:00  INFO 4408 --- [user-service] [main] com.alibaba.nacos.common.labels          : default nacos collect jvm raw labels: null
2024-07-05T10:14:59.725+08:00  INFO 4408 --- [user-service] [main] com.alibaba.nacos.common.labels          : default nacos collect jvm labels: {}
2024-07-05T10:14:59.725+08:00  INFO 4408 --- [user-service] [main] com.alibaba.nacos.common.labels          : default nacos collect env raw labels: null
2024-07-05T10:14:59.726+08:00  INFO 4408 --- [user-service] [main] com.alibaba.nacos.common.labels          : default nacos collect env labels: {}
2024-07-05T10:14:59.726+08:00  INFO 4408 --- [user-service] [main] com.alibaba.nacos.common.labels          : DefaultLabelsCollectorManager get labels finished,labels :{}
2024-07-05T10:14:59.734+08:00  INFO 4408 --- [user-service] [main] c.a.n.p.a.s.c.ClientAuthPluginManager    : [ClientAuthPluginManager] Load ClientAuthService com.alibaba.nacos.client.auth.impl.NacosClientAuthServiceImpl success.
2024-07-05T10:14:59.735+08:00  INFO 4408 --- [user-service] [main] c.a.n.p.a.s.c.ClientAuthPluginManager    : [ClientAuthPluginManager] Load ClientAuthService com.alibaba.nacos.client.auth.ram.RamClientAuthServiceImpl success.
2024-07-05T10:14:59.879+08:00  INFO 4408 --- [user-service] [main] c.a.n.c.c.impl.LocalConfigInfoProcessor  : LOCAL_SNAPSHOT_PATH:C:\Users\liang\nacos\config
2024-07-05T10:14:59.884+08:00  INFO 4408 --- [user-service] [main] com.alibaba.nacos.common.remote.client   : [RpcClientFactory] create a new rpc client of 15d53ca3-900c-4af6-9959-186d1154e2dc_config-0
2024-07-05T10:14:59.910+08:00  INFO 4408 --- [user-service] [main] com.alibaba.nacos.common.remote.client   : [15d53ca3-900c-4af6-9959-186d1154e2dc_config-0] Register server push request handler:com.alibaba.nacos.client.config.impl.ClientWorker$ConfigRpcTransportClient$$Lambda/0x000002a481311e98
2024-07-05T10:14:59.911+08:00  INFO 4408 --- [user-service] [main] com.alibaba.nacos.common.remote.client   : [15d53ca3-900c-4af6-9959-186d1154e2dc_config-0] Register server push request handler:com.alibaba.nacos.client.config.impl.ClientWorker$ConfigRpcTransportClient$$Lambda/0x000002a4813122b8
2024-07-05T10:14:59.911+08:00  INFO 4408 --- [user-service] [main] com.alibaba.nacos.common.remote.client   : [15d53ca3-900c-4af6-9959-186d1154e2dc_config-0] Registry connection listener to current client:com.alibaba.nacos.client.config.impl.ClientWorker$ConfigRpcTransportClient$1
2024-07-05T10:14:59.912+08:00  INFO 4408 --- [user-service] [main] com.alibaba.nacos.common.remote.client   : [15d53ca3-900c-4af6-9959-186d1154e2dc_config-0] RpcClient init, ServerListFactory = com.alibaba.nacos.client.config.impl.ClientWorker$ConfigRpcTransportClient$2
2024-07-05T10:14:59.920+08:00  INFO 4408 --- [user-service] [main] com.alibaba.nacos.common.remote.client   : [15d53ca3-900c-4af6-9959-186d1154e2dc_config-0] Try to connect to server on start up, server: {serverIp = '127.0.0.1', server main port = 8848}
2024-07-05T10:14:59.973+08:00  INFO 4408 --- [user-service] [main] c.a.n.c.remote.client.grpc.GrpcClient    : grpc client connection server:127.0.0.1 ip,serverPort:9848,grpcTslConfig:{"sslProvider":"","enableTls":false,"mutualAuthEnable":false,"trustAll":false}
2024-07-05T10:15:00.630+08:00  INFO 4408 --- [user-service] [main] c.a.n.c.a.AbstractAbilityControlManager  : Ready to get current node abilities...
2024-07-05T10:15:00.632+08:00  INFO 4408 --- [user-service] [main] c.a.n.c.a.AbstractAbilityControlManager  : Ready to initialize current node abilities, support modes: [SDK_CLIENT]
2024-07-05T10:15:00.633+08:00  INFO 4408 --- [user-service] [main] c.a.n.c.a.AbstractAbilityControlManager  : Initialize current abilities finish...
2024-07-05T10:15:00.634+08:00  INFO 4408 --- [user-service] [main] c.a.n.c.a.d.NacosAbilityManagerHolder    : [AbilityControlManager] Successfully initialize AbilityControlManager
2024-07-05T10:15:00.659+08:00  INFO 4408 --- [user-service] [main] com.alibaba.nacos.common.remote.client   : [15d53ca3-900c-4af6-9959-186d1154e2dc_config-0] Success to connect to server [127.0.0.1:8848] on start up, connectionId = 1720145700531_127.0.0.1_56217
2024-07-05T10:15:00.660+08:00  INFO 4408 --- [user-service] [com.alibaba.nacos.client.remote.worker.0] com.alibaba.nacos.common.remote.client   : [15d53ca3-900c-4af6-9959-186d1154e2dc_config-0] Notify connected event to listeners.
2024-07-05T10:15:00.660+08:00  INFO 4408 --- [user-service] [main] com.alibaba.nacos.common.remote.client   : [15d53ca3-900c-4af6-9959-186d1154e2dc_config-0] Register server push request handler:com.alibaba.nacos.common.remote.client.RpcClient$ConnectResetRequestHandler
2024-07-05T10:15:00.661+08:00  INFO 4408 --- [user-service] [com.alibaba.nacos.client.remote.worker.0] c.a.n.client.config.impl.ClientWorker    : [15d53ca3-900c-4af6-9959-186d1154e2dc_config-0] Connected,notify listen context...
2024-07-05T10:15:00.661+08:00  INFO 4408 --- [user-service] [main] com.alibaba.nacos.common.remote.client   : [15d53ca3-900c-4af6-9959-186d1154e2dc_config-0] Register server push request handler:com.alibaba.nacos.common.remote.client.RpcClient$$Lambda/0x000002a4814a6440
2024-07-05T10:15:00.713+08:00  INFO 4408 --- [user-service] [main] c.a.nacos.client.config.impl.Limiter     : limitTime:5.0
2024-07-05T10:15:00.734+08:00  WARN 4408 --- [user-service] [main] c.a.c.n.c.NacosPropertySourceBuilder     : Ignore the empty nacos configuration and get it based on dataId[user-service] & group[DEFAULT_GROUP]
2024-07-05T10:15:00.745+08:00  INFO 4408 --- [user-service] [main] c.a.nacos.client.config.utils.JvmUtil    : isMultiInstance:false
2024-07-05T10:15:00.786+08:00  INFO 4408 --- [user-service] [main] b.c.PropertySourceBootstrapConfiguration : Located property source: [BootstrapPropertySource {name='bootstrapProperties-user-service.yaml,DEFAULT_GROUP'}, BootstrapPropertySource {name='bootstrapProperties-user-service,DEFAULT_GROUP'}]
2024-07-05T10:15:00.802+08:00  INFO 4408 --- [user-service] [main] o.e.userservice.UserServiceApplication   : No active profile set, falling back to 1 default profile: "default"
2024-07-05T10:15:01.537+08:00  INFO 4408 --- [user-service] [main] .s.d.r.c.RepositoryConfigurationDelegate : Bootstrapping Spring Data JPA repositories in DEFAULT mode.
2024-07-05T10:15:01.685+08:00  INFO 4408 --- [user-service] [main] .s.d.r.c.RepositoryConfigurationDelegate : Finished Spring Data repository scanning in 140 ms. Found 1 JPA repository interface.
2024-07-05T10:15:01.934+08:00  INFO 4408 --- [user-service] [main] o.s.cloud.context.scope.GenericScope     : BeanFactory id=40039b12-762c-3674-9283-b7bc8b6356de
2024-07-05T10:15:02.070+08:00  WARN 4408 --- [user-service] [main] trationDelegate$BeanPostProcessorChecker : Bean 'org.springframework.cloud.client.loadbalancer.LoadBalancerAutoConfiguration$DeferringLoadBalancerInterceptorConfig' of type [org.springframework.cloud.client.loadbalancer.LoadBalancerAutoConfiguration$DeferringLoadBalancerInterceptorConfig] is not eligible for getting processed by all BeanPostProcessors (for example: not eligible for auto-proxying). The currently created BeanPostProcessor [lbRestClientPostProcessor] is declared through a non-static factory method on that class; consider declaring it as static instead.
2024-07-05T10:15:02.073+08:00  WARN 4408 --- [user-service] [main] trationDelegate$BeanPostProcessorChecker : Bean 'deferringLoadBalancerInterceptor' of type [org.springframework.cloud.client.loadbalancer.DeferringLoadBalancerInterceptor] is not eligible for getting processed by all BeanPostProcessors (for example: not eligible for auto-proxying). Is this bean getting eagerly injected into a currently created BeanPostProcessor [lbRestClientPostProcessor]? Check the corresponding BeanPostProcessor declaration and its dependencies.
2024-07-05T10:15:02.297+08:00  INFO 4408 --- [user-service] [main] o.s.b.w.embedded.tomcat.TomcatWebServer  : Tomcat initialized with port 8082 (http)
2024-07-05T10:15:02.311+08:00  INFO 4408 --- [user-service] [main] o.apache.catalina.core.StandardService   : Starting service [Tomcat]
2024-07-05T10:15:02.312+08:00  INFO 4408 --- [user-service] [main] o.apache.catalina.core.StandardEngine    : Starting Servlet engine: [Apache Tomcat/10.1.25]
2024-07-05T10:15:02.407+08:00  INFO 4408 --- [user-service] [main] o.a.c.c.C.[Tomcat].[localhost].[/]       : Initializing Spring embedded WebApplicationContext
2024-07-05T10:15:02.407+08:00  INFO 4408 --- [user-service] [main] w.s.c.ServletWebServerApplicationContext : Root WebApplicationContext: initialization completed in 1588 ms
2024-07-05T10:15:02.557+08:00  INFO 4408 --- [user-service] [main] com.zaxxer.hikari.HikariDataSource       : HikariPool-1 - Starting...
2024-07-05T10:15:02.710+08:00  INFO 4408 --- [user-service] [main] com.zaxxer.hikari.pool.HikariPool        : HikariPool-1 - Added connection com.mysql.cj.jdbc.ConnectionImpl@4544ab46
2024-07-05T10:15:02.712+08:00  INFO 4408 --- [user-service] [main] com.zaxxer.hikari.HikariDataSource       : HikariPool-1 - Start completed.
2024-07-05T10:15:02.755+08:00  INFO 4408 --- [user-service] [main] o.hibernate.jpa.internal.util.LogHelper  : HHH000204: Processing PersistenceUnitInfo [name: default]
2024-07-05T10:15:02.816+08:00  INFO 4408 --- [user-service] [main] org.hibernate.Version                    : HHH000412: Hibernate ORM core version 6.5.2.Final
2024-07-05T10:15:02.848+08:00  INFO 4408 --- [user-service] [main] o.h.c.internal.RegionFactoryInitiator    : HHH000026: Second-level cache disabled
2024-07-05T10:15:03.147+08:00  INFO 4408 --- [user-service] [main] o.s.o.j.p.SpringPersistenceUnitInfo      : No LoadTimeWeaver setup: ignoring JPA class transformer
2024-07-05T10:15:04.067+08:00  INFO 4408 --- [user-service] [main] o.h.e.t.j.p.i.JtaPlatformInitiator       : HHH000489: No JTA platform available (set 'hibernate.transaction.jta.platform' to enable JTA platform integration)
2024-07-05T10:15:04.071+08:00  INFO 4408 --- [user-service] [main] j.LocalContainerEntityManagerFactoryBean : Initialized JPA EntityManagerFactory for persistence unit 'default'
2024-07-05T10:15:04.431+08:00  WARN 4408 --- [user-service] [main] JpaBaseConfiguration$JpaWebConfiguration : spring.jpa.open-in-view is enabled by default. Therefore, database queries may be performed during view rendering. Explicitly configure spring.jpa.open-in-view to disable this warning
2024-07-05T10:15:04.447+08:00  WARN 4408 --- [user-service] [main] .s.s.UserDetailsServiceAutoConfiguration : 

Using generated security password: 88d14350-ebae-4d4c-a354-515f7b29cc10

This generated password is for development use only. Your security configuration must be updated before running your application in production.

2024-07-05T10:15:04.454+08:00  INFO 4408 --- [user-service] [main] r$InitializeUserDetailsManagerConfigurer : Global AuthenticationManager configured with UserDetailsService bean with name inMemoryUserDetailsManager
2024-07-05T10:15:05.064+08:00  WARN 4408 --- [user-service] [main] iguration$LoadBalancerCaffeineWarnLogger : Spring Cloud LoadBalancer is currently working with the default cache. While this cache implementation is useful for development and tests, it's recommended to use Caffeine cache in production.You can switch to using Caffeine cache, by adding it and org.springframework.cache.caffeine.CaffeineCacheManager to the classpath.
2024-07-05T10:15:05.396+08:00  INFO 4408 --- [user-service] [main] o.s.b.w.embedded.tomcat.TomcatWebServer  : Tomcat started on port 8082 (http) with context path '/'
2024-07-05T10:15:05.403+08:00  INFO 4408 --- [user-service] [main] com.alibaba.nacos.client.naming          : initializer namespace from ans.namespace attribute : null
2024-07-05T10:15:05.403+08:00  INFO 4408 --- [user-service] [main] com.alibaba.nacos.client.naming          : initializer namespace from ALIBABA_ALIWARE_NAMESPACE attribute :null
2024-07-05T10:15:05.404+08:00  INFO 4408 --- [user-service] [main] com.alibaba.nacos.client.naming          : initializer namespace from namespace attribute :null
2024-07-05T10:15:05.413+08:00  INFO 4408 --- [user-service] [main] com.alibaba.nacos.client.naming          : FailoverDataSource type is class com.alibaba.nacos.client.naming.backups.datasource.DiskFailoverDataSource
2024-07-05T10:15:05.417+08:00  INFO 4408 --- [user-service] [main] c.a.n.p.a.s.c.ClientAuthPluginManager    : [ClientAuthPluginManager] Load ClientAuthService com.alibaba.nacos.client.auth.impl.NacosClientAuthServiceImpl success.
2024-07-05T10:15:05.418+08:00  INFO 4408 --- [user-service] [main] c.a.n.p.a.s.c.ClientAuthPluginManager    : [ClientAuthPluginManager] Load ClientAuthService com.alibaba.nacos.client.auth.ram.RamClientAuthServiceImpl success.
2024-07-05T10:15:05.425+08:00  INFO 4408 --- [user-service] [main] com.alibaba.nacos.common.remote.client   : [RpcClientFactory] create a new rpc client of 62f36aed-35f0-40e8-bd18-104ae5591b25
2024-07-05T10:15:05.427+08:00  INFO 4408 --- [user-service] [main] com.alibaba.nacos.client.naming          : Create naming rpc client for uuid->62f36aed-35f0-40e8-bd18-104ae5591b25
2024-07-05T10:15:05.428+08:00  INFO 4408 --- [user-service] [main] com.alibaba.nacos.common.remote.client   : [62f36aed-35f0-40e8-bd18-104ae5591b25] RpcClient init, ServerListFactory = com.alibaba.nacos.client.naming.core.ServerListManager
2024-07-05T10:15:05.428+08:00  INFO 4408 --- [user-service] [main] com.alibaba.nacos.common.remote.client   : [62f36aed-35f0-40e8-bd18-104ae5591b25] Registry connection listener to current client:com.alibaba.nacos.client.naming.remote.gprc.redo.NamingGrpcRedoService
2024-07-05T10:15:05.428+08:00  INFO 4408 --- [user-service] [main] com.alibaba.nacos.common.remote.client   : [62f36aed-35f0-40e8-bd18-104ae5591b25] Register server push request handler:com.alibaba.nacos.client.naming.remote.gprc.NamingPushRequestHandler
2024-07-05T10:15:05.429+08:00  INFO 4408 --- [user-service] [main] com.alibaba.nacos.common.remote.client   : [62f36aed-35f0-40e8-bd18-104ae5591b25] Try to connect to server on start up, server: {serverIp = 'localhost', server main port = 8848}
2024-07-05T10:15:05.429+08:00  INFO 4408 --- [user-service] [main] c.a.n.c.remote.client.grpc.GrpcClient    : grpc client connection server:localhost ip,serverPort:9848,grpcTslConfig:{"sslProvider":"","enableTls":false,"mutualAuthEnable":false,"trustAll":false}
2024-07-05T10:15:05.450+08:00  INFO 4408 --- [user-service] [main] com.alibaba.nacos.common.remote.client   : [62f36aed-35f0-40e8-bd18-104ae5591b25] Success to connect to server [localhost:8848] on start up, connectionId = 1720145705434_127.0.0.1_56233
2024-07-05T10:15:05.450+08:00  INFO 4408 --- [user-service] [main] com.alibaba.nacos.common.remote.client   : [62f36aed-35f0-40e8-bd18-104ae5591b25] Register server push request handler:com.alibaba.nacos.common.remote.client.RpcClient$ConnectResetRequestHandler
2024-07-05T10:15:05.450+08:00  INFO 4408 --- [user-service] [main] com.alibaba.nacos.common.remote.client   : [62f36aed-35f0-40e8-bd18-104ae5591b25] Register server push request handler:com.alibaba.nacos.common.remote.client.RpcClient$$Lambda/0x000002a4814a6440
2024-07-05T10:15:05.450+08:00  INFO 4408 --- [user-service] [com.alibaba.nacos.client.remote.worker.0] com.alibaba.nacos.common.remote.client   : [62f36aed-35f0-40e8-bd18-104ae5591b25] Notify connected event to listeners.
2024-07-05T10:15:05.450+08:00  INFO 4408 --- [user-service] [com.alibaba.nacos.client.remote.worker.0] com.alibaba.nacos.client.naming          : Grpc connection connect
2024-07-05T10:15:05.452+08:00  INFO 4408 --- [user-service] [main] com.alibaba.nacos.client.naming          : [REGISTER-SERVICE] public registering service user-service with instance Instance{instanceId='null', ip='2.0.0.1', port=8082, weight=1.0, healthy=true, enabled=true, ephemeral=true, clusterName='DEFAULT', serviceName='null', metadata={IPv6=[2403:d400:1000:12:c8d7:7648:f170:ea1a], preserved.register.source=SPRING_CLOUD}}
2024-07-05T10:15:05.473+08:00  INFO 4408 --- [user-service] [main] c.a.c.n.registry.NacosServiceRegistry    : nacos registry, DEFAULT_GROUP user-service 2.0.0.1:8082 register finished
2024-07-05T10:15:05.544+08:00  INFO 4408 --- [user-service] [main] o.s.c.openfeign.FeignClientFactoryBean   : For 'gateway' URL not provided. Will try picking an instance via load-balancing.
2024-07-05T10:15:05.574+08:00  INFO 4408 --- [user-service] [main] o.e.userservice.UserServiceApplication   : Started UserServiceApplication in 7.407 seconds (process running for 8.682)
2024-07-05T10:15:05.578+08:00  INFO 4408 --- [user-service] [main] c.a.nacos.client.config.impl.CacheData   : config listener notify warn timeout millis use default 60000 millis 
2024-07-05T10:15:05.578+08:00  INFO 4408 --- [user-service] [main] c.a.nacos.client.config.impl.CacheData   : nacos.cache.data.init.snapshot = true 
2024-07-05T10:15:05.581+08:00  INFO 4408 --- [user-service] [main] c.a.n.client.config.impl.ClientWorker    : [fixed-127.0.0.1_8848] [subscribe] user-service.yaml+DEFAULT_GROUP
2024-07-05T10:15:05.593+08:00  INFO 4408 --- [user-service] [main] c.a.nacos.client.config.impl.CacheData   : [fixed-127.0.0.1_8848] [add-listener] ok, tenant=, dataId=user-service.yaml, group=DEFAULT_GROUP, cnt=1
2024-07-05T10:15:05.593+08:00  INFO 4408 --- [user-service] [main] c.a.c.n.refresh.NacosContextRefresher    : [Nacos Config] Listening config: dataId=user-service.yaml, group=DEFAULT_GROUP
2024-07-05T10:15:05.594+08:00  INFO 4408 --- [user-service] [main] c.a.n.client.config.impl.ClientWorker    : [fixed-127.0.0.1_8848] [subscribe] user-service+DEFAULT_GROUP
2024-07-05T10:15:05.594+08:00  INFO 4408 --- [user-service] [main] c.a.nacos.client.config.impl.CacheData   : [fixed-127.0.0.1_8848] [add-listener] ok, tenant=, dataId=user-service, group=DEFAULT_GROUP, cnt=1
2024-07-05T10:15:05.594+08:00  INFO 4408 --- [user-service] [main] c.a.c.n.refresh.NacosContextRefresher    : [Nacos Config] Listening config: dataId=user-service, group=DEFAULT_GROUP
2024-07-05T10:15:30.498+08:00  INFO 4408 --- [user-service] [http-nio-8082-exec-1] o.a.c.c.C.[Tomcat].[localhost].[/]       : Initializing Spring DispatcherServlet 'dispatcherServlet'
2024-07-05T10:15:30.499+08:00  INFO 4408 --- [user-service] [http-nio-8082-exec-1] o.s.web.servlet.DispatcherServlet        : Initializing Servlet 'dispatcherServlet'
2024-07-05T10:15:30.500+08:00  INFO 4408 --- [user-service] [http-nio-8082-exec-1] o.s.web.servlet.DispatcherServlet        : Completed initialization in 1 ms
2024-07-05T10:15:35.992+08:00  INFO 4408 --- [user-service] [http-nio-8082-exec-2] o.e.userservice.service.UserInfoService  : 用户904573025@qq.com进行登录
2024-07-05T10:15:36.317+08:00  INFO 4408 --- [user-service] [http-nio-8082-exec-2] o.e.userservice.service.UserInfoService  : 用户904573025@qq.com进行登录
2024-07-05T10:15:36.317+08:00  INFO 4408 --- [user-service] [http-nio-8082-exec-2] o.e.u.controller.LoginController         : token: eyJhbGciOiJIUzUxMiJ9.eyJzdWIiOiI4OSIsImNyZWF0ZWQiOjE3MjAxNDU3MzYwOTQsImV4cCI6MTcyMDc1MDUzNn0.Lex5HWp8l4Fgh_QI4fx1nwXvoQwr4iMRLnpHSO3PES3_S1NJH3-qgu7QQrMYZ1OKyxc3meQaJKBQla29bD1jpQ
2024-07-05T10:16:01.685+08:00  WARN 4408 --- [user-service] [Thread-5] c.a.nacos.common.notify.NotifyCenter     : [NotifyCenter] Start destroying Publisher
2024-07-05T10:16:01.685+08:00  WARN 4408 --- [user-service] [Thread-2] c.a.n.common.http.HttpClientBeanHolder   : [HttpClientBeanHolder] Start destroying common HttpClient
2024-07-05T10:16:01.685+08:00  WARN 4408 --- [user-service] [Thread-5] c.a.nacos.common.notify.NotifyCenter     : [NotifyCenter] Destruction of the end
2024-07-05T10:16:01.686+08:00  WARN 4408 --- [user-service] [Thread-2] c.a.n.common.http.HttpClientBeanHolder   : [HttpClientBeanHolder] Destruction of the end
2024-07-05T10:16:01.695+08:00  INFO 4408 --- [user-service] [SpringApplicationShutdownHook] c.a.c.n.registry.NacosServiceRegistry    : De-registering from Nacos Server now...
2024-07-05T10:16:01.695+08:00  INFO 4408 --- [user-service] [SpringApplicationShutdownHook] com.alibaba.nacos.client.naming          : [DEREGISTER-SERVICE] public deregistering service user-service with instance: Instance{instanceId='null', ip='2.0.0.1', port=8082, weight=1.0, healthy=true, enabled=true, ephemeral=true, clusterName='DEFAULT', serviceName='null', metadata={}}
2024-07-05T10:16:01.700+08:00  INFO 4408 --- [user-service] [SpringApplicationShutdownHook] c.a.c.n.registry.NacosServiceRegistry    : De-registration finished.
2024-07-05T10:16:01.700+08:00  INFO 4408 --- [user-service] [SpringApplicationShutdownHook] com.alibaba.nacos.client.naming          : com.alibaba.nacos.client.naming.cache.ServiceInfoHolder do shutdown begin
2024-07-05T10:16:01.700+08:00  INFO 4408 --- [user-service] [SpringApplicationShutdownHook] com.alibaba.nacos.client.naming          : com.alibaba.nacos.client.naming.backups.FailoverReactor do shutdown begin
2024-07-05T10:16:01.700+08:00  INFO 4408 --- [user-service] [SpringApplicationShutdownHook] com.alibaba.nacos.client.naming          : com.alibaba.nacos.client.naming.backups.FailoverReactor do shutdown stop
2024-07-05T10:16:01.700+08:00  INFO 4408 --- [user-service] [SpringApplicationShutdownHook] com.alibaba.nacos.client.naming          : com.alibaba.nacos.client.naming.cache.ServiceInfoHolder do shutdown stop
2024-07-05T10:16:01.700+08:00  INFO 4408 --- [user-service] [SpringApplicationShutdownHook] com.alibaba.nacos.client.naming          : com.alibaba.nacos.client.naming.remote.NamingClientProxyDelegate do shutdown begin
2024-07-05T10:16:01.700+08:00  INFO 4408 --- [user-service] [SpringApplicationShutdownHook] com.alibaba.nacos.client.naming          : com.alibaba.nacos.client.naming.core.ServiceInfoUpdateService do shutdown begin
2024-07-05T10:16:01.701+08:00  INFO 4408 --- [user-service] [SpringApplicationShutdownHook] com.alibaba.nacos.client.naming          : com.alibaba.nacos.client.naming.core.ServiceInfoUpdateService do shutdown stop
2024-07-05T10:16:01.701+08:00  INFO 4408 --- [user-service] [SpringApplicationShutdownHook] com.alibaba.nacos.client.naming          : com.alibaba.nacos.client.naming.core.ServerListManager do shutdown begin
2024-07-05T10:16:01.701+08:00  WARN 4408 --- [user-service] [SpringApplicationShutdownHook] com.alibaba.nacos.client.naming          : [NamingHttpClientManager] Start destroying NacosRestTemplate
2024-07-05T10:16:01.701+08:00  WARN 4408 --- [user-service] [SpringApplicationShutdownHook] com.alibaba.nacos.client.naming          : [NamingHttpClientManager] Destruction of the end
2024-07-05T10:16:01.701+08:00  INFO 4408 --- [user-service] [SpringApplicationShutdownHook] com.alibaba.nacos.client.naming          : com.alibaba.nacos.client.naming.core.ServerListManager do shutdown stop
2024-07-05T10:16:01.701+08:00  INFO 4408 --- [user-service] [SpringApplicationShutdownHook] com.alibaba.nacos.client.naming          : com.alibaba.nacos.client.naming.remote.http.NamingHttpClientProxy do shutdown begin
2024-07-05T10:16:01.701+08:00  WARN 4408 --- [user-service] [SpringApplicationShutdownHook] com.alibaba.nacos.client.naming          : [NamingHttpClientManager] Start destroying NacosRestTemplate
2024-07-05T10:16:01.701+08:00  WARN 4408 --- [user-service] [SpringApplicationShutdownHook] com.alibaba.nacos.client.naming          : [NamingHttpClientManager] Destruction of the end
2024-07-05T10:16:01.701+08:00  INFO 4408 --- [user-service] [SpringApplicationShutdownHook] com.alibaba.nacos.client.naming          : com.alibaba.nacos.client.naming.remote.http.NamingHttpClientProxy do shutdown stop
2024-07-05T10:16:01.701+08:00  INFO 4408 --- [user-service] [SpringApplicationShutdownHook] com.alibaba.nacos.client.naming          : Shutdown naming grpc client proxy for  uuid->62f36aed-35f0-40e8-bd18-104ae5591b25
2024-07-05T10:16:01.701+08:00  INFO 4408 --- [user-service] [SpringApplicationShutdownHook] com.alibaba.nacos.client.naming          : Shutdown grpc redo service executor java.util.concurrent.ScheduledThreadPoolExecutor@577e2b91[Running, pool size = 1, active threads = 0, queued tasks = 1, completed tasks = 18]
2024-07-05T10:16:01.701+08:00  INFO 4408 --- [user-service] [SpringApplicationShutdownHook] com.alibaba.nacos.common.remote.client   : Shutdown rpc client, set status to shutdown
2024-07-05T10:16:01.701+08:00  INFO 4408 --- [user-service] [SpringApplicationShutdownHook] com.alibaba.nacos.common.remote.client   : Shutdown client event executor java.util.concurrent.ScheduledThreadPoolExecutor@4fb53b76[Running, pool size = 2, active threads = 2, queued tasks = 0, completed tasks = 0]
2024-07-05T10:16:01.701+08:00  INFO 4408 --- [user-service] [SpringApplicationShutdownHook] com.alibaba.nacos.common.remote.client   : Close current connection 1720145705434_127.0.0.1_56233
2024-07-05T10:16:01.702+08:00  INFO 4408 --- [user-service] [nacos-grpc-client-executor-localhost-18] c.a.n.c.remote.client.grpc.GrpcClient    : [1720145705434_127.0.0.1_56233]Ignore complete event,isRunning:false,isAbandon=false
2024-07-05T10:16:01.707+08:00  INFO 4408 --- [user-service] [SpringApplicationShutdownHook] c.a.n.c.remote.client.grpc.GrpcClient    : Shutdown grpc executor java.util.concurrent.ThreadPoolExecutor@1dd1093c[Running, pool size = 4, active threads = 0, queued tasks = 0, completed tasks = 19]
2024-07-05T10:16:01.707+08:00  INFO 4408 --- [user-service] [SpringApplicationShutdownHook] com.alibaba.nacos.client.naming          : shutdown and remove naming rpc client  for uuid ->62f36aed-35f0-40e8-bd18-104ae5591b25
2024-07-05T10:16:01.707+08:00  INFO 4408 --- [user-service] [SpringApplicationShutdownHook] c.a.n.c.a.r.identify.CredentialWatcher   : [null] CredentialWatcher is stopped
2024-07-05T10:16:01.707+08:00  INFO 4408 --- [user-service] [SpringApplicationShutdownHook] c.a.n.c.a.r.identify.CredentialService   : [null] CredentialService is freed
2024-07-05T10:16:01.707+08:00  INFO 4408 --- [user-service] [SpringApplicationShutdownHook] com.alibaba.nacos.client.naming          : com.alibaba.nacos.client.naming.remote.NamingClientProxyDelegate do shutdown stop
2024-07-05T10:16:01.709+08:00  INFO 4408 --- [user-service] [SpringApplicationShutdownHook] j.LocalContainerEntityManagerFactoryBean : Closing JPA EntityManagerFactory for persistence unit 'default'
2024-07-05T10:16:01.710+08:00  INFO 4408 --- [user-service] [SpringApplicationShutdownHook] com.zaxxer.hikari.HikariDataSource       : HikariPool-1 - Shutdown initiated...
2024-07-05T10:16:01.718+08:00  INFO 4408 --- [user-service] [SpringApplicationShutdownHook] com.zaxxer.hikari.HikariDataSource       : HikariPool-1 - Shutdown completed.
2024-07-05T10:16:09.955+08:00  INFO 32096 --- [user-service] [main] c.alibaba.nacos.client.utils.ParamUtil   : [settings] [req-serv] nacos-server port:8848
2024-07-05T10:16:09.958+08:00  INFO 32096 --- [user-service] [main] c.alibaba.nacos.client.utils.ParamUtil   : [settings] [http-client] connect timeout:1000
2024-07-05T10:16:09.960+08:00  INFO 32096 --- [user-service] [Thread-1] c.a.n.c.a.r.identify.CredentialWatcher   : null No credential found
2024-07-05T10:16:09.960+08:00  INFO 32096 --- [user-service] [main] c.alibaba.nacos.client.utils.ParamUtil   : PER_TASK_CONFIG_SIZE: 3000.0
2024-07-05T10:16:10.006+08:00  INFO 32096 --- [user-service] [main] com.alibaba.nacos.common.labels          : DefaultLabelsCollectorManager get labels.....
2024-07-05T10:16:10.007+08:00  INFO 32096 --- [user-service] [main] com.alibaba.nacos.common.labels          : Process LabelsCollector with [name:defaultNacosLabelsCollector]
2024-07-05T10:16:10.007+08:00  INFO 32096 --- [user-service] [main] com.alibaba.nacos.common.labels          : default nacos collect properties raw labels: null
2024-07-05T10:16:10.008+08:00  INFO 32096 --- [user-service] [main] com.alibaba.nacos.common.labels          : default nacos collect properties labels: {}
2024-07-05T10:16:10.008+08:00  INFO 32096 --- [user-service] [main] com.alibaba.nacos.common.labels          : default nacos collect jvm raw labels: null
2024-07-05T10:16:10.009+08:00  INFO 32096 --- [user-service] [main] com.alibaba.nacos.common.labels          : default nacos collect jvm labels: {}
2024-07-05T10:16:10.009+08:00  INFO 32096 --- [user-service] [main] com.alibaba.nacos.common.labels          : default nacos collect env raw labels: null
2024-07-05T10:16:10.009+08:00  INFO 32096 --- [user-service] [main] com.alibaba.nacos.common.labels          : default nacos collect env labels: {}
2024-07-05T10:16:10.010+08:00  INFO 32096 --- [user-service] [main] com.alibaba.nacos.common.labels          : DefaultLabelsCollectorManager get labels finished,labels :{}
2024-07-05T10:16:10.021+08:00  INFO 32096 --- [user-service] [main] c.a.n.p.a.s.c.ClientAuthPluginManager    : [ClientAuthPluginManager] Load ClientAuthService com.alibaba.nacos.client.auth.impl.NacosClientAuthServiceImpl success.
2024-07-05T10:16:10.021+08:00  INFO 32096 --- [user-service] [main] c.a.n.p.a.s.c.ClientAuthPluginManager    : [ClientAuthPluginManager] Load ClientAuthService com.alibaba.nacos.client.auth.ram.RamClientAuthServiceImpl success.
2024-07-05T10:16:10.179+08:00  INFO 32096 --- [user-service] [main] c.a.n.c.c.impl.LocalConfigInfoProcessor  : LOCAL_SNAPSHOT_PATH:C:\Users\liang\nacos\config
2024-07-05T10:16:10.186+08:00  INFO 32096 --- [user-service] [main] com.alibaba.nacos.common.remote.client   : [RpcClientFactory] create a new rpc client of dc346054-3363-4c2c-9951-45f0c1627b7e_config-0
2024-07-05T10:16:10.211+08:00  INFO 32096 --- [user-service] [main] com.alibaba.nacos.common.remote.client   : [dc346054-3363-4c2c-9951-45f0c1627b7e_config-0] Register server push request handler:com.alibaba.nacos.client.config.impl.ClientWorker$ConfigRpcTransportClient$$Lambda/0x0000018484311e98
2024-07-05T10:16:10.213+08:00  INFO 32096 --- [user-service] [main] com.alibaba.nacos.common.remote.client   : [dc346054-3363-4c2c-9951-45f0c1627b7e_config-0] Register server push request handler:com.alibaba.nacos.client.config.impl.ClientWorker$ConfigRpcTransportClient$$Lambda/0x00000184843122b8
2024-07-05T10:16:10.213+08:00  INFO 32096 --- [user-service] [main] com.alibaba.nacos.common.remote.client   : [dc346054-3363-4c2c-9951-45f0c1627b7e_config-0] Registry connection listener to current client:com.alibaba.nacos.client.config.impl.ClientWorker$ConfigRpcTransportClient$1
2024-07-05T10:16:10.215+08:00  INFO 32096 --- [user-service] [main] com.alibaba.nacos.common.remote.client   : [dc346054-3363-4c2c-9951-45f0c1627b7e_config-0] RpcClient init, ServerListFactory = com.alibaba.nacos.client.config.impl.ClientWorker$ConfigRpcTransportClient$2
2024-07-05T10:16:10.223+08:00  INFO 32096 --- [user-service] [main] com.alibaba.nacos.common.remote.client   : [dc346054-3363-4c2c-9951-45f0c1627b7e_config-0] Try to connect to server on start up, server: {serverIp = '127.0.0.1', server main port = 8848}
2024-07-05T10:16:10.273+08:00  INFO 32096 --- [user-service] [main] c.a.n.c.remote.client.grpc.GrpcClient    : grpc client connection server:127.0.0.1 ip,serverPort:9848,grpcTslConfig:{"sslProvider":"","enableTls":false,"mutualAuthEnable":false,"trustAll":false}
2024-07-05T10:16:11.035+08:00  INFO 32096 --- [user-service] [main] c.a.n.c.a.AbstractAbilityControlManager  : Ready to get current node abilities...
2024-07-05T10:16:11.037+08:00  INFO 32096 --- [user-service] [main] c.a.n.c.a.AbstractAbilityControlManager  : Ready to initialize current node abilities, support modes: [SDK_CLIENT]
2024-07-05T10:16:11.038+08:00  INFO 32096 --- [user-service] [main] c.a.n.c.a.AbstractAbilityControlManager  : Initialize current abilities finish...
2024-07-05T10:16:11.039+08:00  INFO 32096 --- [user-service] [main] c.a.n.c.a.d.NacosAbilityManagerHolder    : [AbilityControlManager] Successfully initialize AbilityControlManager
2024-07-05T10:16:11.065+08:00  INFO 32096 --- [user-service] [main] com.alibaba.nacos.common.remote.client   : [dc346054-3363-4c2c-9951-45f0c1627b7e_config-0] Success to connect to server [127.0.0.1:8848] on start up, connectionId = 1720145770926_127.0.0.1_56342
2024-07-05T10:16:11.066+08:00  INFO 32096 --- [user-service] [com.alibaba.nacos.client.remote.worker.0] com.alibaba.nacos.common.remote.client   : [dc346054-3363-4c2c-9951-45f0c1627b7e_config-0] Notify connected event to listeners.
2024-07-05T10:16:11.066+08:00  INFO 32096 --- [user-service] [main] com.alibaba.nacos.common.remote.client   : [dc346054-3363-4c2c-9951-45f0c1627b7e_config-0] Register server push request handler:com.alibaba.nacos.common.remote.client.RpcClient$ConnectResetRequestHandler
2024-07-05T10:16:11.066+08:00  INFO 32096 --- [user-service] [com.alibaba.nacos.client.remote.worker.0] c.a.n.client.config.impl.ClientWorker    : [dc346054-3363-4c2c-9951-45f0c1627b7e_config-0] Connected,notify listen context...
2024-07-05T10:16:11.066+08:00  INFO 32096 --- [user-service] [main] com.alibaba.nacos.common.remote.client   : [dc346054-3363-4c2c-9951-45f0c1627b7e_config-0] Register server push request handler:com.alibaba.nacos.common.remote.client.RpcClient$$Lambda/0x00000184844a6688
2024-07-05T10:16:11.125+08:00  INFO 32096 --- [user-service] [main] c.a.nacos.client.config.impl.Limiter     : limitTime:5.0
2024-07-05T10:16:11.147+08:00  WARN 32096 --- [user-service] [main] c.a.c.n.c.NacosPropertySourceBuilder     : Ignore the empty nacos configuration and get it based on dataId[user-service] & group[DEFAULT_GROUP]
2024-07-05T10:16:11.157+08:00  INFO 32096 --- [user-service] [main] c.a.nacos.client.config.utils.JvmUtil    : isMultiInstance:false
2024-07-05T10:16:11.198+08:00  INFO 32096 --- [user-service] [main] b.c.PropertySourceBootstrapConfiguration : Located property source: [BootstrapPropertySource {name='bootstrapProperties-user-service.yaml,DEFAULT_GROUP'}, BootstrapPropertySource {name='bootstrapProperties-user-service,DEFAULT_GROUP'}]
2024-07-05T10:16:11.217+08:00  INFO 32096 --- [user-service] [main] o.e.userservice.UserServiceApplication   : No active profile set, falling back to 1 default profile: "default"
2024-07-05T10:16:11.922+08:00  INFO 32096 --- [user-service] [main] .s.d.r.c.RepositoryConfigurationDelegate : Bootstrapping Spring Data JPA repositories in DEFAULT mode.
2024-07-05T10:16:12.065+08:00  INFO 32096 --- [user-service] [main] .s.d.r.c.RepositoryConfigurationDelegate : Finished Spring Data repository scanning in 136 ms. Found 1 JPA repository interface.
2024-07-05T10:16:12.331+08:00  INFO 32096 --- [user-service] [main] o.s.cloud.context.scope.GenericScope     : BeanFactory id=40039b12-762c-3674-9283-b7bc8b6356de
2024-07-05T10:16:12.436+08:00  WARN 32096 --- [user-service] [main] trationDelegate$BeanPostProcessorChecker : Bean 'org.springframework.cloud.client.loadbalancer.LoadBalancerAutoConfiguration$DeferringLoadBalancerInterceptorConfig' of type [org.springframework.cloud.client.loadbalancer.LoadBalancerAutoConfiguration$DeferringLoadBalancerInterceptorConfig] is not eligible for getting processed by all BeanPostProcessors (for example: not eligible for auto-proxying). The currently created BeanPostProcessor [lbRestClientPostProcessor] is declared through a non-static factory method on that class; consider declaring it as static instead.
2024-07-05T10:16:12.438+08:00  WARN 32096 --- [user-service] [main] trationDelegate$BeanPostProcessorChecker : Bean 'deferringLoadBalancerInterceptor' of type [org.springframework.cloud.client.loadbalancer.DeferringLoadBalancerInterceptor] is not eligible for getting processed by all BeanPostProcessors (for example: not eligible for auto-proxying). Is this bean getting eagerly injected into a currently created BeanPostProcessor [lbRestClientPostProcessor]? Check the corresponding BeanPostProcessor declaration and its dependencies.
2024-07-05T10:16:12.646+08:00  INFO 32096 --- [user-service] [main] o.s.b.w.embedded.tomcat.TomcatWebServer  : Tomcat initialized with port 8082 (http)
2024-07-05T10:16:12.659+08:00  INFO 32096 --- [user-service] [main] o.apache.catalina.core.StandardService   : Starting service [Tomcat]
2024-07-05T10:16:12.660+08:00  INFO 32096 --- [user-service] [main] o.apache.catalina.core.StandardEngine    : Starting Servlet engine: [Apache Tomcat/10.1.25]
2024-07-05T10:16:12.754+08:00  INFO 32096 --- [user-service] [main] o.a.c.c.C.[Tomcat].[localhost].[/]       : Initializing Spring embedded WebApplicationContext
2024-07-05T10:16:12.755+08:00  INFO 32096 --- [user-service] [main] w.s.c.ServletWebServerApplicationContext : Root WebApplicationContext: initialization completed in 1519 ms
2024-07-05T10:16:12.897+08:00  INFO 32096 --- [user-service] [main] com.zaxxer.hikari.HikariDataSource       : HikariPool-1 - Starting...
2024-07-05T10:16:13.051+08:00  INFO 32096 --- [user-service] [main] com.zaxxer.hikari.pool.HikariPool        : HikariPool-1 - Added connection com.mysql.cj.jdbc.ConnectionImpl@55fe9c2f
2024-07-05T10:16:13.053+08:00  INFO 32096 --- [user-service] [main] com.zaxxer.hikari.HikariDataSource       : HikariPool-1 - Start completed.
2024-07-05T10:16:13.090+08:00  INFO 32096 --- [user-service] [main] o.hibernate.jpa.internal.util.LogHelper  : HHH000204: Processing PersistenceUnitInfo [name: default]
2024-07-05T10:16:13.145+08:00  INFO 32096 --- [user-service] [main] org.hibernate.Version                    : HHH000412: Hibernate ORM core version 6.5.2.Final
2024-07-05T10:16:13.178+08:00  INFO 32096 --- [user-service] [main] o.h.c.internal.RegionFactoryInitiator    : HHH000026: Second-level cache disabled
2024-07-05T10:16:13.480+08:00  INFO 32096 --- [user-service] [main] o.s.o.j.p.SpringPersistenceUnitInfo      : No LoadTimeWeaver setup: ignoring JPA class transformer
2024-07-05T10:16:14.525+08:00  INFO 32096 --- [user-service] [main] o.h.e.t.j.p.i.JtaPlatformInitiator       : HHH000489: No JTA platform available (set 'hibernate.transaction.jta.platform' to enable JTA platform integration)
2024-07-05T10:16:14.529+08:00  INFO 32096 --- [user-service] [main] j.LocalContainerEntityManagerFactoryBean : Initialized JPA EntityManagerFactory for persistence unit 'default'
2024-07-05T10:16:14.944+08:00  WARN 32096 --- [user-service] [main] JpaBaseConfiguration$JpaWebConfiguration : spring.jpa.open-in-view is enabled by default. Therefore, database queries may be performed during view rendering. Explicitly configure spring.jpa.open-in-view to disable this warning
2024-07-05T10:16:14.962+08:00  WARN 32096 --- [user-service] [main] .s.s.UserDetailsServiceAutoConfiguration : 

Using generated security password: e51d8593-f824-4dc0-ae67-1f752f16aecc

This generated password is for development use only. Your security configuration must be updated before running your application in production.

2024-07-05T10:16:14.969+08:00  INFO 32096 --- [user-service] [main] r$InitializeUserDetailsManagerConfigurer : Global AuthenticationManager configured with UserDetailsService bean with name inMemoryUserDetailsManager
2024-07-05T10:16:15.517+08:00  WARN 32096 --- [user-service] [main] iguration$LoadBalancerCaffeineWarnLogger : Spring Cloud LoadBalancer is currently working with the default cache. While this cache implementation is useful for development and tests, it's recommended to use Caffeine cache in production.You can switch to using Caffeine cache, by adding it and org.springframework.cache.caffeine.CaffeineCacheManager to the classpath.
2024-07-05T10:16:15.829+08:00  INFO 32096 --- [user-service] [main] o.s.b.w.embedded.tomcat.TomcatWebServer  : Tomcat started on port 8082 (http) with context path '/'
2024-07-05T10:16:15.836+08:00  INFO 32096 --- [user-service] [main] com.alibaba.nacos.client.naming          : initializer namespace from ans.namespace attribute : null
2024-07-05T10:16:15.836+08:00  INFO 32096 --- [user-service] [main] com.alibaba.nacos.client.naming          : initializer namespace from ALIBABA_ALIWARE_NAMESPACE attribute :null
2024-07-05T10:16:15.837+08:00  INFO 32096 --- [user-service] [main] com.alibaba.nacos.client.naming          : initializer namespace from namespace attribute :null
2024-07-05T10:16:15.845+08:00  INFO 32096 --- [user-service] [main] com.alibaba.nacos.client.naming          : FailoverDataSource type is class com.alibaba.nacos.client.naming.backups.datasource.DiskFailoverDataSource
2024-07-05T10:16:15.851+08:00  INFO 32096 --- [user-service] [main] c.a.n.p.a.s.c.ClientAuthPluginManager    : [ClientAuthPluginManager] Load ClientAuthService com.alibaba.nacos.client.auth.impl.NacosClientAuthServiceImpl success.
2024-07-05T10:16:15.851+08:00  INFO 32096 --- [user-service] [main] c.a.n.p.a.s.c.ClientAuthPluginManager    : [ClientAuthPluginManager] Load ClientAuthService com.alibaba.nacos.client.auth.ram.RamClientAuthServiceImpl success.
2024-07-05T10:16:15.857+08:00  INFO 32096 --- [user-service] [main] com.alibaba.nacos.common.remote.client   : [RpcClientFactory] create a new rpc client of 37cfd6c0-baac-4b02-89a8-a139f0418b52
2024-07-05T10:16:15.859+08:00  INFO 32096 --- [user-service] [main] com.alibaba.nacos.client.naming          : Create naming rpc client for uuid->37cfd6c0-baac-4b02-89a8-a139f0418b52
2024-07-05T10:16:15.859+08:00  INFO 32096 --- [user-service] [main] com.alibaba.nacos.common.remote.client   : [37cfd6c0-baac-4b02-89a8-a139f0418b52] RpcClient init, ServerListFactory = com.alibaba.nacos.client.naming.core.ServerListManager
2024-07-05T10:16:15.859+08:00  INFO 32096 --- [user-service] [main] com.alibaba.nacos.common.remote.client   : [37cfd6c0-baac-4b02-89a8-a139f0418b52] Registry connection listener to current client:com.alibaba.nacos.client.naming.remote.gprc.redo.NamingGrpcRedoService
2024-07-05T10:16:15.860+08:00  INFO 32096 --- [user-service] [main] com.alibaba.nacos.common.remote.client   : [37cfd6c0-baac-4b02-89a8-a139f0418b52] Register server push request handler:com.alibaba.nacos.client.naming.remote.gprc.NamingPushRequestHandler
2024-07-05T10:16:15.860+08:00  INFO 32096 --- [user-service] [main] com.alibaba.nacos.common.remote.client   : [37cfd6c0-baac-4b02-89a8-a139f0418b52] Try to connect to server on start up, server: {serverIp = 'localhost', server main port = 8848}
2024-07-05T10:16:15.861+08:00  INFO 32096 --- [user-service] [main] c.a.n.c.remote.client.grpc.GrpcClient    : grpc client connection server:localhost ip,serverPort:9848,grpcTslConfig:{"sslProvider":"","enableTls":false,"mutualAuthEnable":false,"trustAll":false}
2024-07-05T10:16:15.881+08:00  INFO 32096 --- [user-service] [main] com.alibaba.nacos.common.remote.client   : [37cfd6c0-baac-4b02-89a8-a139f0418b52] Success to connect to server [localhost:8848] on start up, connectionId = 1720145775867_127.0.0.1_56360
2024-07-05T10:16:15.882+08:00  INFO 32096 --- [user-service] [main] com.alibaba.nacos.common.remote.client   : [37cfd6c0-baac-4b02-89a8-a139f0418b52] Register server push request handler:com.alibaba.nacos.common.remote.client.RpcClient$ConnectResetRequestHandler
2024-07-05T10:16:15.882+08:00  INFO 32096 --- [user-service] [com.alibaba.nacos.client.remote.worker.0] com.alibaba.nacos.common.remote.client   : [37cfd6c0-baac-4b02-89a8-a139f0418b52] Notify connected event to listeners.
2024-07-05T10:16:15.882+08:00  INFO 32096 --- [user-service] [main] com.alibaba.nacos.common.remote.client   : [37cfd6c0-baac-4b02-89a8-a139f0418b52] Register server push request handler:com.alibaba.nacos.common.remote.client.RpcClient$$Lambda/0x00000184844a6688
2024-07-05T10:16:15.882+08:00  INFO 32096 --- [user-service] [com.alibaba.nacos.client.remote.worker.0] com.alibaba.nacos.client.naming          : Grpc connection connect
2024-07-05T10:16:15.883+08:00  INFO 32096 --- [user-service] [main] com.alibaba.nacos.client.naming          : [REGISTER-SERVICE] public registering service user-service with instance Instance{instanceId='null', ip='2.0.0.1', port=8082, weight=1.0, healthy=true, enabled=true, ephemeral=true, clusterName='DEFAULT', serviceName='null', metadata={IPv6=[2403:d400:1000:12:c8d7:7648:f170:ea1a], preserved.register.source=SPRING_CLOUD}}
2024-07-05T10:16:15.902+08:00  INFO 32096 --- [user-service] [main] c.a.c.n.registry.NacosServiceRegistry    : nacos registry, DEFAULT_GROUP user-service 2.0.0.1:8082 register finished
2024-07-05T10:16:15.969+08:00  INFO 32096 --- [user-service] [main] o.s.c.openfeign.FeignClientFactoryBean   : For 'gateway' URL not provided. Will try picking an instance via load-balancing.
2024-07-05T10:16:15.998+08:00  INFO 32096 --- [user-service] [main] o.e.userservice.UserServiceApplication   : Started UserServiceApplication in 7.361 seconds (process running for 8.662)
2024-07-05T10:16:16.003+08:00  INFO 32096 --- [user-service] [main] c.a.nacos.client.config.impl.CacheData   : config listener notify warn timeout millis use default 60000 millis 
2024-07-05T10:16:16.004+08:00  INFO 32096 --- [user-service] [main] c.a.nacos.client.config.impl.CacheData   : nacos.cache.data.init.snapshot = true 
2024-07-05T10:16:16.008+08:00  INFO 32096 --- [user-service] [main] c.a.n.client.config.impl.ClientWorker    : [fixed-127.0.0.1_8848] [subscribe] user-service.yaml+DEFAULT_GROUP
2024-07-05T10:16:16.021+08:00  INFO 32096 --- [user-service] [main] c.a.nacos.client.config.impl.CacheData   : [fixed-127.0.0.1_8848] [add-listener] ok, tenant=, dataId=user-service.yaml, group=DEFAULT_GROUP, cnt=1
2024-07-05T10:16:16.021+08:00  INFO 32096 --- [user-service] [main] c.a.c.n.refresh.NacosContextRefresher    : [Nacos Config] Listening config: dataId=user-service.yaml, group=DEFAULT_GROUP
2024-07-05T10:16:16.022+08:00  INFO 32096 --- [user-service] [main] c.a.n.client.config.impl.ClientWorker    : [fixed-127.0.0.1_8848] [subscribe] user-service+DEFAULT_GROUP
2024-07-05T10:16:16.022+08:00  INFO 32096 --- [user-service] [main] c.a.nacos.client.config.impl.CacheData   : [fixed-127.0.0.1_8848] [add-listener] ok, tenant=, dataId=user-service, group=DEFAULT_GROUP, cnt=1
2024-07-05T10:16:16.022+08:00  INFO 32096 --- [user-service] [main] c.a.c.n.refresh.NacosContextRefresher    : [Nacos Config] Listening config: dataId=user-service, group=DEFAULT_GROUP
